LatentDiffusion: Running in eps-prediction mode
DiffusionWrapper has 859.52 M params.
making attention of type 'vanilla' with 512 in_channels
Working with z of shape (1, 4, 32, 32) = 4096 dimensions.
making attention of type 'vanilla' with 512 in_channels
Restored from /work3/s203557/checkpoints/v1-5-pruned-emaonly.ckpt with 0 missing and 199 unexpected keys
Unexpected Keys: ['model_ema.decay', 'model_ema.num_updates', 'cond_stage_model.transformer.text_model.embeddings.position_ids', 'cond_stage_model.transformer.text_model.embeddings.token_embedding.weight', 'cond_stage_model.transformer.text_model.embeddings.position_embedding.weight', 'cond_stage_model.transformer.text_model.encoder.layers.0.self_attn.k_proj.weight', 'cond_stage_model.transformer.text_model.encoder.layers.0.self_attn.k_proj.bias', 'cond_stage_model.transformer.text_model.encoder.layers.0.self_attn.v_proj.weight', 'cond_stage_model.transformer.text_model.encoder.layers.0.self_attn.v_proj.bias', 'cond_stage_model.transformer.text_model.encoder.layers.0.self_attn.q_proj.weight', 'cond_stage_model.transformer.text_model.encoder.layers.0.self_attn.q_proj.bias', 'cond_stage_model.transformer.text_model.encoder.layers.0.self_attn.out_proj.weight', 'cond_stage_model.transformer.text_model.encoder.layers.0.self_attn.out_proj.bias', 'cond_stage_model.transformer.text_model.encoder.layers.0.layer_norm1.weight', 'cond_stage_model.transformer.text_model.encoder.layers.0.layer_norm1.bias', 'cond_stage_model.transformer.text_model.encoder.layers.0.mlp.fc1.weight', 'cond_stage_model.transformer.text_model.encoder.layers.0.mlp.fc1.bias', 'cond_stage_model.transformer.text_model.encoder.layers.0.mlp.fc2.weight', 'cond_stage_model.transformer.text_model.encoder.layers.0.mlp.fc2.bias', 'cond_stage_model.transformer.text_model.encoder.layers.0.layer_norm2.weight', 'cond_stage_model.transformer.text_model.encoder.layers.0.layer_norm2.bias', 'cond_stage_model.transformer.text_model.encoder.layers.1.self_attn.k_proj.weight', 'cond_stage_model.transformer.text_model.encoder.layers.1.self_attn.k_proj.bias', 'cond_stage_model.transformer.text_model.encoder.layers.1.self_attn.v_proj.weight', 'cond_stage_model.transformer.text_model.encoder.layers.1.self_attn.v_proj.bias', 'cond_stage_model.transformer.text_model.encoder.layers.1.self_attn.q_proj.weight', 'cond_stage_model.transformer.text_model.encoder.layers.1.self_attn.q_proj.bias', 'cond_stage_model.transformer.text_model.encoder.layers.1.self_attn.out_proj.weight', 'cond_stage_model.transformer.text_model.encoder.layers.1.self_attn.out_proj.bias', 'cond_stage_model.transformer.text_model.encoder.layers.1.layer_norm1.weight', 'cond_stage_model.transformer.text_model.encoder.layers.1.layer_norm1.bias', 'cond_stage_model.transformer.text_model.encoder.layers.1.mlp.fc1.weight', 'cond_stage_model.transformer.text_model.encoder.layers.1.mlp.fc1.bias', 'cond_stage_model.transformer.text_model.encoder.layers.1.mlp.fc2.weight', 'cond_stage_model.transformer.text_model.encoder.layers.1.mlp.fc2.bias', 'cond_stage_model.transformer.text_model.encoder.layers.1.layer_norm2.weight', 'cond_stage_model.transformer.text_model.encoder.layers.1.layer_norm2.bias', 'cond_stage_model.transformer.text_model.encoder.layers.2.self_attn.k_proj.weight', 'cond_stage_model.transformer.text_model.encoder.layers.2.self_attn.k_proj.bias', 'cond_stage_model.transformer.text_model.encoder.layers.2.self_attn.v_proj.weight', 'cond_stage_model.transformer.text_model.encoder.layers.2.self_attn.v_proj.bias', 'cond_stage_model.transformer.text_model.encoder.layers.2.self_attn.q_proj.weight', 'cond_stage_model.transformer.text_model.encoder.layers.2.self_attn.q_proj.bias', 'cond_stage_model.transformer.text_model.encoder.layers.2.self_attn.out_proj.weight', 'cond_stage_model.transformer.text_model.encoder.layers.2.self_attn.out_proj.bias', 'cond_stage_model.transformer.text_model.encoder.layers.2.layer_norm1.weight', 'cond_stage_model.transformer.text_model.encoder.layers.2.layer_norm1.bias', 'cond_stage_model.transformer.text_model.encoder.layers.2.mlp.fc1.weight', 'cond_stage_model.transformer.text_model.encoder.layers.2.mlp.fc1.bias', 'cond_stage_model.transformer.text_model.encoder.layers.2.mlp.fc2.weight', 'cond_stage_model.transformer.text_model.encoder.layers.2.mlp.fc2.bias', 'cond_stage_model.transformer.text_model.encoder.layers.2.layer_norm2.weight', 'cond_stage_model.transformer.text_model.encoder.layers.2.layer_norm2.bias', 'cond_stage_model.transformer.text_model.encoder.layers.3.self_attn.k_proj.weight', 'cond_stage_model.transformer.text_model.encoder.layers.3.self_attn.k_proj.bias', 'cond_stage_model.transformer.text_model.encoder.layers.3.self_attn.v_proj.weight', 'cond_stage_model.transformer.text_model.encoder.layers.3.self_attn.v_proj.bias', 'cond_stage_model.transformer.text_model.encoder.layers.3.self_attn.q_proj.weight', 'cond_stage_model.transformer.text_model.encoder.layers.3.self_attn.q_proj.bias', 'cond_stage_model.transformer.text_model.encoder.layers.3.self_attn.out_proj.weight', 'cond_stage_model.transformer.text_model.encoder.layers.3.self_attn.out_proj.bias', 'cond_stage_model.transformer.text_model.encoder.layers.3.layer_norm1.weight', 'cond_stage_model.transformer.text_model.encoder.layers.3.layer_norm1.bias', 'cond_stage_model.transformer.text_model.encoder.layers.3.mlp.fc1.weight', 'cond_stage_model.transformer.text_model.encoder.layers.3.mlp.fc1.bias', 'cond_stage_model.transformer.text_model.encoder.layers.3.mlp.fc2.weight', 'cond_stage_model.transformer.text_model.encoder.layers.3.mlp.fc2.bias', 'cond_stage_model.transformer.text_model.encoder.layers.3.layer_norm2.weight', 'cond_stage_model.transformer.text_model.encoder.layers.3.layer_norm2.bias', 'cond_stage_model.transformer.text_model.encoder.layers.4.self_attn.k_proj.weight', 'cond_stage_model.transformer.text_model.encoder.layers.4.self_attn.k_proj.bias', 'cond_stage_model.transformer.text_model.encoder.layers.4.self_attn.v_proj.weight', 'cond_stage_model.transformer.text_model.encoder.layers.4.self_attn.v_proj.bias', 'cond_stage_model.transformer.text_model.encoder.layers.4.self_attn.q_proj.weight', 'cond_stage_model.transformer.text_model.encoder.layers.4.self_attn.q_proj.bias', 'cond_stage_model.transformer.text_model.encoder.layers.4.self_attn.out_proj.weight', 'cond_stage_model.transformer.text_model.encoder.layers.4.self_attn.out_proj.bias', 'cond_stage_model.transformer.text_model.encoder.layers.4.layer_norm1.weight', 'cond_stage_model.transformer.text_model.encoder.layers.4.layer_norm1.bias', 'cond_stage_model.transformer.text_model.encoder.layers.4.mlp.fc1.weight', 'cond_stage_model.transformer.text_model.encoder.layers.4.mlp.fc1.bias', 'cond_stage_model.transformer.text_model.encoder.layers.4.mlp.fc2.weight', 'cond_stage_model.transformer.text_model.encoder.layers.4.mlp.fc2.bias', 'cond_stage_model.transformer.text_model.encoder.layers.4.layer_norm2.weight', 'cond_stage_model.transformer.text_model.encoder.layers.4.layer_norm2.bias', 'cond_stage_model.transformer.text_model.encoder.layers.5.self_attn.k_proj.weight', 'cond_stage_model.transformer.text_model.encoder.layers.5.self_attn.k_proj.bias', 'cond_stage_model.transformer.text_model.encoder.layers.5.self_attn.v_proj.weight', 'cond_stage_model.transformer.text_model.encoder.layers.5.self_attn.v_proj.bias', 'cond_stage_model.transformer.text_model.encoder.layers.5.self_attn.q_proj.weight', 'cond_stage_model.transformer.text_model.encoder.layers.5.self_attn.q_proj.bias', 'cond_stage_model.transformer.text_model.encoder.layers.5.self_attn.out_proj.weight', 'cond_stage_model.transformer.text_model.encoder.layers.5.self_attn.out_proj.bias', 'cond_stage_model.transformer.text_model.encoder.layers.5.layer_norm1.weight', 'cond_stage_model.transformer.text_model.encoder.layers.5.layer_norm1.bias', 'cond_stage_model.transformer.text_model.encoder.layers.5.mlp.fc1.weight', 'cond_stage_model.transformer.text_model.encoder.layers.5.mlp.fc1.bias', 'cond_stage_model.transformer.text_model.encoder.layers.5.mlp.fc2.weight', 'cond_stage_model.transformer.text_model.encoder.layers.5.mlp.fc2.bias', 'cond_stage_model.transformer.text_model.encoder.layers.5.layer_norm2.weight', 'cond_stage_model.transformer.text_model.encoder.layers.5.layer_norm2.bias', 'cond_stage_model.transformer.text_model.encoder.layers.6.self_attn.k_proj.weight', 'cond_stage_model.transformer.text_model.encoder.layers.6.self_attn.k_proj.bias', 'cond_stage_model.transformer.text_model.encoder.layers.6.self_attn.v_proj.weight', 'cond_stage_model.transformer.text_model.encoder.layers.6.self_attn.v_proj.bias', 'cond_stage_model.transformer.text_model.encoder.layers.6.self_attn.q_proj.weight', 'cond_stage_model.transformer.text_model.encoder.layers.6.self_attn.q_proj.bias', 'cond_stage_model.transformer.text_model.encoder.layers.6.self_attn.out_proj.weight', 'cond_stage_model.transformer.text_model.encoder.layers.6.self_attn.out_proj.bias', 'cond_stage_model.transformer.text_model.encoder.layers.6.layer_norm1.weight', 'cond_stage_model.transformer.text_model.encoder.layers.6.layer_norm1.bias', 'cond_stage_model.transformer.text_model.encoder.layers.6.mlp.fc1.weight', 'cond_stage_model.transformer.text_model.encoder.layers.6.mlp.fc1.bias', 'cond_stage_model.transformer.text_model.encoder.layers.6.mlp.fc2.weight', 'cond_stage_model.transformer.text_model.encoder.layers.6.mlp.fc2.bias', 'cond_stage_model.transformer.text_model.encoder.layers.6.layer_norm2.weight', 'cond_stage_model.transformer.text_model.encoder.layers.6.layer_norm2.bias', 'cond_stage_model.transformer.text_model.encoder.layers.7.self_attn.k_proj.weight', 'cond_stage_model.transformer.text_model.encoder.layers.7.self_attn.k_proj.bias', 'cond_stage_model.transformer.text_model.encoder.layers.7.self_attn.v_proj.weight', 'cond_stage_model.transformer.text_model.encoder.layers.7.self_attn.v_proj.bias', 'cond_stage_model.transformer.text_model.encoder.layers.7.self_attn.q_proj.weight', 'cond_stage_model.transformer.text_model.encoder.layers.7.self_attn.q_proj.bias', 'cond_stage_model.transformer.text_model.encoder.layers.7.self_attn.out_proj.weight', 'cond_stage_model.transformer.text_model.encoder.layers.7.self_attn.out_proj.bias', 'cond_stage_model.transformer.text_model.encoder.layers.7.layer_norm1.weight', 'cond_stage_model.transformer.text_model.encoder.layers.7.layer_norm1.bias', 'cond_stage_model.transformer.text_model.encoder.layers.7.mlp.fc1.weight', 'cond_stage_model.transformer.text_model.encoder.layers.7.mlp.fc1.bias', 'cond_stage_model.transformer.text_model.encoder.layers.7.mlp.fc2.weight', 'cond_stage_model.transformer.text_model.encoder.layers.7.mlp.fc2.bias', 'cond_stage_model.transformer.text_model.encoder.layers.7.layer_norm2.weight', 'cond_stage_model.transformer.text_model.encoder.layers.7.layer_norm2.bias', 'cond_stage_model.transformer.text_model.encoder.layers.8.self_attn.k_proj.weight', 'cond_stage_model.transformer.text_model.encoder.layers.8.self_attn.k_proj.bias', 'cond_stage_model.transformer.text_model.encoder.layers.8.self_attn.v_proj.weight', 'cond_stage_model.transformer.text_model.encoder.layers.8.self_attn.v_proj.bias', 'cond_stage_model.transformer.text_model.encoder.layers.8.self_attn.q_proj.weight', 'cond_stage_model.transformer.text_model.encoder.layers.8.self_attn.q_proj.bias', 'cond_stage_model.transformer.text_model.encoder.layers.8.self_attn.out_proj.weight', 'cond_stage_model.transformer.text_model.encoder.layers.8.self_attn.out_proj.bias', 'cond_stage_model.transformer.text_model.encoder.layers.8.layer_norm1.weight', 'cond_stage_model.transformer.text_model.encoder.layers.8.layer_norm1.bias', 'cond_stage_model.transformer.text_model.encoder.layers.8.mlp.fc1.weight', 'cond_stage_model.transformer.text_model.encoder.layers.8.mlp.fc1.bias', 'cond_stage_model.transformer.text_model.encoder.layers.8.mlp.fc2.weight', 'cond_stage_model.transformer.text_model.encoder.layers.8.mlp.fc2.bias', 'cond_stage_model.transformer.text_model.encoder.layers.8.layer_norm2.weight', 'cond_stage_model.transformer.text_model.encoder.layers.8.layer_norm2.bias', 'cond_stage_model.transformer.text_model.encoder.layers.9.self_attn.k_proj.weight', 'cond_stage_model.transformer.text_model.encoder.layers.9.self_attn.k_proj.bias', 'cond_stage_model.transformer.text_model.encoder.layers.9.self_attn.v_proj.weight', 'cond_stage_model.transformer.text_model.encoder.layers.9.self_attn.v_proj.bias', 'cond_stage_model.transformer.text_model.encoder.layers.9.self_attn.q_proj.weight', 'cond_stage_model.transformer.text_model.encoder.layers.9.self_attn.q_proj.bias', 'cond_stage_model.transformer.text_model.encoder.layers.9.self_attn.out_proj.weight', 'cond_stage_model.transformer.text_model.encoder.layers.9.self_attn.out_proj.bias', 'cond_stage_model.transformer.text_model.encoder.layers.9.layer_norm1.weight', 'cond_stage_model.transformer.text_model.encoder.layers.9.layer_norm1.bias', 'cond_stage_model.transformer.text_model.encoder.layers.9.mlp.fc1.weight', 'cond_stage_model.transformer.text_model.encoder.layers.9.mlp.fc1.bias', 'cond_stage_model.transformer.text_model.encoder.layers.9.mlp.fc2.weight', 'cond_stage_model.transformer.text_model.encoder.layers.9.mlp.fc2.bias', 'cond_stage_model.transformer.text_model.encoder.layers.9.layer_norm2.weight', 'cond_stage_model.transformer.text_model.encoder.layers.9.layer_norm2.bias', 'cond_stage_model.transformer.text_model.encoder.layers.10.self_attn.k_proj.weight', 'cond_stage_model.transformer.text_model.encoder.layers.10.self_attn.k_proj.bias', 'cond_stage_model.transformer.text_model.encoder.layers.10.self_attn.v_proj.weight', 'cond_stage_model.transformer.text_model.encoder.layers.10.self_attn.v_proj.bias', 'cond_stage_model.transformer.text_model.encoder.layers.10.self_attn.q_proj.weight', 'cond_stage_model.transformer.text_model.encoder.layers.10.self_attn.q_proj.bias', 'cond_stage_model.transformer.text_model.encoder.layers.10.self_attn.out_proj.weight', 'cond_stage_model.transformer.text_model.encoder.layers.10.self_attn.out_proj.bias', 'cond_stage_model.transformer.text_model.encoder.layers.10.layer_norm1.weight', 'cond_stage_model.transformer.text_model.encoder.layers.10.layer_norm1.bias', 'cond_stage_model.transformer.text_model.encoder.layers.10.mlp.fc1.weight', 'cond_stage_model.transformer.text_model.encoder.layers.10.mlp.fc1.bias', 'cond_stage_model.transformer.text_model.encoder.layers.10.mlp.fc2.weight', 'cond_stage_model.transformer.text_model.encoder.layers.10.mlp.fc2.bias', 'cond_stage_model.transformer.text_model.encoder.layers.10.layer_norm2.weight', 'cond_stage_model.transformer.text_model.encoder.layers.10.layer_norm2.bias', 'cond_stage_model.transformer.text_model.encoder.layers.11.self_attn.k_proj.weight', 'cond_stage_model.transformer.text_model.encoder.layers.11.self_attn.k_proj.bias', 'cond_stage_model.transformer.text_model.encoder.layers.11.self_attn.v_proj.weight', 'cond_stage_model.transformer.text_model.encoder.layers.11.self_attn.v_proj.bias', 'cond_stage_model.transformer.text_model.encoder.layers.11.self_attn.q_proj.weight', 'cond_stage_model.transformer.text_model.encoder.layers.11.self_attn.q_proj.bias', 'cond_stage_model.transformer.text_model.encoder.layers.11.self_attn.out_proj.weight', 'cond_stage_model.transformer.text_model.encoder.layers.11.self_attn.out_proj.bias', 'cond_stage_model.transformer.text_model.encoder.layers.11.layer_norm1.weight', 'cond_stage_model.transformer.text_model.encoder.layers.11.layer_norm1.bias', 'cond_stage_model.transformer.text_model.encoder.layers.11.mlp.fc1.weight', 'cond_stage_model.transformer.text_model.encoder.layers.11.mlp.fc1.bias', 'cond_stage_model.transformer.text_model.encoder.layers.11.mlp.fc2.weight', 'cond_stage_model.transformer.text_model.encoder.layers.11.mlp.fc2.bias', 'cond_stage_model.transformer.text_model.encoder.layers.11.layer_norm2.weight', 'cond_stage_model.transformer.text_model.encoder.layers.11.layer_norm2.bias', 'cond_stage_model.transformer.text_model.final_layer_norm.weight', 'cond_stage_model.transformer.text_model.final_layer_norm.bias']
ModuleList(
  (0): ZeroConv2d(320, 320, kernel_size=(1, 1), stride=(1, 1))
  (1): ZeroConv2d(320, 320, kernel_size=(1, 1), stride=(1, 1))
  (2): ZeroConv2d(640, 640, kernel_size=(1, 1), stride=(1, 1))
  (3): ZeroConv2d(640, 640, kernel_size=(1, 1), stride=(1, 1))
  (4): ZeroConv2d(1280, 1280, kernel_size=(1, 1), stride=(1, 1))
  (5): ZeroConv2d(1280, 1280, kernel_size=(1, 1), stride=(1, 1))
)
✅ All ZeroConv layers are correctly zero-initialized.
Trainable parameters:
  unet.trainable_unet.diffusion_model.time_embed.0.weight
  unet.trainable_unet.diffusion_model.time_embed.0.bias
  unet.trainable_unet.diffusion_model.time_embed.2.weight
  unet.trainable_unet.diffusion_model.time_embed.2.bias
  unet.trainable_unet.diffusion_model.input_blocks.0.0.weight
  unet.trainable_unet.diffusion_model.input_blocks.0.0.bias
  unet.trainable_unet.diffusion_model.input_blocks.1.0.in_layers.0.weight
  unet.trainable_unet.diffusion_model.input_blocks.1.0.in_layers.0.bias
  unet.trainable_unet.diffusion_model.input_blocks.1.0.in_layers.2.weight
  unet.trainable_unet.diffusion_model.input_blocks.1.0.in_layers.2.bias
  unet.trainable_unet.diffusion_model.input_blocks.1.0.emb_layers.1.weight
  unet.trainable_unet.diffusion_model.input_blocks.1.0.emb_layers.1.bias
  unet.trainable_unet.diffusion_model.input_blocks.1.0.out_layers.0.weight
  unet.trainable_unet.diffusion_model.input_blocks.1.0.out_layers.0.bias
  unet.trainable_unet.diffusion_model.input_blocks.1.0.out_layers.3.weight
  unet.trainable_unet.diffusion_model.input_blocks.1.0.out_layers.3.bias
  unet.trainable_unet.diffusion_model.input_blocks.1.1.norm.weight
  unet.trainable_unet.diffusion_model.input_blocks.1.1.norm.bias
  unet.trainable_unet.diffusion_model.input_blocks.1.1.proj_in.weight
  unet.trainable_unet.diffusion_model.input_blocks.1.1.proj_in.bias
  unet.trainable_unet.diffusion_model.input_blocks.1.1.transformer_blocks.0.attn1.to_q.weight
  unet.trainable_unet.diffusion_model.input_blocks.1.1.transformer_blocks.0.attn1.to_k.weight
  unet.trainable_unet.diffusion_model.input_blocks.1.1.transformer_blocks.0.attn1.to_v.weight
  unet.trainable_unet.diffusion_model.input_blocks.1.1.transformer_blocks.0.attn1.to_out.0.weight
  unet.trainable_unet.diffusion_model.input_blocks.1.1.transformer_blocks.0.attn1.to_out.0.bias
  unet.trainable_unet.diffusion_model.input_blocks.1.1.transformer_blocks.0.ff.net.0.proj.weight
  unet.trainable_unet.diffusion_model.input_blocks.1.1.transformer_blocks.0.ff.net.0.proj.bias
  unet.trainable_unet.diffusion_model.input_blocks.1.1.transformer_blocks.0.ff.net.2.weight
  unet.trainable_unet.diffusion_model.input_blocks.1.1.transformer_blocks.0.ff.net.2.bias
  unet.trainable_unet.diffusion_model.input_blocks.1.1.transformer_blocks.0.attn2.to_q.weight
  unet.trainable_unet.diffusion_model.input_blocks.1.1.transformer_blocks.0.attn2.to_k.weight
  unet.trainable_unet.diffusion_model.input_blocks.1.1.transformer_blocks.0.attn2.to_v.weight
  unet.trainable_unet.diffusion_model.input_blocks.1.1.transformer_blocks.0.attn2.to_out.0.weight
  unet.trainable_unet.diffusion_model.input_blocks.1.1.transformer_blocks.0.attn2.to_out.0.bias
  unet.trainable_unet.diffusion_model.input_blocks.1.1.transformer_blocks.0.norm1.weight
  unet.trainable_unet.diffusion_model.input_blocks.1.1.transformer_blocks.0.norm1.bias
  unet.trainable_unet.diffusion_model.input_blocks.1.1.transformer_blocks.0.norm2.weight
  unet.trainable_unet.diffusion_model.input_blocks.1.1.transformer_blocks.0.norm2.bias
  unet.trainable_unet.diffusion_model.input_blocks.1.1.transformer_blocks.0.norm3.weight
  unet.trainable_unet.diffusion_model.input_blocks.1.1.transformer_blocks.0.norm3.bias
  unet.trainable_unet.diffusion_model.input_blocks.1.1.proj_out.weight
  unet.trainable_unet.diffusion_model.input_blocks.1.1.proj_out.bias
  unet.trainable_unet.diffusion_model.input_blocks.2.0.in_layers.0.weight
  unet.trainable_unet.diffusion_model.input_blocks.2.0.in_layers.0.bias
  unet.trainable_unet.diffusion_model.input_blocks.2.0.in_layers.2.weight
  unet.trainable_unet.diffusion_model.input_blocks.2.0.in_layers.2.bias
  unet.trainable_unet.diffusion_model.input_blocks.2.0.emb_layers.1.weight
  unet.trainable_unet.diffusion_model.input_blocks.2.0.emb_layers.1.bias
  unet.trainable_unet.diffusion_model.input_blocks.2.0.out_layers.0.weight
  unet.trainable_unet.diffusion_model.input_blocks.2.0.out_layers.0.bias
  unet.trainable_unet.diffusion_model.input_blocks.2.0.out_layers.3.weight
  unet.trainable_unet.diffusion_model.input_blocks.2.0.out_layers.3.bias
  unet.trainable_unet.diffusion_model.input_blocks.2.1.norm.weight
  unet.trainable_unet.diffusion_model.input_blocks.2.1.norm.bias
  unet.trainable_unet.diffusion_model.input_blocks.2.1.proj_in.weight
  unet.trainable_unet.diffusion_model.input_blocks.2.1.proj_in.bias
  unet.trainable_unet.diffusion_model.input_blocks.2.1.transformer_blocks.0.attn1.to_q.weight
  unet.trainable_unet.diffusion_model.input_blocks.2.1.transformer_blocks.0.attn1.to_k.weight
  unet.trainable_unet.diffusion_model.input_blocks.2.1.transformer_blocks.0.attn1.to_v.weight
  unet.trainable_unet.diffusion_model.input_blocks.2.1.transformer_blocks.0.attn1.to_out.0.weight
  unet.trainable_unet.diffusion_model.input_blocks.2.1.transformer_blocks.0.attn1.to_out.0.bias
  unet.trainable_unet.diffusion_model.input_blocks.2.1.transformer_blocks.0.ff.net.0.proj.weight
  unet.trainable_unet.diffusion_model.input_blocks.2.1.transformer_blocks.0.ff.net.0.proj.bias
  unet.trainable_unet.diffusion_model.input_blocks.2.1.transformer_blocks.0.ff.net.2.weight
  unet.trainable_unet.diffusion_model.input_blocks.2.1.transformer_blocks.0.ff.net.2.bias
  unet.trainable_unet.diffusion_model.input_blocks.2.1.transformer_blocks.0.attn2.to_q.weight
  unet.trainable_unet.diffusion_model.input_blocks.2.1.transformer_blocks.0.attn2.to_k.weight
  unet.trainable_unet.diffusion_model.input_blocks.2.1.transformer_blocks.0.attn2.to_v.weight
  unet.trainable_unet.diffusion_model.input_blocks.2.1.transformer_blocks.0.attn2.to_out.0.weight
  unet.trainable_unet.diffusion_model.input_blocks.2.1.transformer_blocks.0.attn2.to_out.0.bias
  unet.trainable_unet.diffusion_model.input_blocks.2.1.transformer_blocks.0.norm1.weight
  unet.trainable_unet.diffusion_model.input_blocks.2.1.transformer_blocks.0.norm1.bias
  unet.trainable_unet.diffusion_model.input_blocks.2.1.transformer_blocks.0.norm2.weight
  unet.trainable_unet.diffusion_model.input_blocks.2.1.transformer_blocks.0.norm2.bias
  unet.trainable_unet.diffusion_model.input_blocks.2.1.transformer_blocks.0.norm3.weight
  unet.trainable_unet.diffusion_model.input_blocks.2.1.transformer_blocks.0.norm3.bias
  unet.trainable_unet.diffusion_model.input_blocks.2.1.proj_out.weight
  unet.trainable_unet.diffusion_model.input_blocks.2.1.proj_out.bias
  unet.trainable_unet.diffusion_model.input_blocks.3.0.op.weight
  unet.trainable_unet.diffusion_model.input_blocks.3.0.op.bias
  unet.trainable_unet.diffusion_model.input_blocks.4.0.in_layers.0.weight
  unet.trainable_unet.diffusion_model.input_blocks.4.0.in_layers.0.bias
  unet.trainable_unet.diffusion_model.input_blocks.4.0.in_layers.2.weight
  unet.trainable_unet.diffusion_model.input_blocks.4.0.in_layers.2.bias
  unet.trainable_unet.diffusion_model.input_blocks.4.0.emb_layers.1.weight
  unet.trainable_unet.diffusion_model.input_blocks.4.0.emb_layers.1.bias
  unet.trainable_unet.diffusion_model.input_blocks.4.0.out_layers.0.weight
  unet.trainable_unet.diffusion_model.input_blocks.4.0.out_layers.0.bias
  unet.trainable_unet.diffusion_model.input_blocks.4.0.out_layers.3.weight
  unet.trainable_unet.diffusion_model.input_blocks.4.0.out_layers.3.bias
  unet.trainable_unet.diffusion_model.input_blocks.4.0.skip_connection.weight
  unet.trainable_unet.diffusion_model.input_blocks.4.0.skip_connection.bias
  unet.trainable_unet.diffusion_model.input_blocks.4.1.norm.weight
  unet.trainable_unet.diffusion_model.input_blocks.4.1.norm.bias
  unet.trainable_unet.diffusion_model.input_blocks.4.1.proj_in.weight
  unet.trainable_unet.diffusion_model.input_blocks.4.1.proj_in.bias
  unet.trainable_unet.diffusion_model.input_blocks.4.1.transformer_blocks.0.attn1.to_q.weight
  unet.trainable_unet.diffusion_model.input_blocks.4.1.transformer_blocks.0.attn1.to_k.weight
  unet.trainable_unet.diffusion_model.input_blocks.4.1.transformer_blocks.0.attn1.to_v.weight
  unet.trainable_unet.diffusion_model.input_blocks.4.1.transformer_blocks.0.attn1.to_out.0.weight
  unet.trainable_unet.diffusion_model.input_blocks.4.1.transformer_blocks.0.attn1.to_out.0.bias
  unet.trainable_unet.diffusion_model.input_blocks.4.1.transformer_blocks.0.ff.net.0.proj.weight
  unet.trainable_unet.diffusion_model.input_blocks.4.1.transformer_blocks.0.ff.net.0.proj.bias
  unet.trainable_unet.diffusion_model.input_blocks.4.1.transformer_blocks.0.ff.net.2.weight
  unet.trainable_unet.diffusion_model.input_blocks.4.1.transformer_blocks.0.ff.net.2.bias
  unet.trainable_unet.diffusion_model.input_blocks.4.1.transformer_blocks.0.attn2.to_q.weight
  unet.trainable_unet.diffusion_model.input_blocks.4.1.transformer_blocks.0.attn2.to_k.weight
  unet.trainable_unet.diffusion_model.input_blocks.4.1.transformer_blocks.0.attn2.to_v.weight
  unet.trainable_unet.diffusion_model.input_blocks.4.1.transformer_blocks.0.attn2.to_out.0.weight
  unet.trainable_unet.diffusion_model.input_blocks.4.1.transformer_blocks.0.attn2.to_out.0.bias
  unet.trainable_unet.diffusion_model.input_blocks.4.1.transformer_blocks.0.norm1.weight
  unet.trainable_unet.diffusion_model.input_blocks.4.1.transformer_blocks.0.norm1.bias
  unet.trainable_unet.diffusion_model.input_blocks.4.1.transformer_blocks.0.norm2.weight
  unet.trainable_unet.diffusion_model.input_blocks.4.1.transformer_blocks.0.norm2.bias
  unet.trainable_unet.diffusion_model.input_blocks.4.1.transformer_blocks.0.norm3.weight
  unet.trainable_unet.diffusion_model.input_blocks.4.1.transformer_blocks.0.norm3.bias
  unet.trainable_unet.diffusion_model.input_blocks.4.1.proj_out.weight
  unet.trainable_unet.diffusion_model.input_blocks.4.1.proj_out.bias
  unet.trainable_unet.diffusion_model.input_blocks.5.0.in_layers.0.weight
  unet.trainable_unet.diffusion_model.input_blocks.5.0.in_layers.0.bias
  unet.trainable_unet.diffusion_model.input_blocks.5.0.in_layers.2.weight
  unet.trainable_unet.diffusion_model.input_blocks.5.0.in_layers.2.bias
  unet.trainable_unet.diffusion_model.input_blocks.5.0.emb_layers.1.weight
  unet.trainable_unet.diffusion_model.input_blocks.5.0.emb_layers.1.bias
  unet.trainable_unet.diffusion_model.input_blocks.5.0.out_layers.0.weight
  unet.trainable_unet.diffusion_model.input_blocks.5.0.out_layers.0.bias
  unet.trainable_unet.diffusion_model.input_blocks.5.0.out_layers.3.weight
  unet.trainable_unet.diffusion_model.input_blocks.5.0.out_layers.3.bias
  unet.trainable_unet.diffusion_model.input_blocks.5.1.norm.weight
  unet.trainable_unet.diffusion_model.input_blocks.5.1.norm.bias
  unet.trainable_unet.diffusion_model.input_blocks.5.1.proj_in.weight
  unet.trainable_unet.diffusion_model.input_blocks.5.1.proj_in.bias
  unet.trainable_unet.diffusion_model.input_blocks.5.1.transformer_blocks.0.attn1.to_q.weight
  unet.trainable_unet.diffusion_model.input_blocks.5.1.transformer_blocks.0.attn1.to_k.weight
  unet.trainable_unet.diffusion_model.input_blocks.5.1.transformer_blocks.0.attn1.to_v.weight
  unet.trainable_unet.diffusion_model.input_blocks.5.1.transformer_blocks.0.attn1.to_out.0.weight
  unet.trainable_unet.diffusion_model.input_blocks.5.1.transformer_blocks.0.attn1.to_out.0.bias
  unet.trainable_unet.diffusion_model.input_blocks.5.1.transformer_blocks.0.ff.net.0.proj.weight
  unet.trainable_unet.diffusion_model.input_blocks.5.1.transformer_blocks.0.ff.net.0.proj.bias
  unet.trainable_unet.diffusion_model.input_blocks.5.1.transformer_blocks.0.ff.net.2.weight
  unet.trainable_unet.diffusion_model.input_blocks.5.1.transformer_blocks.0.ff.net.2.bias
  unet.trainable_unet.diffusion_model.input_blocks.5.1.transformer_blocks.0.attn2.to_q.weight
  unet.trainable_unet.diffusion_model.input_blocks.5.1.transformer_blocks.0.attn2.to_k.weight
  unet.trainable_unet.diffusion_model.input_blocks.5.1.transformer_blocks.0.attn2.to_v.weight
  unet.trainable_unet.diffusion_model.input_blocks.5.1.transformer_blocks.0.attn2.to_out.0.weight
  unet.trainable_unet.diffusion_model.input_blocks.5.1.transformer_blocks.0.attn2.to_out.0.bias
  unet.trainable_unet.diffusion_model.input_blocks.5.1.transformer_blocks.0.norm1.weight
  unet.trainable_unet.diffusion_model.input_blocks.5.1.transformer_blocks.0.norm1.bias
  unet.trainable_unet.diffusion_model.input_blocks.5.1.transformer_blocks.0.norm2.weight
  unet.trainable_unet.diffusion_model.input_blocks.5.1.transformer_blocks.0.norm2.bias
  unet.trainable_unet.diffusion_model.input_blocks.5.1.transformer_blocks.0.norm3.weight
  unet.trainable_unet.diffusion_model.input_blocks.5.1.transformer_blocks.0.norm3.bias
  unet.trainable_unet.diffusion_model.input_blocks.5.1.proj_out.weight
  unet.trainable_unet.diffusion_model.input_blocks.5.1.proj_out.bias
  unet.trainable_unet.diffusion_model.input_blocks.6.0.op.weight
  unet.trainable_unet.diffusion_model.input_blocks.6.0.op.bias
  unet.trainable_unet.diffusion_model.input_blocks.7.0.in_layers.0.weight
  unet.trainable_unet.diffusion_model.input_blocks.7.0.in_layers.0.bias
  unet.trainable_unet.diffusion_model.input_blocks.7.0.in_layers.2.weight
  unet.trainable_unet.diffusion_model.input_blocks.7.0.in_layers.2.bias
  unet.trainable_unet.diffusion_model.input_blocks.7.0.emb_layers.1.weight
  unet.trainable_unet.diffusion_model.input_blocks.7.0.emb_layers.1.bias
  unet.trainable_unet.diffusion_model.input_blocks.7.0.out_layers.0.weight
  unet.trainable_unet.diffusion_model.input_blocks.7.0.out_layers.0.bias
  unet.trainable_unet.diffusion_model.input_blocks.7.0.out_layers.3.weight
  unet.trainable_unet.diffusion_model.input_blocks.7.0.out_layers.3.bias
  unet.trainable_unet.diffusion_model.input_blocks.7.0.skip_connection.weight
  unet.trainable_unet.diffusion_model.input_blocks.7.0.skip_connection.bias
  unet.trainable_unet.diffusion_model.input_blocks.7.1.norm.weight
  unet.trainable_unet.diffusion_model.input_blocks.7.1.norm.bias
  unet.trainable_unet.diffusion_model.input_blocks.7.1.proj_in.weight
  unet.trainable_unet.diffusion_model.input_blocks.7.1.proj_in.bias
  unet.trainable_unet.diffusion_model.input_blocks.7.1.transformer_blocks.0.attn1.to_q.weight
  unet.trainable_unet.diffusion_model.input_blocks.7.1.transformer_blocks.0.attn1.to_k.weight
  unet.trainable_unet.diffusion_model.input_blocks.7.1.transformer_blocks.0.attn1.to_v.weight
  unet.trainable_unet.diffusion_model.input_blocks.7.1.transformer_blocks.0.attn1.to_out.0.weight
  unet.trainable_unet.diffusion_model.input_blocks.7.1.transformer_blocks.0.attn1.to_out.0.bias
  unet.trainable_unet.diffusion_model.input_blocks.7.1.transformer_blocks.0.ff.net.0.proj.weight
  unet.trainable_unet.diffusion_model.input_blocks.7.1.transformer_blocks.0.ff.net.0.proj.bias
  unet.trainable_unet.diffusion_model.input_blocks.7.1.transformer_blocks.0.ff.net.2.weight
  unet.trainable_unet.diffusion_model.input_blocks.7.1.transformer_blocks.0.ff.net.2.bias
  unet.trainable_unet.diffusion_model.input_blocks.7.1.transformer_blocks.0.attn2.to_q.weight
  unet.trainable_unet.diffusion_model.input_blocks.7.1.transformer_blocks.0.attn2.to_k.weight
  unet.trainable_unet.diffusion_model.input_blocks.7.1.transformer_blocks.0.attn2.to_v.weight
  unet.trainable_unet.diffusion_model.input_blocks.7.1.transformer_blocks.0.attn2.to_out.0.weight
  unet.trainable_unet.diffusion_model.input_blocks.7.1.transformer_blocks.0.attn2.to_out.0.bias
  unet.trainable_unet.diffusion_model.input_blocks.7.1.transformer_blocks.0.norm1.weight
  unet.trainable_unet.diffusion_model.input_blocks.7.1.transformer_blocks.0.norm1.bias
  unet.trainable_unet.diffusion_model.input_blocks.7.1.transformer_blocks.0.norm2.weight
  unet.trainable_unet.diffusion_model.input_blocks.7.1.transformer_blocks.0.norm2.bias
  unet.trainable_unet.diffusion_model.input_blocks.7.1.transformer_blocks.0.norm3.weight
  unet.trainable_unet.diffusion_model.input_blocks.7.1.transformer_blocks.0.norm3.bias
  unet.trainable_unet.diffusion_model.input_blocks.7.1.proj_out.weight
  unet.trainable_unet.diffusion_model.input_blocks.7.1.proj_out.bias
  unet.trainable_unet.diffusion_model.input_blocks.8.0.in_layers.0.weight
  unet.trainable_unet.diffusion_model.input_blocks.8.0.in_layers.0.bias
  unet.trainable_unet.diffusion_model.input_blocks.8.0.in_layers.2.weight
  unet.trainable_unet.diffusion_model.input_blocks.8.0.in_layers.2.bias
  unet.trainable_unet.diffusion_model.input_blocks.8.0.emb_layers.1.weight
  unet.trainable_unet.diffusion_model.input_blocks.8.0.emb_layers.1.bias
  unet.trainable_unet.diffusion_model.input_blocks.8.0.out_layers.0.weight
  unet.trainable_unet.diffusion_model.input_blocks.8.0.out_layers.0.bias
  unet.trainable_unet.diffusion_model.input_blocks.8.0.out_layers.3.weight
  unet.trainable_unet.diffusion_model.input_blocks.8.0.out_layers.3.bias
  unet.trainable_unet.diffusion_model.input_blocks.8.1.norm.weight
  unet.trainable_unet.diffusion_model.input_blocks.8.1.norm.bias
  unet.trainable_unet.diffusion_model.input_blocks.8.1.proj_in.weight
  unet.trainable_unet.diffusion_model.input_blocks.8.1.proj_in.bias
  unet.trainable_unet.diffusion_model.input_blocks.8.1.transformer_blocks.0.attn1.to_q.weight
  unet.trainable_unet.diffusion_model.input_blocks.8.1.transformer_blocks.0.attn1.to_k.weight
  unet.trainable_unet.diffusion_model.input_blocks.8.1.transformer_blocks.0.attn1.to_v.weight
  unet.trainable_unet.diffusion_model.input_blocks.8.1.transformer_blocks.0.attn1.to_out.0.weight
  unet.trainable_unet.diffusion_model.input_blocks.8.1.transformer_blocks.0.attn1.to_out.0.bias
  unet.trainable_unet.diffusion_model.input_blocks.8.1.transformer_blocks.0.ff.net.0.proj.weight
  unet.trainable_unet.diffusion_model.input_blocks.8.1.transformer_blocks.0.ff.net.0.proj.bias
  unet.trainable_unet.diffusion_model.input_blocks.8.1.transformer_blocks.0.ff.net.2.weight
  unet.trainable_unet.diffusion_model.input_blocks.8.1.transformer_blocks.0.ff.net.2.bias
  unet.trainable_unet.diffusion_model.input_blocks.8.1.transformer_blocks.0.attn2.to_q.weight
  unet.trainable_unet.diffusion_model.input_blocks.8.1.transformer_blocks.0.attn2.to_k.weight
  unet.trainable_unet.diffusion_model.input_blocks.8.1.transformer_blocks.0.attn2.to_v.weight
  unet.trainable_unet.diffusion_model.input_blocks.8.1.transformer_blocks.0.attn2.to_out.0.weight
  unet.trainable_unet.diffusion_model.input_blocks.8.1.transformer_blocks.0.attn2.to_out.0.bias
  unet.trainable_unet.diffusion_model.input_blocks.8.1.transformer_blocks.0.norm1.weight
  unet.trainable_unet.diffusion_model.input_blocks.8.1.transformer_blocks.0.norm1.bias
  unet.trainable_unet.diffusion_model.input_blocks.8.1.transformer_blocks.0.norm2.weight
  unet.trainable_unet.diffusion_model.input_blocks.8.1.transformer_blocks.0.norm2.bias
  unet.trainable_unet.diffusion_model.input_blocks.8.1.transformer_blocks.0.norm3.weight
  unet.trainable_unet.diffusion_model.input_blocks.8.1.transformer_blocks.0.norm3.bias
  unet.trainable_unet.diffusion_model.input_blocks.8.1.proj_out.weight
  unet.trainable_unet.diffusion_model.input_blocks.8.1.proj_out.bias
  unet.trainable_unet.diffusion_model.input_blocks.9.0.op.weight
  unet.trainable_unet.diffusion_model.input_blocks.9.0.op.bias
  unet.trainable_unet.diffusion_model.input_blocks.10.0.in_layers.0.weight
  unet.trainable_unet.diffusion_model.input_blocks.10.0.in_layers.0.bias
  unet.trainable_unet.diffusion_model.input_blocks.10.0.in_layers.2.weight
  unet.trainable_unet.diffusion_model.input_blocks.10.0.in_layers.2.bias
  unet.trainable_unet.diffusion_model.input_blocks.10.0.emb_layers.1.weight
  unet.trainable_unet.diffusion_model.input_blocks.10.0.emb_layers.1.bias
  unet.trainable_unet.diffusion_model.input_blocks.10.0.out_layers.0.weight
  unet.trainable_unet.diffusion_model.input_blocks.10.0.out_layers.0.bias
  unet.trainable_unet.diffusion_model.input_blocks.10.0.out_layers.3.weight
  unet.trainable_unet.diffusion_model.input_blocks.10.0.out_layers.3.bias
  unet.trainable_unet.diffusion_model.input_blocks.11.0.in_layers.0.weight
  unet.trainable_unet.diffusion_model.input_blocks.11.0.in_layers.0.bias
  unet.trainable_unet.diffusion_model.input_blocks.11.0.in_layers.2.weight
  unet.trainable_unet.diffusion_model.input_blocks.11.0.in_layers.2.bias
  unet.trainable_unet.diffusion_model.input_blocks.11.0.emb_layers.1.weight
  unet.trainable_unet.diffusion_model.input_blocks.11.0.emb_layers.1.bias
  unet.trainable_unet.diffusion_model.input_blocks.11.0.out_layers.0.weight
  unet.trainable_unet.diffusion_model.input_blocks.11.0.out_layers.0.bias
  unet.trainable_unet.diffusion_model.input_blocks.11.0.out_layers.3.weight
  unet.trainable_unet.diffusion_model.input_blocks.11.0.out_layers.3.bias
  unet.trainable_unet.diffusion_model.middle_block.0.in_layers.0.weight
  unet.trainable_unet.diffusion_model.middle_block.0.in_layers.0.bias
  unet.trainable_unet.diffusion_model.middle_block.0.in_layers.2.weight
  unet.trainable_unet.diffusion_model.middle_block.0.in_layers.2.bias
  unet.trainable_unet.diffusion_model.middle_block.0.emb_layers.1.weight
  unet.trainable_unet.diffusion_model.middle_block.0.emb_layers.1.bias
  unet.trainable_unet.diffusion_model.middle_block.0.out_layers.0.weight
  unet.trainable_unet.diffusion_model.middle_block.0.out_layers.0.bias
  unet.trainable_unet.diffusion_model.middle_block.0.out_layers.3.weight
  unet.trainable_unet.diffusion_model.middle_block.0.out_layers.3.bias
  unet.trainable_unet.diffusion_model.middle_block.1.norm.weight
  unet.trainable_unet.diffusion_model.middle_block.1.norm.bias
  unet.trainable_unet.diffusion_model.middle_block.1.proj_in.weight
  unet.trainable_unet.diffusion_model.middle_block.1.proj_in.bias
  unet.trainable_unet.diffusion_model.middle_block.1.transformer_blocks.0.attn1.to_q.weight
  unet.trainable_unet.diffusion_model.middle_block.1.transformer_blocks.0.attn1.to_k.weight
  unet.trainable_unet.diffusion_model.middle_block.1.transformer_blocks.0.attn1.to_v.weight
  unet.trainable_unet.diffusion_model.middle_block.1.transformer_blocks.0.attn1.to_out.0.weight
  unet.trainable_unet.diffusion_model.middle_block.1.transformer_blocks.0.attn1.to_out.0.bias
  unet.trainable_unet.diffusion_model.middle_block.1.transformer_blocks.0.ff.net.0.proj.weight
  unet.trainable_unet.diffusion_model.middle_block.1.transformer_blocks.0.ff.net.0.proj.bias
  unet.trainable_unet.diffusion_model.middle_block.1.transformer_blocks.0.ff.net.2.weight
  unet.trainable_unet.diffusion_model.middle_block.1.transformer_blocks.0.ff.net.2.bias
  unet.trainable_unet.diffusion_model.middle_block.1.transformer_blocks.0.attn2.to_q.weight
  unet.trainable_unet.diffusion_model.middle_block.1.transformer_blocks.0.attn2.to_k.weight
  unet.trainable_unet.diffusion_model.middle_block.1.transformer_blocks.0.attn2.to_v.weight
  unet.trainable_unet.diffusion_model.middle_block.1.transformer_blocks.0.attn2.to_out.0.weight
  unet.trainable_unet.diffusion_model.middle_block.1.transformer_blocks.0.attn2.to_out.0.bias
  unet.trainable_unet.diffusion_model.middle_block.1.transformer_blocks.0.norm1.weight
  unet.trainable_unet.diffusion_model.middle_block.1.transformer_blocks.0.norm1.bias
  unet.trainable_unet.diffusion_model.middle_block.1.transformer_blocks.0.norm2.weight
  unet.trainable_unet.diffusion_model.middle_block.1.transformer_blocks.0.norm2.bias
  unet.trainable_unet.diffusion_model.middle_block.1.transformer_blocks.0.norm3.weight
  unet.trainable_unet.diffusion_model.middle_block.1.transformer_blocks.0.norm3.bias
  unet.trainable_unet.diffusion_model.middle_block.1.proj_out.weight
  unet.trainable_unet.diffusion_model.middle_block.1.proj_out.bias
  unet.trainable_unet.diffusion_model.middle_block.2.in_layers.0.weight
  unet.trainable_unet.diffusion_model.middle_block.2.in_layers.0.bias
  unet.trainable_unet.diffusion_model.middle_block.2.in_layers.2.weight
  unet.trainable_unet.diffusion_model.middle_block.2.in_layers.2.bias
  unet.trainable_unet.diffusion_model.middle_block.2.emb_layers.1.weight
  unet.trainable_unet.diffusion_model.middle_block.2.emb_layers.1.bias
  unet.trainable_unet.diffusion_model.middle_block.2.out_layers.0.weight
  unet.trainable_unet.diffusion_model.middle_block.2.out_layers.0.bias
  unet.trainable_unet.diffusion_model.middle_block.2.out_layers.3.weight
  unet.trainable_unet.diffusion_model.middle_block.2.out_layers.3.bias
  unet.trainable_unet.diffusion_model.output_blocks.0.0.in_layers.0.weight
  unet.trainable_unet.diffusion_model.output_blocks.0.0.in_layers.0.bias
  unet.trainable_unet.diffusion_model.output_blocks.0.0.in_layers.2.weight
  unet.trainable_unet.diffusion_model.output_blocks.0.0.in_layers.2.bias
  unet.trainable_unet.diffusion_model.output_blocks.0.0.emb_layers.1.weight
  unet.trainable_unet.diffusion_model.output_blocks.0.0.emb_layers.1.bias
  unet.trainable_unet.diffusion_model.output_blocks.0.0.out_layers.0.weight
  unet.trainable_unet.diffusion_model.output_blocks.0.0.out_layers.0.bias
  unet.trainable_unet.diffusion_model.output_blocks.0.0.out_layers.3.weight
  unet.trainable_unet.diffusion_model.output_blocks.0.0.out_layers.3.bias
  unet.trainable_unet.diffusion_model.output_blocks.0.0.skip_connection.weight
  unet.trainable_unet.diffusion_model.output_blocks.0.0.skip_connection.bias
  unet.trainable_unet.diffusion_model.output_blocks.1.0.in_layers.0.weight
  unet.trainable_unet.diffusion_model.output_blocks.1.0.in_layers.0.bias
  unet.trainable_unet.diffusion_model.output_blocks.1.0.in_layers.2.weight
  unet.trainable_unet.diffusion_model.output_blocks.1.0.in_layers.2.bias
  unet.trainable_unet.diffusion_model.output_blocks.1.0.emb_layers.1.weight
  unet.trainable_unet.diffusion_model.output_blocks.1.0.emb_layers.1.bias
  unet.trainable_unet.diffusion_model.output_blocks.1.0.out_layers.0.weight
  unet.trainable_unet.diffusion_model.output_blocks.1.0.out_layers.0.bias
  unet.trainable_unet.diffusion_model.output_blocks.1.0.out_layers.3.weight
  unet.trainable_unet.diffusion_model.output_blocks.1.0.out_layers.3.bias
  unet.trainable_unet.diffusion_model.output_blocks.1.0.skip_connection.weight
  unet.trainable_unet.diffusion_model.output_blocks.1.0.skip_connection.bias
  unet.trainable_unet.diffusion_model.output_blocks.2.0.in_layers.0.weight
  unet.trainable_unet.diffusion_model.output_blocks.2.0.in_layers.0.bias
  unet.trainable_unet.diffusion_model.output_blocks.2.0.in_layers.2.weight
  unet.trainable_unet.diffusion_model.output_blocks.2.0.in_layers.2.bias
  unet.trainable_unet.diffusion_model.output_blocks.2.0.emb_layers.1.weight
  unet.trainable_unet.diffusion_model.output_blocks.2.0.emb_layers.1.bias
  unet.trainable_unet.diffusion_model.output_blocks.2.0.out_layers.0.weight
  unet.trainable_unet.diffusion_model.output_blocks.2.0.out_layers.0.bias
  unet.trainable_unet.diffusion_model.output_blocks.2.0.out_layers.3.weight
  unet.trainable_unet.diffusion_model.output_blocks.2.0.out_layers.3.bias
  unet.trainable_unet.diffusion_model.output_blocks.2.0.skip_connection.weight
  unet.trainable_unet.diffusion_model.output_blocks.2.0.skip_connection.bias
  unet.trainable_unet.diffusion_model.output_blocks.2.1.conv.weight
  unet.trainable_unet.diffusion_model.output_blocks.2.1.conv.bias
  unet.trainable_unet.diffusion_model.output_blocks.3.0.in_layers.0.weight
  unet.trainable_unet.diffusion_model.output_blocks.3.0.in_layers.0.bias
  unet.trainable_unet.diffusion_model.output_blocks.3.0.in_layers.2.weight
  unet.trainable_unet.diffusion_model.output_blocks.3.0.in_layers.2.bias
  unet.trainable_unet.diffusion_model.output_blocks.3.0.emb_layers.1.weight
  unet.trainable_unet.diffusion_model.output_blocks.3.0.emb_layers.1.bias
  unet.trainable_unet.diffusion_model.output_blocks.3.0.out_layers.0.weight
  unet.trainable_unet.diffusion_model.output_blocks.3.0.out_layers.0.bias
  unet.trainable_unet.diffusion_model.output_blocks.3.0.out_layers.3.weight
  unet.trainable_unet.diffusion_model.output_blocks.3.0.out_layers.3.bias
  unet.trainable_unet.diffusion_model.output_blocks.3.0.skip_connection.weight
  unet.trainable_unet.diffusion_model.output_blocks.3.0.skip_connection.bias
  unet.trainable_unet.diffusion_model.output_blocks.3.1.norm.weight
  unet.trainable_unet.diffusion_model.output_blocks.3.1.norm.bias
  unet.trainable_unet.diffusion_model.output_blocks.3.1.proj_in.weight
  unet.trainable_unet.diffusion_model.output_blocks.3.1.proj_in.bias
  unet.trainable_unet.diffusion_model.output_blocks.3.1.transformer_blocks.0.attn1.to_q.weight
  unet.trainable_unet.diffusion_model.output_blocks.3.1.transformer_blocks.0.attn1.to_k.weight
  unet.trainable_unet.diffusion_model.output_blocks.3.1.transformer_blocks.0.attn1.to_v.weight
  unet.trainable_unet.diffusion_model.output_blocks.3.1.transformer_blocks.0.attn1.to_out.0.weight
  unet.trainable_unet.diffusion_model.output_blocks.3.1.transformer_blocks.0.attn1.to_out.0.bias
  unet.trainable_unet.diffusion_model.output_blocks.3.1.transformer_blocks.0.ff.net.0.proj.weight
  unet.trainable_unet.diffusion_model.output_blocks.3.1.transformer_blocks.0.ff.net.0.proj.bias
  unet.trainable_unet.diffusion_model.output_blocks.3.1.transformer_blocks.0.ff.net.2.weight
  unet.trainable_unet.diffusion_model.output_blocks.3.1.transformer_blocks.0.ff.net.2.bias
  unet.trainable_unet.diffusion_model.output_blocks.3.1.transformer_blocks.0.attn2.to_q.weight
  unet.trainable_unet.diffusion_model.output_blocks.3.1.transformer_blocks.0.attn2.to_k.weight
  unet.trainable_unet.diffusion_model.output_blocks.3.1.transformer_blocks.0.attn2.to_v.weight
  unet.trainable_unet.diffusion_model.output_blocks.3.1.transformer_blocks.0.attn2.to_out.0.weight
  unet.trainable_unet.diffusion_model.output_blocks.3.1.transformer_blocks.0.attn2.to_out.0.bias
  unet.trainable_unet.diffusion_model.output_blocks.3.1.transformer_blocks.0.norm1.weight
  unet.trainable_unet.diffusion_model.output_blocks.3.1.transformer_blocks.0.norm1.bias
  unet.trainable_unet.diffusion_model.output_blocks.3.1.transformer_blocks.0.norm2.weight
  unet.trainable_unet.diffusion_model.output_blocks.3.1.transformer_blocks.0.norm2.bias
  unet.trainable_unet.diffusion_model.output_blocks.3.1.transformer_blocks.0.norm3.weight
  unet.trainable_unet.diffusion_model.output_blocks.3.1.transformer_blocks.0.norm3.bias
  unet.trainable_unet.diffusion_model.output_blocks.3.1.proj_out.weight
  unet.trainable_unet.diffusion_model.output_blocks.3.1.proj_out.bias
  unet.trainable_unet.diffusion_model.output_blocks.4.0.in_layers.0.weight
  unet.trainable_unet.diffusion_model.output_blocks.4.0.in_layers.0.bias
  unet.trainable_unet.diffusion_model.output_blocks.4.0.in_layers.2.weight
  unet.trainable_unet.diffusion_model.output_blocks.4.0.in_layers.2.bias
  unet.trainable_unet.diffusion_model.output_blocks.4.0.emb_layers.1.weight
  unet.trainable_unet.diffusion_model.output_blocks.4.0.emb_layers.1.bias
  unet.trainable_unet.diffusion_model.output_blocks.4.0.out_layers.0.weight
  unet.trainable_unet.diffusion_model.output_blocks.4.0.out_layers.0.bias
  unet.trainable_unet.diffusion_model.output_blocks.4.0.out_layers.3.weight
  unet.trainable_unet.diffusion_model.output_blocks.4.0.out_layers.3.bias
  unet.trainable_unet.diffusion_model.output_blocks.4.0.skip_connection.weight
  unet.trainable_unet.diffusion_model.output_blocks.4.0.skip_connection.bias
  unet.trainable_unet.diffusion_model.output_blocks.4.1.norm.weight
  unet.trainable_unet.diffusion_model.output_blocks.4.1.norm.bias
  unet.trainable_unet.diffusion_model.output_blocks.4.1.proj_in.weight
  unet.trainable_unet.diffusion_model.output_blocks.4.1.proj_in.bias
  unet.trainable_unet.diffusion_model.output_blocks.4.1.transformer_blocks.0.attn1.to_q.weight
  unet.trainable_unet.diffusion_model.output_blocks.4.1.transformer_blocks.0.attn1.to_k.weight
  unet.trainable_unet.diffusion_model.output_blocks.4.1.transformer_blocks.0.attn1.to_v.weight
  unet.trainable_unet.diffusion_model.output_blocks.4.1.transformer_blocks.0.attn1.to_out.0.weight
  unet.trainable_unet.diffusion_model.output_blocks.4.1.transformer_blocks.0.attn1.to_out.0.bias
  unet.trainable_unet.diffusion_model.output_blocks.4.1.transformer_blocks.0.ff.net.0.proj.weight
  unet.trainable_unet.diffusion_model.output_blocks.4.1.transformer_blocks.0.ff.net.0.proj.bias
  unet.trainable_unet.diffusion_model.output_blocks.4.1.transformer_blocks.0.ff.net.2.weight
  unet.trainable_unet.diffusion_model.output_blocks.4.1.transformer_blocks.0.ff.net.2.bias
  unet.trainable_unet.diffusion_model.output_blocks.4.1.transformer_blocks.0.attn2.to_q.weight
  unet.trainable_unet.diffusion_model.output_blocks.4.1.transformer_blocks.0.attn2.to_k.weight
  unet.trainable_unet.diffusion_model.output_blocks.4.1.transformer_blocks.0.attn2.to_v.weight
  unet.trainable_unet.diffusion_model.output_blocks.4.1.transformer_blocks.0.attn2.to_out.0.weight
  unet.trainable_unet.diffusion_model.output_blocks.4.1.transformer_blocks.0.attn2.to_out.0.bias
  unet.trainable_unet.diffusion_model.output_blocks.4.1.transformer_blocks.0.norm1.weight
  unet.trainable_unet.diffusion_model.output_blocks.4.1.transformer_blocks.0.norm1.bias
  unet.trainable_unet.diffusion_model.output_blocks.4.1.transformer_blocks.0.norm2.weight
  unet.trainable_unet.diffusion_model.output_blocks.4.1.transformer_blocks.0.norm2.bias
  unet.trainable_unet.diffusion_model.output_blocks.4.1.transformer_blocks.0.norm3.weight
  unet.trainable_unet.diffusion_model.output_blocks.4.1.transformer_blocks.0.norm3.bias
  unet.trainable_unet.diffusion_model.output_blocks.4.1.proj_out.weight
  unet.trainable_unet.diffusion_model.output_blocks.4.1.proj_out.bias
  unet.trainable_unet.diffusion_model.output_blocks.5.0.in_layers.0.weight
  unet.trainable_unet.diffusion_model.output_blocks.5.0.in_layers.0.bias
  unet.trainable_unet.diffusion_model.output_blocks.5.0.in_layers.2.weight
  unet.trainable_unet.diffusion_model.output_blocks.5.0.in_layers.2.bias
  unet.trainable_unet.diffusion_model.output_blocks.5.0.emb_layers.1.weight
  unet.trainable_unet.diffusion_model.output_blocks.5.0.emb_layers.1.bias
  unet.trainable_unet.diffusion_model.output_blocks.5.0.out_layers.0.weight
  unet.trainable_unet.diffusion_model.output_blocks.5.0.out_layers.0.bias
  unet.trainable_unet.diffusion_model.output_blocks.5.0.out_layers.3.weight
  unet.trainable_unet.diffusion_model.output_blocks.5.0.out_layers.3.bias
  unet.trainable_unet.diffusion_model.output_blocks.5.0.skip_connection.weight
  unet.trainable_unet.diffusion_model.output_blocks.5.0.skip_connection.bias
  unet.trainable_unet.diffusion_model.output_blocks.5.1.norm.weight
  unet.trainable_unet.diffusion_model.output_blocks.5.1.norm.bias
  unet.trainable_unet.diffusion_model.output_blocks.5.1.proj_in.weight
  unet.trainable_unet.diffusion_model.output_blocks.5.1.proj_in.bias
  unet.trainable_unet.diffusion_model.output_blocks.5.1.transformer_blocks.0.attn1.to_q.weight
  unet.trainable_unet.diffusion_model.output_blocks.5.1.transformer_blocks.0.attn1.to_k.weight
  unet.trainable_unet.diffusion_model.output_blocks.5.1.transformer_blocks.0.attn1.to_v.weight
  unet.trainable_unet.diffusion_model.output_blocks.5.1.transformer_blocks.0.attn1.to_out.0.weight
  unet.trainable_unet.diffusion_model.output_blocks.5.1.transformer_blocks.0.attn1.to_out.0.bias
  unet.trainable_unet.diffusion_model.output_blocks.5.1.transformer_blocks.0.ff.net.0.proj.weight
  unet.trainable_unet.diffusion_model.output_blocks.5.1.transformer_blocks.0.ff.net.0.proj.bias
  unet.trainable_unet.diffusion_model.output_blocks.5.1.transformer_blocks.0.ff.net.2.weight
  unet.trainable_unet.diffusion_model.output_blocks.5.1.transformer_blocks.0.ff.net.2.bias
  unet.trainable_unet.diffusion_model.output_blocks.5.1.transformer_blocks.0.attn2.to_q.weight
  unet.trainable_unet.diffusion_model.output_blocks.5.1.transformer_blocks.0.attn2.to_k.weight
  unet.trainable_unet.diffusion_model.output_blocks.5.1.transformer_blocks.0.attn2.to_v.weight
  unet.trainable_unet.diffusion_model.output_blocks.5.1.transformer_blocks.0.attn2.to_out.0.weight
  unet.trainable_unet.diffusion_model.output_blocks.5.1.transformer_blocks.0.attn2.to_out.0.bias
  unet.trainable_unet.diffusion_model.output_blocks.5.1.transformer_blocks.0.norm1.weight
  unet.trainable_unet.diffusion_model.output_blocks.5.1.transformer_blocks.0.norm1.bias
  unet.trainable_unet.diffusion_model.output_blocks.5.1.transformer_blocks.0.norm2.weight
  unet.trainable_unet.diffusion_model.output_blocks.5.1.transformer_blocks.0.norm2.bias
  unet.trainable_unet.diffusion_model.output_blocks.5.1.transformer_blocks.0.norm3.weight
  unet.trainable_unet.diffusion_model.output_blocks.5.1.transformer_blocks.0.norm3.bias
  unet.trainable_unet.diffusion_model.output_blocks.5.1.proj_out.weight
  unet.trainable_unet.diffusion_model.output_blocks.5.1.proj_out.bias
  unet.trainable_unet.diffusion_model.output_blocks.5.2.conv.weight
  unet.trainable_unet.diffusion_model.output_blocks.5.2.conv.bias
  unet.trainable_unet.diffusion_model.output_blocks.6.0.in_layers.0.weight
  unet.trainable_unet.diffusion_model.output_blocks.6.0.in_layers.0.bias
  unet.trainable_unet.diffusion_model.output_blocks.6.0.in_layers.2.weight
  unet.trainable_unet.diffusion_model.output_blocks.6.0.in_layers.2.bias
  unet.trainable_unet.diffusion_model.output_blocks.6.0.emb_layers.1.weight
  unet.trainable_unet.diffusion_model.output_blocks.6.0.emb_layers.1.bias
  unet.trainable_unet.diffusion_model.output_blocks.6.0.out_layers.0.weight
  unet.trainable_unet.diffusion_model.output_blocks.6.0.out_layers.0.bias
  unet.trainable_unet.diffusion_model.output_blocks.6.0.out_layers.3.weight
  unet.trainable_unet.diffusion_model.output_blocks.6.0.out_layers.3.bias
  unet.trainable_unet.diffusion_model.output_blocks.6.0.skip_connection.weight
  unet.trainable_unet.diffusion_model.output_blocks.6.0.skip_connection.bias
  unet.trainable_unet.diffusion_model.output_blocks.6.1.norm.weight
  unet.trainable_unet.diffusion_model.output_blocks.6.1.norm.bias
  unet.trainable_unet.diffusion_model.output_blocks.6.1.proj_in.weight
  unet.trainable_unet.diffusion_model.output_blocks.6.1.proj_in.bias
  unet.trainable_unet.diffusion_model.output_blocks.6.1.transformer_blocks.0.attn1.to_q.weight
  unet.trainable_unet.diffusion_model.output_blocks.6.1.transformer_blocks.0.attn1.to_k.weight
  unet.trainable_unet.diffusion_model.output_blocks.6.1.transformer_blocks.0.attn1.to_v.weight
  unet.trainable_unet.diffusion_model.output_blocks.6.1.transformer_blocks.0.attn1.to_out.0.weight
  unet.trainable_unet.diffusion_model.output_blocks.6.1.transformer_blocks.0.attn1.to_out.0.bias
  unet.trainable_unet.diffusion_model.output_blocks.6.1.transformer_blocks.0.ff.net.0.proj.weight
  unet.trainable_unet.diffusion_model.output_blocks.6.1.transformer_blocks.0.ff.net.0.proj.bias
  unet.trainable_unet.diffusion_model.output_blocks.6.1.transformer_blocks.0.ff.net.2.weight
  unet.trainable_unet.diffusion_model.output_blocks.6.1.transformer_blocks.0.ff.net.2.bias
  unet.trainable_unet.diffusion_model.output_blocks.6.1.transformer_blocks.0.attn2.to_q.weight
  unet.trainable_unet.diffusion_model.output_blocks.6.1.transformer_blocks.0.attn2.to_k.weight
  unet.trainable_unet.diffusion_model.output_blocks.6.1.transformer_blocks.0.attn2.to_v.weight
  unet.trainable_unet.diffusion_model.output_blocks.6.1.transformer_blocks.0.attn2.to_out.0.weight
  unet.trainable_unet.diffusion_model.output_blocks.6.1.transformer_blocks.0.attn2.to_out.0.bias
  unet.trainable_unet.diffusion_model.output_blocks.6.1.transformer_blocks.0.norm1.weight
  unet.trainable_unet.diffusion_model.output_blocks.6.1.transformer_blocks.0.norm1.bias
  unet.trainable_unet.diffusion_model.output_blocks.6.1.transformer_blocks.0.norm2.weight
  unet.trainable_unet.diffusion_model.output_blocks.6.1.transformer_blocks.0.norm2.bias
  unet.trainable_unet.diffusion_model.output_blocks.6.1.transformer_blocks.0.norm3.weight
  unet.trainable_unet.diffusion_model.output_blocks.6.1.transformer_blocks.0.norm3.bias
  unet.trainable_unet.diffusion_model.output_blocks.6.1.proj_out.weight
  unet.trainable_unet.diffusion_model.output_blocks.6.1.proj_out.bias
  unet.trainable_unet.diffusion_model.output_blocks.7.0.in_layers.0.weight
  unet.trainable_unet.diffusion_model.output_blocks.7.0.in_layers.0.bias
  unet.trainable_unet.diffusion_model.output_blocks.7.0.in_layers.2.weight
  unet.trainable_unet.diffusion_model.output_blocks.7.0.in_layers.2.bias
  unet.trainable_unet.diffusion_model.output_blocks.7.0.emb_layers.1.weight
  unet.trainable_unet.diffusion_model.output_blocks.7.0.emb_layers.1.bias
  unet.trainable_unet.diffusion_model.output_blocks.7.0.out_layers.0.weight
  unet.trainable_unet.diffusion_model.output_blocks.7.0.out_layers.0.bias
  unet.trainable_unet.diffusion_model.output_blocks.7.0.out_layers.3.weight
  unet.trainable_unet.diffusion_model.output_blocks.7.0.out_layers.3.bias
  unet.trainable_unet.diffusion_model.output_blocks.7.0.skip_connection.weight
  unet.trainable_unet.diffusion_model.output_blocks.7.0.skip_connection.bias
  unet.trainable_unet.diffusion_model.output_blocks.7.1.norm.weight
  unet.trainable_unet.diffusion_model.output_blocks.7.1.norm.bias
  unet.trainable_unet.diffusion_model.output_blocks.7.1.proj_in.weight
  unet.trainable_unet.diffusion_model.output_blocks.7.1.proj_in.bias
  unet.trainable_unet.diffusion_model.output_blocks.7.1.transformer_blocks.0.attn1.to_q.weight
  unet.trainable_unet.diffusion_model.output_blocks.7.1.transformer_blocks.0.attn1.to_k.weight
  unet.trainable_unet.diffusion_model.output_blocks.7.1.transformer_blocks.0.attn1.to_v.weight
  unet.trainable_unet.diffusion_model.output_blocks.7.1.transformer_blocks.0.attn1.to_out.0.weight
  unet.trainable_unet.diffusion_model.output_blocks.7.1.transformer_blocks.0.attn1.to_out.0.bias
  unet.trainable_unet.diffusion_model.output_blocks.7.1.transformer_blocks.0.ff.net.0.proj.weight
  unet.trainable_unet.diffusion_model.output_blocks.7.1.transformer_blocks.0.ff.net.0.proj.bias
  unet.trainable_unet.diffusion_model.output_blocks.7.1.transformer_blocks.0.ff.net.2.weight
  unet.trainable_unet.diffusion_model.output_blocks.7.1.transformer_blocks.0.ff.net.2.bias
  unet.trainable_unet.diffusion_model.output_blocks.7.1.transformer_blocks.0.attn2.to_q.weight
  unet.trainable_unet.diffusion_model.output_blocks.7.1.transformer_blocks.0.attn2.to_k.weight
  unet.trainable_unet.diffusion_model.output_blocks.7.1.transformer_blocks.0.attn2.to_v.weight
  unet.trainable_unet.diffusion_model.output_blocks.7.1.transformer_blocks.0.attn2.to_out.0.weight
  unet.trainable_unet.diffusion_model.output_blocks.7.1.transformer_blocks.0.attn2.to_out.0.bias
  unet.trainable_unet.diffusion_model.output_blocks.7.1.transformer_blocks.0.norm1.weight
  unet.trainable_unet.diffusion_model.output_blocks.7.1.transformer_blocks.0.norm1.bias
  unet.trainable_unet.diffusion_model.output_blocks.7.1.transformer_blocks.0.norm2.weight
  unet.trainable_unet.diffusion_model.output_blocks.7.1.transformer_blocks.0.norm2.bias
  unet.trainable_unet.diffusion_model.output_blocks.7.1.transformer_blocks.0.norm3.weight
  unet.trainable_unet.diffusion_model.output_blocks.7.1.transformer_blocks.0.norm3.bias
  unet.trainable_unet.diffusion_model.output_blocks.7.1.proj_out.weight
  unet.trainable_unet.diffusion_model.output_blocks.7.1.proj_out.bias
  unet.trainable_unet.diffusion_model.output_blocks.8.0.in_layers.0.weight
  unet.trainable_unet.diffusion_model.output_blocks.8.0.in_layers.0.bias
  unet.trainable_unet.diffusion_model.output_blocks.8.0.in_layers.2.weight
  unet.trainable_unet.diffusion_model.output_blocks.8.0.in_layers.2.bias
  unet.trainable_unet.diffusion_model.output_blocks.8.0.emb_layers.1.weight
  unet.trainable_unet.diffusion_model.output_blocks.8.0.emb_layers.1.bias
  unet.trainable_unet.diffusion_model.output_blocks.8.0.out_layers.0.weight
  unet.trainable_unet.diffusion_model.output_blocks.8.0.out_layers.0.bias
  unet.trainable_unet.diffusion_model.output_blocks.8.0.out_layers.3.weight
  unet.trainable_unet.diffusion_model.output_blocks.8.0.out_layers.3.bias
  unet.trainable_unet.diffusion_model.output_blocks.8.0.skip_connection.weight
  unet.trainable_unet.diffusion_model.output_blocks.8.0.skip_connection.bias
  unet.trainable_unet.diffusion_model.output_blocks.8.1.norm.weight
  unet.trainable_unet.diffusion_model.output_blocks.8.1.norm.bias
  unet.trainable_unet.diffusion_model.output_blocks.8.1.proj_in.weight
  unet.trainable_unet.diffusion_model.output_blocks.8.1.proj_in.bias
  unet.trainable_unet.diffusion_model.output_blocks.8.1.transformer_blocks.0.attn1.to_q.weight
  unet.trainable_unet.diffusion_model.output_blocks.8.1.transformer_blocks.0.attn1.to_k.weight
  unet.trainable_unet.diffusion_model.output_blocks.8.1.transformer_blocks.0.attn1.to_v.weight
  unet.trainable_unet.diffusion_model.output_blocks.8.1.transformer_blocks.0.attn1.to_out.0.weight
  unet.trainable_unet.diffusion_model.output_blocks.8.1.transformer_blocks.0.attn1.to_out.0.bias
  unet.trainable_unet.diffusion_model.output_blocks.8.1.transformer_blocks.0.ff.net.0.proj.weight
  unet.trainable_unet.diffusion_model.output_blocks.8.1.transformer_blocks.0.ff.net.0.proj.bias
  unet.trainable_unet.diffusion_model.output_blocks.8.1.transformer_blocks.0.ff.net.2.weight
  unet.trainable_unet.diffusion_model.output_blocks.8.1.transformer_blocks.0.ff.net.2.bias
  unet.trainable_unet.diffusion_model.output_blocks.8.1.transformer_blocks.0.attn2.to_q.weight
  unet.trainable_unet.diffusion_model.output_blocks.8.1.transformer_blocks.0.attn2.to_k.weight
  unet.trainable_unet.diffusion_model.output_blocks.8.1.transformer_blocks.0.attn2.to_v.weight
  unet.trainable_unet.diffusion_model.output_blocks.8.1.transformer_blocks.0.attn2.to_out.0.weight
  unet.trainable_unet.diffusion_model.output_blocks.8.1.transformer_blocks.0.attn2.to_out.0.bias
  unet.trainable_unet.diffusion_model.output_blocks.8.1.transformer_blocks.0.norm1.weight
  unet.trainable_unet.diffusion_model.output_blocks.8.1.transformer_blocks.0.norm1.bias
  unet.trainable_unet.diffusion_model.output_blocks.8.1.transformer_blocks.0.norm2.weight
  unet.trainable_unet.diffusion_model.output_blocks.8.1.transformer_blocks.0.norm2.bias
  unet.trainable_unet.diffusion_model.output_blocks.8.1.transformer_blocks.0.norm3.weight
  unet.trainable_unet.diffusion_model.output_blocks.8.1.transformer_blocks.0.norm3.bias
  unet.trainable_unet.diffusion_model.output_blocks.8.1.proj_out.weight
  unet.trainable_unet.diffusion_model.output_blocks.8.1.proj_out.bias
  unet.trainable_unet.diffusion_model.output_blocks.8.2.conv.weight
  unet.trainable_unet.diffusion_model.output_blocks.8.2.conv.bias
  unet.trainable_unet.diffusion_model.output_blocks.9.0.in_layers.0.weight
  unet.trainable_unet.diffusion_model.output_blocks.9.0.in_layers.0.bias
  unet.trainable_unet.diffusion_model.output_blocks.9.0.in_layers.2.weight
  unet.trainable_unet.diffusion_model.output_blocks.9.0.in_layers.2.bias
  unet.trainable_unet.diffusion_model.output_blocks.9.0.emb_layers.1.weight
  unet.trainable_unet.diffusion_model.output_blocks.9.0.emb_layers.1.bias
  unet.trainable_unet.diffusion_model.output_blocks.9.0.out_layers.0.weight
  unet.trainable_unet.diffusion_model.output_blocks.9.0.out_layers.0.bias
  unet.trainable_unet.diffusion_model.output_blocks.9.0.out_layers.3.weight
  unet.trainable_unet.diffusion_model.output_blocks.9.0.out_layers.3.bias
  unet.trainable_unet.diffusion_model.output_blocks.9.0.skip_connection.weight
  unet.trainable_unet.diffusion_model.output_blocks.9.0.skip_connection.bias
  unet.trainable_unet.diffusion_model.output_blocks.9.1.norm.weight
  unet.trainable_unet.diffusion_model.output_blocks.9.1.norm.bias
  unet.trainable_unet.diffusion_model.output_blocks.9.1.proj_in.weight
  unet.trainable_unet.diffusion_model.output_blocks.9.1.proj_in.bias
  unet.trainable_unet.diffusion_model.output_blocks.9.1.transformer_blocks.0.attn1.to_q.weight
  unet.trainable_unet.diffusion_model.output_blocks.9.1.transformer_blocks.0.attn1.to_k.weight
  unet.trainable_unet.diffusion_model.output_blocks.9.1.transformer_blocks.0.attn1.to_v.weight
  unet.trainable_unet.diffusion_model.output_blocks.9.1.transformer_blocks.0.attn1.to_out.0.weight
  unet.trainable_unet.diffusion_model.output_blocks.9.1.transformer_blocks.0.attn1.to_out.0.bias
  unet.trainable_unet.diffusion_model.output_blocks.9.1.transformer_blocks.0.ff.net.0.proj.weight
  unet.trainable_unet.diffusion_model.output_blocks.9.1.transformer_blocks.0.ff.net.0.proj.bias
  unet.trainable_unet.diffusion_model.output_blocks.9.1.transformer_blocks.0.ff.net.2.weight
  unet.trainable_unet.diffusion_model.output_blocks.9.1.transformer_blocks.0.ff.net.2.bias
  unet.trainable_unet.diffusion_model.output_blocks.9.1.transformer_blocks.0.attn2.to_q.weight
  unet.trainable_unet.diffusion_model.output_blocks.9.1.transformer_blocks.0.attn2.to_k.weight
  unet.trainable_unet.diffusion_model.output_blocks.9.1.transformer_blocks.0.attn2.to_v.weight
  unet.trainable_unet.diffusion_model.output_blocks.9.1.transformer_blocks.0.attn2.to_out.0.weight
  unet.trainable_unet.diffusion_model.output_blocks.9.1.transformer_blocks.0.attn2.to_out.0.bias
  unet.trainable_unet.diffusion_model.output_blocks.9.1.transformer_blocks.0.norm1.weight
  unet.trainable_unet.diffusion_model.output_blocks.9.1.transformer_blocks.0.norm1.bias
  unet.trainable_unet.diffusion_model.output_blocks.9.1.transformer_blocks.0.norm2.weight
  unet.trainable_unet.diffusion_model.output_blocks.9.1.transformer_blocks.0.norm2.bias
  unet.trainable_unet.diffusion_model.output_blocks.9.1.transformer_blocks.0.norm3.weight
  unet.trainable_unet.diffusion_model.output_blocks.9.1.transformer_blocks.0.norm3.bias
  unet.trainable_unet.diffusion_model.output_blocks.9.1.proj_out.weight
  unet.trainable_unet.diffusion_model.output_blocks.9.1.proj_out.bias
  unet.trainable_unet.diffusion_model.output_blocks.10.0.in_layers.0.weight
  unet.trainable_unet.diffusion_model.output_blocks.10.0.in_layers.0.bias
  unet.trainable_unet.diffusion_model.output_blocks.10.0.in_layers.2.weight
  unet.trainable_unet.diffusion_model.output_blocks.10.0.in_layers.2.bias
  unet.trainable_unet.diffusion_model.output_blocks.10.0.emb_layers.1.weight
  unet.trainable_unet.diffusion_model.output_blocks.10.0.emb_layers.1.bias
  unet.trainable_unet.diffusion_model.output_blocks.10.0.out_layers.0.weight
  unet.trainable_unet.diffusion_model.output_blocks.10.0.out_layers.0.bias
  unet.trainable_unet.diffusion_model.output_blocks.10.0.out_layers.3.weight
  unet.trainable_unet.diffusion_model.output_blocks.10.0.out_layers.3.bias
  unet.trainable_unet.diffusion_model.output_blocks.10.0.skip_connection.weight
  unet.trainable_unet.diffusion_model.output_blocks.10.0.skip_connection.bias
  unet.trainable_unet.diffusion_model.output_blocks.10.1.norm.weight
  unet.trainable_unet.diffusion_model.output_blocks.10.1.norm.bias
  unet.trainable_unet.diffusion_model.output_blocks.10.1.proj_in.weight
  unet.trainable_unet.diffusion_model.output_blocks.10.1.proj_in.bias
  unet.trainable_unet.diffusion_model.output_blocks.10.1.transformer_blocks.0.attn1.to_q.weight
  unet.trainable_unet.diffusion_model.output_blocks.10.1.transformer_blocks.0.attn1.to_k.weight
  unet.trainable_unet.diffusion_model.output_blocks.10.1.transformer_blocks.0.attn1.to_v.weight
  unet.trainable_unet.diffusion_model.output_blocks.10.1.transformer_blocks.0.attn1.to_out.0.weight
  unet.trainable_unet.diffusion_model.output_blocks.10.1.transformer_blocks.0.attn1.to_out.0.bias
  unet.trainable_unet.diffusion_model.output_blocks.10.1.transformer_blocks.0.ff.net.0.proj.weight
  unet.trainable_unet.diffusion_model.output_blocks.10.1.transformer_blocks.0.ff.net.0.proj.bias
  unet.trainable_unet.diffusion_model.output_blocks.10.1.transformer_blocks.0.ff.net.2.weight
  unet.trainable_unet.diffusion_model.output_blocks.10.1.transformer_blocks.0.ff.net.2.bias
  unet.trainable_unet.diffusion_model.output_blocks.10.1.transformer_blocks.0.attn2.to_q.weight
  unet.trainable_unet.diffusion_model.output_blocks.10.1.transformer_blocks.0.attn2.to_k.weight
  unet.trainable_unet.diffusion_model.output_blocks.10.1.transformer_blocks.0.attn2.to_v.weight
  unet.trainable_unet.diffusion_model.output_blocks.10.1.transformer_blocks.0.attn2.to_out.0.weight
  unet.trainable_unet.diffusion_model.output_blocks.10.1.transformer_blocks.0.attn2.to_out.0.bias
  unet.trainable_unet.diffusion_model.output_blocks.10.1.transformer_blocks.0.norm1.weight
  unet.trainable_unet.diffusion_model.output_blocks.10.1.transformer_blocks.0.norm1.bias
  unet.trainable_unet.diffusion_model.output_blocks.10.1.transformer_blocks.0.norm2.weight
  unet.trainable_unet.diffusion_model.output_blocks.10.1.transformer_blocks.0.norm2.bias
  unet.trainable_unet.diffusion_model.output_blocks.10.1.transformer_blocks.0.norm3.weight
  unet.trainable_unet.diffusion_model.output_blocks.10.1.transformer_blocks.0.norm3.bias
  unet.trainable_unet.diffusion_model.output_blocks.10.1.proj_out.weight
  unet.trainable_unet.diffusion_model.output_blocks.10.1.proj_out.bias
  unet.trainable_unet.diffusion_model.output_blocks.11.0.in_layers.0.weight
  unet.trainable_unet.diffusion_model.output_blocks.11.0.in_layers.0.bias
  unet.trainable_unet.diffusion_model.output_blocks.11.0.in_layers.2.weight
  unet.trainable_unet.diffusion_model.output_blocks.11.0.in_layers.2.bias
  unet.trainable_unet.diffusion_model.output_blocks.11.0.emb_layers.1.weight
  unet.trainable_unet.diffusion_model.output_blocks.11.0.emb_layers.1.bias
  unet.trainable_unet.diffusion_model.output_blocks.11.0.out_layers.0.weight
  unet.trainable_unet.diffusion_model.output_blocks.11.0.out_layers.0.bias
  unet.trainable_unet.diffusion_model.output_blocks.11.0.out_layers.3.weight
  unet.trainable_unet.diffusion_model.output_blocks.11.0.out_layers.3.bias
  unet.trainable_unet.diffusion_model.output_blocks.11.0.skip_connection.weight
  unet.trainable_unet.diffusion_model.output_blocks.11.0.skip_connection.bias
  unet.trainable_unet.diffusion_model.output_blocks.11.1.norm.weight
  unet.trainable_unet.diffusion_model.output_blocks.11.1.norm.bias
  unet.trainable_unet.diffusion_model.output_blocks.11.1.proj_in.weight
  unet.trainable_unet.diffusion_model.output_blocks.11.1.proj_in.bias
  unet.trainable_unet.diffusion_model.output_blocks.11.1.transformer_blocks.0.attn1.to_q.weight
  unet.trainable_unet.diffusion_model.output_blocks.11.1.transformer_blocks.0.attn1.to_k.weight
  unet.trainable_unet.diffusion_model.output_blocks.11.1.transformer_blocks.0.attn1.to_v.weight
  unet.trainable_unet.diffusion_model.output_blocks.11.1.transformer_blocks.0.attn1.to_out.0.weight
  unet.trainable_unet.diffusion_model.output_blocks.11.1.transformer_blocks.0.attn1.to_out.0.bias
  unet.trainable_unet.diffusion_model.output_blocks.11.1.transformer_blocks.0.ff.net.0.proj.weight
  unet.trainable_unet.diffusion_model.output_blocks.11.1.transformer_blocks.0.ff.net.0.proj.bias
  unet.trainable_unet.diffusion_model.output_blocks.11.1.transformer_blocks.0.ff.net.2.weight
  unet.trainable_unet.diffusion_model.output_blocks.11.1.transformer_blocks.0.ff.net.2.bias
  unet.trainable_unet.diffusion_model.output_blocks.11.1.transformer_blocks.0.attn2.to_q.weight
  unet.trainable_unet.diffusion_model.output_blocks.11.1.transformer_blocks.0.attn2.to_k.weight
  unet.trainable_unet.diffusion_model.output_blocks.11.1.transformer_blocks.0.attn2.to_v.weight
  unet.trainable_unet.diffusion_model.output_blocks.11.1.transformer_blocks.0.attn2.to_out.0.weight
  unet.trainable_unet.diffusion_model.output_blocks.11.1.transformer_blocks.0.attn2.to_out.0.bias
  unet.trainable_unet.diffusion_model.output_blocks.11.1.transformer_blocks.0.norm1.weight
  unet.trainable_unet.diffusion_model.output_blocks.11.1.transformer_blocks.0.norm1.bias
  unet.trainable_unet.diffusion_model.output_blocks.11.1.transformer_blocks.0.norm2.weight
  unet.trainable_unet.diffusion_model.output_blocks.11.1.transformer_blocks.0.norm2.bias
  unet.trainable_unet.diffusion_model.output_blocks.11.1.transformer_blocks.0.norm3.weight
  unet.trainable_unet.diffusion_model.output_blocks.11.1.transformer_blocks.0.norm3.bias
  unet.trainable_unet.diffusion_model.output_blocks.11.1.proj_out.weight
  unet.trainable_unet.diffusion_model.output_blocks.11.1.proj_out.bias
  unet.trainable_unet.diffusion_model.out.0.weight
  unet.trainable_unet.diffusion_model.out.0.bias
  unet.trainable_unet.diffusion_model.out.2.weight
  unet.trainable_unet.diffusion_model.out.2.bias
  unet.zero_convs.0.weight
  unet.zero_convs.0.bias
  unet.zero_convs.1.weight
  unet.zero_convs.1.bias
  unet.zero_convs.2.weight
  unet.zero_convs.2.bias
  unet.zero_convs.3.weight
  unet.zero_convs.3.bias
  unet.zero_convs.4.weight
  unet.zero_convs.4.bias
  unet.zero_convs.5.weight
  unet.zero_convs.5.bias
  box_encoder.box_cnn.0.weight
  box_encoder.box_cnn.0.bias
  box_encoder.box_cnn.2.weight
  box_encoder.box_cnn.2.bias
  box_encoder.scribble_cnn.0.weight
  box_encoder.scribble_cnn.0.bias
  box_encoder.scribble_cnn.2.weight
  box_encoder.scribble_cnn.2.bias
  box_encoder.dot_cnn.0.weight
  box_encoder.dot_cnn.0.bias
  box_encoder.dot_cnn.2.weight
  box_encoder.dot_cnn.2.bias
  box_encoder.out64.0.weight
  box_encoder.out64.0.bias
  box_encoder.out32.0.weight
  box_encoder.out32.0.bias
  box_encoder.out16.0.weight
  box_encoder.out16.0.bias
  box_encoder.conv64.0.weight
  box_encoder.conv64.0.bias
  box_encoder.conv32.0.weight
  box_encoder.conv32.0.bias
  box_encoder.conv16.0.weight
  box_encoder.conv16.0.bias
  decode_head.conv_seg.weight
  decode_head.conv_seg.bias
  decode_head.scale_heads.0.0.conv.weight
  decode_head.scale_heads.0.0.bn.weight
  decode_head.scale_heads.0.0.bn.bias
  decode_head.scale_heads.1.0.conv.weight
  decode_head.scale_heads.1.0.bn.weight
  decode_head.scale_heads.1.0.bn.bias
  decode_head.scale_heads.2.0.conv.weight
  decode_head.scale_heads.2.0.bn.weight
  decode_head.scale_heads.2.0.bn.bias
  decode_head.scale_heads.2.2.conv.weight
  decode_head.scale_heads.2.2.bn.weight
  decode_head.scale_heads.2.2.bn.bias
  decode_head.scale_heads.3.0.conv.weight
  decode_head.scale_heads.3.0.bn.weight
  decode_head.scale_heads.3.0.bn.bias
  decode_head.scale_heads.3.2.conv.weight
  decode_head.scale_heads.3.2.bn.weight
  decode_head.scale_heads.3.2.bn.bias
  decode_head.scale_heads.3.4.conv.weight
  decode_head.scale_heads.3.4.bn.weight
  decode_head.scale_heads.3.4.bn.bias
