Loaded dependency [python3/3.11.4]: gcc/12.3.0-binutils-2.40
Loaded dependency [python3/3.11.4]: sqlite3/3.42.0
Loaded module: python3/3.11.4

Loading python3/3.11.4
  Loading requirement: gcc/12.3.0-binutils-2.40 sqlite3/3.42.0
/bin/bash: line 1: ./job_script.sh: Permission denied

------------------------------------------------------------
Sender: LSF System <lsfadmin@hpc.dtu.dk>
Subject: Job 24643285: <NONAME> in cluster <dcc> Exited

Job <NONAME> was submitted from host <gbarlogin1> by user <s203557> in cluster <dcc> at Fri Apr 11 12:34:40 2025
Job was executed on host(s) <n-62-31-5>, in queue <hpc>, as user <s203557> in cluster <dcc> at Fri Apr 11 12:34:40 2025
</zhome/b6/d/154958> was used as the home directory.
</zhome/b6/d/154958/ADLCV_Project/VPD> was used as the working directory.
Started at Fri Apr 11 12:34:40 2025
Terminated at Fri Apr 11 12:34:42 2025
Results reported at Fri Apr 11 12:34:42 2025

Your job looked like:

------------------------------------------------------------
# LSBATCH: User input
job_script.sh
------------------------------------------------------------

Exited with exit code 126.

Resource usage summary:

    CPU time :                                   1.15 sec.
    Max Memory :                                 -
    Average Memory :                             -
    Total Requested Memory :                     1024.00 MB
    Delta Memory :                               -
    Max Swap :                                   -
    Max Processes :                              -
    Max Threads :                                -
    Run time :                                   23 sec.
    Turnaround time :                            2 sec.

The output (if any) is above this job summary.

