✅ Set input_type to box
Filtered dataset: 14 / 851 images kept.
LatentDiffusion: Running in eps-prediction mode
DiffusionWrapper has 859.52 M params.
making attention of type 'vanilla' with 512 in_channels
Working with z of shape (1, 4, 32, 32) = 4096 dimensions.
making attention of type 'vanilla' with 512 in_channels
Restored from /work3/s203557/checkpoints/v1-5-pruned-emaonly.ckpt with 0 missing and 199 unexpected keys
Unexpected Keys: ['model_ema.decay', 'model_ema.num_updates', 'cond_stage_model.transformer.text_model.embeddings.position_ids', 'cond_stage_model.transformer.text_model.embeddings.token_embedding.weight', 'cond_stage_model.transformer.text_model.embeddings.position_embedding.weight', 'cond_stage_model.transformer.text_model.encoder.layers.0.self_attn.k_proj.weight', 'cond_stage_model.transformer.text_model.encoder.layers.0.self_attn.k_proj.bias', 'cond_stage_model.transformer.text_model.encoder.layers.0.self_attn.v_proj.weight', 'cond_stage_model.transformer.text_model.encoder.layers.0.self_attn.v_proj.bias', 'cond_stage_model.transformer.text_model.encoder.layers.0.self_attn.q_proj.weight', 'cond_stage_model.transformer.text_model.encoder.layers.0.self_attn.q_proj.bias', 'cond_stage_model.transformer.text_model.encoder.layers.0.self_attn.out_proj.weight', 'cond_stage_model.transformer.text_model.encoder.layers.0.self_attn.out_proj.bias', 'cond_stage_model.transformer.text_model.encoder.layers.0.layer_norm1.weight', 'cond_stage_model.transformer.text_model.encoder.layers.0.layer_norm1.bias', 'cond_stage_model.transformer.text_model.encoder.layers.0.mlp.fc1.weight', 'cond_stage_model.transformer.text_model.encoder.layers.0.mlp.fc1.bias', 'cond_stage_model.transformer.text_model.encoder.layers.0.mlp.fc2.weight', 'cond_stage_model.transformer.text_model.encoder.layers.0.mlp.fc2.bias', 'cond_stage_model.transformer.text_model.encoder.layers.0.layer_norm2.weight', 'cond_stage_model.transformer.text_model.encoder.layers.0.layer_norm2.bias', 'cond_stage_model.transformer.text_model.encoder.layers.1.self_attn.k_proj.weight', 'cond_stage_model.transformer.text_model.encoder.layers.1.self_attn.k_proj.bias', 'cond_stage_model.transformer.text_model.encoder.layers.1.self_attn.v_proj.weight', 'cond_stage_model.transformer.text_model.encoder.layers.1.self_attn.v_proj.bias', 'cond_stage_model.transformer.text_model.encoder.layers.1.self_attn.q_proj.weight', 'cond_stage_model.transformer.text_model.encoder.layers.1.self_attn.q_proj.bias', 'cond_stage_model.transformer.text_model.encoder.layers.1.self_attn.out_proj.weight', 'cond_stage_model.transformer.text_model.encoder.layers.1.self_attn.out_proj.bias', 'cond_stage_model.transformer.text_model.encoder.layers.1.layer_norm1.weight', 'cond_stage_model.transformer.text_model.encoder.layers.1.layer_norm1.bias', 'cond_stage_model.transformer.text_model.encoder.layers.1.mlp.fc1.weight', 'cond_stage_model.transformer.text_model.encoder.layers.1.mlp.fc1.bias', 'cond_stage_model.transformer.text_model.encoder.layers.1.mlp.fc2.weight', 'cond_stage_model.transformer.text_model.encoder.layers.1.mlp.fc2.bias', 'cond_stage_model.transformer.text_model.encoder.layers.1.layer_norm2.weight', 'cond_stage_model.transformer.text_model.encoder.layers.1.layer_norm2.bias', 'cond_stage_model.transformer.text_model.encoder.layers.2.self_attn.k_proj.weight', 'cond_stage_model.transformer.text_model.encoder.layers.2.self_attn.k_proj.bias', 'cond_stage_model.transformer.text_model.encoder.layers.2.self_attn.v_proj.weight', 'cond_stage_model.transformer.text_model.encoder.layers.2.self_attn.v_proj.bias', 'cond_stage_model.transformer.text_model.encoder.layers.2.self_attn.q_proj.weight', 'cond_stage_model.transformer.text_model.encoder.layers.2.self_attn.q_proj.bias', 'cond_stage_model.transformer.text_model.encoder.layers.2.self_attn.out_proj.weight', 'cond_stage_model.transformer.text_model.encoder.layers.2.self_attn.out_proj.bias', 'cond_stage_model.transformer.text_model.encoder.layers.2.layer_norm1.weight', 'cond_stage_model.transformer.text_model.encoder.layers.2.layer_norm1.bias', 'cond_stage_model.transformer.text_model.encoder.layers.2.mlp.fc1.weight', 'cond_stage_model.transformer.text_model.encoder.layers.2.mlp.fc1.bias', 'cond_stage_model.transformer.text_model.encoder.layers.2.mlp.fc2.weight', 'cond_stage_model.transformer.text_model.encoder.layers.2.mlp.fc2.bias', 'cond_stage_model.transformer.text_model.encoder.layers.2.layer_norm2.weight', 'cond_stage_model.transformer.text_model.encoder.layers.2.layer_norm2.bias', 'cond_stage_model.transformer.text_model.encoder.layers.3.self_attn.k_proj.weight', 'cond_stage_model.transformer.text_model.encoder.layers.3.self_attn.k_proj.bias', 'cond_stage_model.transformer.text_model.encoder.layers.3.self_attn.v_proj.weight', 'cond_stage_model.transformer.text_model.encoder.layers.3.self_attn.v_proj.bias', 'cond_stage_model.transformer.text_model.encoder.layers.3.self_attn.q_proj.weight', 'cond_stage_model.transformer.text_model.encoder.layers.3.self_attn.q_proj.bias', 'cond_stage_model.transformer.text_model.encoder.layers.3.self_attn.out_proj.weight', 'cond_stage_model.transformer.text_model.encoder.layers.3.self_attn.out_proj.bias', 'cond_stage_model.transformer.text_model.encoder.layers.3.layer_norm1.weight', 'cond_stage_model.transformer.text_model.encoder.layers.3.layer_norm1.bias', 'cond_stage_model.transformer.text_model.encoder.layers.3.mlp.fc1.weight', 'cond_stage_model.transformer.text_model.encoder.layers.3.mlp.fc1.bias', 'cond_stage_model.transformer.text_model.encoder.layers.3.mlp.fc2.weight', 'cond_stage_model.transformer.text_model.encoder.layers.3.mlp.fc2.bias', 'cond_stage_model.transformer.text_model.encoder.layers.3.layer_norm2.weight', 'cond_stage_model.transformer.text_model.encoder.layers.3.layer_norm2.bias', 'cond_stage_model.transformer.text_model.encoder.layers.4.self_attn.k_proj.weight', 'cond_stage_model.transformer.text_model.encoder.layers.4.self_attn.k_proj.bias', 'cond_stage_model.transformer.text_model.encoder.layers.4.self_attn.v_proj.weight', 'cond_stage_model.transformer.text_model.encoder.layers.4.self_attn.v_proj.bias', 'cond_stage_model.transformer.text_model.encoder.layers.4.self_attn.q_proj.weight', 'cond_stage_model.transformer.text_model.encoder.layers.4.self_attn.q_proj.bias', 'cond_stage_model.transformer.text_model.encoder.layers.4.self_attn.out_proj.weight', 'cond_stage_model.transformer.text_model.encoder.layers.4.self_attn.out_proj.bias', 'cond_stage_model.transformer.text_model.encoder.layers.4.layer_norm1.weight', 'cond_stage_model.transformer.text_model.encoder.layers.4.layer_norm1.bias', 'cond_stage_model.transformer.text_model.encoder.layers.4.mlp.fc1.weight', 'cond_stage_model.transformer.text_model.encoder.layers.4.mlp.fc1.bias', 'cond_stage_model.transformer.text_model.encoder.layers.4.mlp.fc2.weight', 'cond_stage_model.transformer.text_model.encoder.layers.4.mlp.fc2.bias', 'cond_stage_model.transformer.text_model.encoder.layers.4.layer_norm2.weight', 'cond_stage_model.transformer.text_model.encoder.layers.4.layer_norm2.bias', 'cond_stage_model.transformer.text_model.encoder.layers.5.self_attn.k_proj.weight', 'cond_stage_model.transformer.text_model.encoder.layers.5.self_attn.k_proj.bias', 'cond_stage_model.transformer.text_model.encoder.layers.5.self_attn.v_proj.weight', 'cond_stage_model.transformer.text_model.encoder.layers.5.self_attn.v_proj.bias', 'cond_stage_model.transformer.text_model.encoder.layers.5.self_attn.q_proj.weight', 'cond_stage_model.transformer.text_model.encoder.layers.5.self_attn.q_proj.bias', 'cond_stage_model.transformer.text_model.encoder.layers.5.self_attn.out_proj.weight', 'cond_stage_model.transformer.text_model.encoder.layers.5.self_attn.out_proj.bias', 'cond_stage_model.transformer.text_model.encoder.layers.5.layer_norm1.weight', 'cond_stage_model.transformer.text_model.encoder.layers.5.layer_norm1.bias', 'cond_stage_model.transformer.text_model.encoder.layers.5.mlp.fc1.weight', 'cond_stage_model.transformer.text_model.encoder.layers.5.mlp.fc1.bias', 'cond_stage_model.transformer.text_model.encoder.layers.5.mlp.fc2.weight', 'cond_stage_model.transformer.text_model.encoder.layers.5.mlp.fc2.bias', 'cond_stage_model.transformer.text_model.encoder.layers.5.layer_norm2.weight', 'cond_stage_model.transformer.text_model.encoder.layers.5.layer_norm2.bias', 'cond_stage_model.transformer.text_model.encoder.layers.6.self_attn.k_proj.weight', 'cond_stage_model.transformer.text_model.encoder.layers.6.self_attn.k_proj.bias', 'cond_stage_model.transformer.text_model.encoder.layers.6.self_attn.v_proj.weight', 'cond_stage_model.transformer.text_model.encoder.layers.6.self_attn.v_proj.bias', 'cond_stage_model.transformer.text_model.encoder.layers.6.self_attn.q_proj.weight', 'cond_stage_model.transformer.text_model.encoder.layers.6.self_attn.q_proj.bias', 'cond_stage_model.transformer.text_model.encoder.layers.6.self_attn.out_proj.weight', 'cond_stage_model.transformer.text_model.encoder.layers.6.self_attn.out_proj.bias', 'cond_stage_model.transformer.text_model.encoder.layers.6.layer_norm1.weight', 'cond_stage_model.transformer.text_model.encoder.layers.6.layer_norm1.bias', 'cond_stage_model.transformer.text_model.encoder.layers.6.mlp.fc1.weight', 'cond_stage_model.transformer.text_model.encoder.layers.6.mlp.fc1.bias', 'cond_stage_model.transformer.text_model.encoder.layers.6.mlp.fc2.weight', 'cond_stage_model.transformer.text_model.encoder.layers.6.mlp.fc2.bias', 'cond_stage_model.transformer.text_model.encoder.layers.6.layer_norm2.weight', 'cond_stage_model.transformer.text_model.encoder.layers.6.layer_norm2.bias', 'cond_stage_model.transformer.text_model.encoder.layers.7.self_attn.k_proj.weight', 'cond_stage_model.transformer.text_model.encoder.layers.7.self_attn.k_proj.bias', 'cond_stage_model.transformer.text_model.encoder.layers.7.self_attn.v_proj.weight', 'cond_stage_model.transformer.text_model.encoder.layers.7.self_attn.v_proj.bias', 'cond_stage_model.transformer.text_model.encoder.layers.7.self_attn.q_proj.weight', 'cond_stage_model.transformer.text_model.encoder.layers.7.self_attn.q_proj.bias', 'cond_stage_model.transformer.text_model.encoder.layers.7.self_attn.out_proj.weight', 'cond_stage_model.transformer.text_model.encoder.layers.7.self_attn.out_proj.bias', 'cond_stage_model.transformer.text_model.encoder.layers.7.layer_norm1.weight', 'cond_stage_model.transformer.text_model.encoder.layers.7.layer_norm1.bias', 'cond_stage_model.transformer.text_model.encoder.layers.7.mlp.fc1.weight', 'cond_stage_model.transformer.text_model.encoder.layers.7.mlp.fc1.bias', 'cond_stage_model.transformer.text_model.encoder.layers.7.mlp.fc2.weight', 'cond_stage_model.transformer.text_model.encoder.layers.7.mlp.fc2.bias', 'cond_stage_model.transformer.text_model.encoder.layers.7.layer_norm2.weight', 'cond_stage_model.transformer.text_model.encoder.layers.7.layer_norm2.bias', 'cond_stage_model.transformer.text_model.encoder.layers.8.self_attn.k_proj.weight', 'cond_stage_model.transformer.text_model.encoder.layers.8.self_attn.k_proj.bias', 'cond_stage_model.transformer.text_model.encoder.layers.8.self_attn.v_proj.weight', 'cond_stage_model.transformer.text_model.encoder.layers.8.self_attn.v_proj.bias', 'cond_stage_model.transformer.text_model.encoder.layers.8.self_attn.q_proj.weight', 'cond_stage_model.transformer.text_model.encoder.layers.8.self_attn.q_proj.bias', 'cond_stage_model.transformer.text_model.encoder.layers.8.self_attn.out_proj.weight', 'cond_stage_model.transformer.text_model.encoder.layers.8.self_attn.out_proj.bias', 'cond_stage_model.transformer.text_model.encoder.layers.8.layer_norm1.weight', 'cond_stage_model.transformer.text_model.encoder.layers.8.layer_norm1.bias', 'cond_stage_model.transformer.text_model.encoder.layers.8.mlp.fc1.weight', 'cond_stage_model.transformer.text_model.encoder.layers.8.mlp.fc1.bias', 'cond_stage_model.transformer.text_model.encoder.layers.8.mlp.fc2.weight', 'cond_stage_model.transformer.text_model.encoder.layers.8.mlp.fc2.bias', 'cond_stage_model.transformer.text_model.encoder.layers.8.layer_norm2.weight', 'cond_stage_model.transformer.text_model.encoder.layers.8.layer_norm2.bias', 'cond_stage_model.transformer.text_model.encoder.layers.9.self_attn.k_proj.weight', 'cond_stage_model.transformer.text_model.encoder.layers.9.self_attn.k_proj.bias', 'cond_stage_model.transformer.text_model.encoder.layers.9.self_attn.v_proj.weight', 'cond_stage_model.transformer.text_model.encoder.layers.9.self_attn.v_proj.bias', 'cond_stage_model.transformer.text_model.encoder.layers.9.self_attn.q_proj.weight', 'cond_stage_model.transformer.text_model.encoder.layers.9.self_attn.q_proj.bias', 'cond_stage_model.transformer.text_model.encoder.layers.9.self_attn.out_proj.weight', 'cond_stage_model.transformer.text_model.encoder.layers.9.self_attn.out_proj.bias', 'cond_stage_model.transformer.text_model.encoder.layers.9.layer_norm1.weight', 'cond_stage_model.transformer.text_model.encoder.layers.9.layer_norm1.bias', 'cond_stage_model.transformer.text_model.encoder.layers.9.mlp.fc1.weight', 'cond_stage_model.transformer.text_model.encoder.layers.9.mlp.fc1.bias', 'cond_stage_model.transformer.text_model.encoder.layers.9.mlp.fc2.weight', 'cond_stage_model.transformer.text_model.encoder.layers.9.mlp.fc2.bias', 'cond_stage_model.transformer.text_model.encoder.layers.9.layer_norm2.weight', 'cond_stage_model.transformer.text_model.encoder.layers.9.layer_norm2.bias', 'cond_stage_model.transformer.text_model.encoder.layers.10.self_attn.k_proj.weight', 'cond_stage_model.transformer.text_model.encoder.layers.10.self_attn.k_proj.bias', 'cond_stage_model.transformer.text_model.encoder.layers.10.self_attn.v_proj.weight', 'cond_stage_model.transformer.text_model.encoder.layers.10.self_attn.v_proj.bias', 'cond_stage_model.transformer.text_model.encoder.layers.10.self_attn.q_proj.weight', 'cond_stage_model.transformer.text_model.encoder.layers.10.self_attn.q_proj.bias', 'cond_stage_model.transformer.text_model.encoder.layers.10.self_attn.out_proj.weight', 'cond_stage_model.transformer.text_model.encoder.layers.10.self_attn.out_proj.bias', 'cond_stage_model.transformer.text_model.encoder.layers.10.layer_norm1.weight', 'cond_stage_model.transformer.text_model.encoder.layers.10.layer_norm1.bias', 'cond_stage_model.transformer.text_model.encoder.layers.10.mlp.fc1.weight', 'cond_stage_model.transformer.text_model.encoder.layers.10.mlp.fc1.bias', 'cond_stage_model.transformer.text_model.encoder.layers.10.mlp.fc2.weight', 'cond_stage_model.transformer.text_model.encoder.layers.10.mlp.fc2.bias', 'cond_stage_model.transformer.text_model.encoder.layers.10.layer_norm2.weight', 'cond_stage_model.transformer.text_model.encoder.layers.10.layer_norm2.bias', 'cond_stage_model.transformer.text_model.encoder.layers.11.self_attn.k_proj.weight', 'cond_stage_model.transformer.text_model.encoder.layers.11.self_attn.k_proj.bias', 'cond_stage_model.transformer.text_model.encoder.layers.11.self_attn.v_proj.weight', 'cond_stage_model.transformer.text_model.encoder.layers.11.self_attn.v_proj.bias', 'cond_stage_model.transformer.text_model.encoder.layers.11.self_attn.q_proj.weight', 'cond_stage_model.transformer.text_model.encoder.layers.11.self_attn.q_proj.bias', 'cond_stage_model.transformer.text_model.encoder.layers.11.self_attn.out_proj.weight', 'cond_stage_model.transformer.text_model.encoder.layers.11.self_attn.out_proj.bias', 'cond_stage_model.transformer.text_model.encoder.layers.11.layer_norm1.weight', 'cond_stage_model.transformer.text_model.encoder.layers.11.layer_norm1.bias', 'cond_stage_model.transformer.text_model.encoder.layers.11.mlp.fc1.weight', 'cond_stage_model.transformer.text_model.encoder.layers.11.mlp.fc1.bias', 'cond_stage_model.transformer.text_model.encoder.layers.11.mlp.fc2.weight', 'cond_stage_model.transformer.text_model.encoder.layers.11.mlp.fc2.bias', 'cond_stage_model.transformer.text_model.encoder.layers.11.layer_norm2.weight', 'cond_stage_model.transformer.text_model.encoder.layers.11.layer_norm2.bias', 'cond_stage_model.transformer.text_model.final_layer_norm.weight', 'cond_stage_model.transformer.text_model.final_layer_norm.bias']
load checkpoint from local path: /work3/s203557/experiments/control_net_vpd/iter_12000.pth
The model and loaded state dict do not match exactly

unexpected key in source state_dict: sd_model.lvlb_weights

[                                                  ] 0/14, elapsed: 0s, ETA:[>>                                ] 1/14, 0.1 task/s, elapsed: 7s, ETA:    93s[>>>>                              ] 2/14, 0.3 task/s, elapsed: 7s, ETA:    44s[>>>>>>>                           ] 3/14, 0.4 task/s, elapsed: 8s, ETA:    28s[>>>>>>>>>                         ] 4/14, 0.5 task/s, elapsed: 8s, ETA:    19s[>>>>>>>>>>>>                      ] 5/14, 0.6 task/s, elapsed: 8s, ETA:    14s[>>>>>>>>>>>>>>                    ] 6/14, 0.7 task/s, elapsed: 8s, ETA:    11s[>>>>>>>>>>>>>>>>>                 ] 7/14, 0.9 task/s, elapsed: 8s, ETA:     8s[>>>>>>>>>>>>>>>>>>>               ] 8/14, 1.0 task/s, elapsed: 8s, ETA:     6s[>>>>>>>>>>>>>>>>>>>>>             ] 9/14, 1.1 task/s, elapsed: 9s, ETA:     5s[>>>>>>>>>>>>>>>>>>>>>>>          ] 10/14, 1.1 task/s, elapsed: 9s, ETA:     3s[>>>>>>>>>>>>>>>>>>>>>>>>>        ] 11/14, 1.2 task/s, elapsed: 9s, ETA:     2s[>>>>>>>>>>>>>>>>>>>>>>>>>>>>     ] 12/14, 1.3 task/s, elapsed: 9s, ETA:     2s[>>>>>>>>>>>>>>>>>>>>>>>>>>>>>>   ] 13/14, 1.4 task/s, elapsed: 9s, ETA:     1s[>>>>>>>>>>>>>>>>>>>>>>>>>>>>>>>>>] 14/14, 1.5 task/s, elapsed: 9s, ETA:     0sper class results:

+---------------------+-------+-------+
|        Class        |  IoU  |  Acc  |
+---------------------+-------+-------+
|         wall        | 90.93 | 94.46 |
|       building      |  nan  |  nan  |
|         sky         |  nan  |  nan  |
|        floor        | 85.24 | 87.28 |
|         tree        |  nan  |  nan  |
|       ceiling       | 83.42 | 98.49 |
|         road        |  nan  |  nan  |
|         bed         |  0.0  |  nan  |
|      windowpane     | 85.55 | 87.12 |
|        grass        |  nan  |  nan  |
|       cabinet       | 66.99 | 70.21 |
|       sidewalk      |  nan  |  nan  |
|        person       | 94.59 | 97.88 |
|        earth        |  nan  |  nan  |
|         door        | 56.77 |  97.2 |
|        table        |  nan  |  nan  |
|       mountain      |  nan  |  nan  |
|        plant        |  nan  |  nan  |
|       curtain       | 94.17 | 97.04 |
|        chair        |  0.0  |  nan  |
|         car         |  nan  |  nan  |
|        water        |  nan  |  nan  |
|       painting      | 90.35 | 98.42 |
|         sofa        |  nan  |  nan  |
|        shelf        | 52.52 | 75.74 |
|        house        |  nan  |  nan  |
|         sea         |  nan  |  nan  |
|        mirror       |  95.9 | 97.68 |
|         rug         | 26.72 | 79.26 |
|        field        |  nan  |  nan  |
|       armchair      | 86.86 | 93.24 |
|         seat        |  nan  |  nan  |
|        fence        |  nan  |  nan  |
|         desk        |  nan  |  nan  |
|         rock        |  nan  |  nan  |
|       wardrobe      |  nan  |  nan  |
|         lamp        |  nan  |  nan  |
|       bathtub       | 95.53 | 98.58 |
|       railing       |  nan  |  nan  |
|       cushion       | 98.33 | 98.49 |
|         base        |  nan  |  nan  |
|         box         | 90.56 | 97.67 |
|        column       |  0.0  |  nan  |
|      signboard      |  nan  |  nan  |
|   chest of drawers  |  nan  |  nan  |
|       counter       |  nan  |  nan  |
|         sand        |  nan  |  nan  |
|         sink        | 83.57 | 91.79 |
|      skyscraper     |  nan  |  nan  |
|      fireplace      | 94.76 | 99.78 |
|     refrigerator    |  nan  |  nan  |
|      grandstand     |  nan  |  nan  |
|         path        |  nan  |  nan  |
|        stairs       |  nan  |  nan  |
|        runway       |  nan  |  nan  |
|         case        |  nan  |  nan  |
|      pool table     |  nan  |  nan  |
|        pillow       |  nan  |  nan  |
|     screen door     | 93.61 | 95.49 |
|       stairway      |  nan  |  nan  |
|        river        |  nan  |  nan  |
|        bridge       |  nan  |  nan  |
|       bookcase      |  nan  |  nan  |
|        blind        |  nan  |  nan  |
|     coffee table    |  0.0  |  nan  |
|        toilet       | 77.85 | 80.15 |
|        flower       | 70.86 | 72.69 |
|         book        |  nan  |  nan  |
|         hill        |  nan  |  nan  |
|        bench        |  nan  |  nan  |
|      countertop     | 55.55 |  92.7 |
|        stove        |  nan  |  nan  |
|         palm        |  nan  |  nan  |
|    kitchen island   |  nan  |  nan  |
|       computer      |  nan  |  nan  |
|     swivel chair    |  0.0  |  nan  |
|         boat        |  nan  |  nan  |
|         bar         |  nan  |  nan  |
|    arcade machine   |  nan  |  nan  |
|        hovel        |  nan  |  nan  |
|         bus         |  nan  |  nan  |
|        towel        | 75.43 |  87.9 |
|        light        | 33.38 |  87.2 |
|        truck        |  nan  |  nan  |
|        tower        |  nan  |  nan  |
|      chandelier     |  nan  |  nan  |
|        awning       |  nan  |  nan  |
|     streetlight     |  nan  |  nan  |
|        booth        |  nan  |  nan  |
| television receiver |  nan  |  nan  |
|       airplane      |  nan  |  nan  |
|      dirt track     |  nan  |  nan  |
|       apparel       |  nan  |  nan  |
|         pole        |  nan  |  nan  |
|         land        |  nan  |  nan  |
|      bannister      |  nan  |  nan  |
|      escalator      |  nan  |  nan  |
|       ottoman       |  nan  |  nan  |
|        bottle       | 11.33 | 13.11 |
|        buffet       |  nan  |  nan  |
|        poster       |  nan  |  nan  |
|        stage        |  nan  |  nan  |
|         van         |  nan  |  nan  |
|         ship        |  nan  |  nan  |
|       fountain      |  nan  |  nan  |
|    conveyer belt    |  nan  |  nan  |
|        canopy       |  nan  |  nan  |
|        washer       |  nan  |  nan  |
|      plaything      |  nan  |  nan  |
|    swimming pool    |  nan  |  nan  |
|        stool        |  nan  |  nan  |
|        barrel       |  nan  |  nan  |
|        basket       |  0.0  |  0.0  |
|      waterfall      |  nan  |  nan  |
|         tent        |  nan  |  nan  |
|         bag         |  nan  |  nan  |
|       minibike      |  nan  |  nan  |
|        cradle       |  nan  |  nan  |
|         oven        |  nan  |  nan  |
|         ball        |  nan  |  nan  |
|         food        |  nan  |  nan  |
|         step        |  0.0  |  nan  |
|         tank        |  nan  |  nan  |
|      trade name     |  nan  |  nan  |
|      microwave      |  nan  |  nan  |
|         pot         |  nan  |  nan  |
|        animal       |  nan  |  nan  |
|       bicycle       |  nan  |  nan  |
|         lake        |  nan  |  nan  |
|      dishwasher     |  nan  |  nan  |
|        screen       |  nan  |  nan  |
|       blanket       |  nan  |  nan  |
|      sculpture      |  nan  |  nan  |
|         hood        |  nan  |  nan  |
|        sconce       |  0.0  |  0.0  |
|         vase        |  0.0  |  nan  |
|    traffic light    |  nan  |  nan  |
|         tray        |  nan  |  nan  |
|        ashcan       |  0.0  |  0.0  |
|         fan         |  nan  |  nan  |
|         pier        |  nan  |  nan  |
|      crt screen     |  nan  |  nan  |
|        plate        |  nan  |  nan  |
|       monitor       |  nan  |  nan  |
|    bulletin board   |  nan  |  nan  |
|        shower       |  8.66 |  8.79 |
|       radiator      | 39.32 | 40.16 |
|        glass        |  0.27 |  0.27 |
|        clock        |  nan  |  nan  |
|         flag        |  nan  |  nan  |
+---------------------+-------+-------+
Summary:

+-------+-------+-------+
|  aAcc |  mIoU |  mAcc |
+-------+-------+-------+
| 92.81 | 51.03 | 72.22 |
+-------+-------+-------+
