✅ Set input_type to dot
Filtered dataset: 12 / 851 images kept.
LatentDiffusion: Running in eps-prediction mode
DiffusionWrapper has 859.52 M params.
making attention of type 'vanilla' with 512 in_channels
Working with z of shape (1, 4, 32, 32) = 4096 dimensions.
making attention of type 'vanilla' with 512 in_channels
Restored from /work3/s203557/checkpoints/v1-5-pruned-emaonly.ckpt with 0 missing and 199 unexpected keys
Unexpected Keys: ['model_ema.decay', 'model_ema.num_updates', 'cond_stage_model.transformer.text_model.embeddings.position_ids', 'cond_stage_model.transformer.text_model.embeddings.token_embedding.weight', 'cond_stage_model.transformer.text_model.embeddings.position_embedding.weight', 'cond_stage_model.transformer.text_model.encoder.layers.0.self_attn.k_proj.weight', 'cond_stage_model.transformer.text_model.encoder.layers.0.self_attn.k_proj.bias', 'cond_stage_model.transformer.text_model.encoder.layers.0.self_attn.v_proj.weight', 'cond_stage_model.transformer.text_model.encoder.layers.0.self_attn.v_proj.bias', 'cond_stage_model.transformer.text_model.encoder.layers.0.self_attn.q_proj.weight', 'cond_stage_model.transformer.text_model.encoder.layers.0.self_attn.q_proj.bias', 'cond_stage_model.transformer.text_model.encoder.layers.0.self_attn.out_proj.weight', 'cond_stage_model.transformer.text_model.encoder.layers.0.self_attn.out_proj.bias', 'cond_stage_model.transformer.text_model.encoder.layers.0.layer_norm1.weight', 'cond_stage_model.transformer.text_model.encoder.layers.0.layer_norm1.bias', 'cond_stage_model.transformer.text_model.encoder.layers.0.mlp.fc1.weight', 'cond_stage_model.transformer.text_model.encoder.layers.0.mlp.fc1.bias', 'cond_stage_model.transformer.text_model.encoder.layers.0.mlp.fc2.weight', 'cond_stage_model.transformer.text_model.encoder.layers.0.mlp.fc2.bias', 'cond_stage_model.transformer.text_model.encoder.layers.0.layer_norm2.weight', 'cond_stage_model.transformer.text_model.encoder.layers.0.layer_norm2.bias', 'cond_stage_model.transformer.text_model.encoder.layers.1.self_attn.k_proj.weight', 'cond_stage_model.transformer.text_model.encoder.layers.1.self_attn.k_proj.bias', 'cond_stage_model.transformer.text_model.encoder.layers.1.self_attn.v_proj.weight', 'cond_stage_model.transformer.text_model.encoder.layers.1.self_attn.v_proj.bias', 'cond_stage_model.transformer.text_model.encoder.layers.1.self_attn.q_proj.weight', 'cond_stage_model.transformer.text_model.encoder.layers.1.self_attn.q_proj.bias', 'cond_stage_model.transformer.text_model.encoder.layers.1.self_attn.out_proj.weight', 'cond_stage_model.transformer.text_model.encoder.layers.1.self_attn.out_proj.bias', 'cond_stage_model.transformer.text_model.encoder.layers.1.layer_norm1.weight', 'cond_stage_model.transformer.text_model.encoder.layers.1.layer_norm1.bias', 'cond_stage_model.transformer.text_model.encoder.layers.1.mlp.fc1.weight', 'cond_stage_model.transformer.text_model.encoder.layers.1.mlp.fc1.bias', 'cond_stage_model.transformer.text_model.encoder.layers.1.mlp.fc2.weight', 'cond_stage_model.transformer.text_model.encoder.layers.1.mlp.fc2.bias', 'cond_stage_model.transformer.text_model.encoder.layers.1.layer_norm2.weight', 'cond_stage_model.transformer.text_model.encoder.layers.1.layer_norm2.bias', 'cond_stage_model.transformer.text_model.encoder.layers.2.self_attn.k_proj.weight', 'cond_stage_model.transformer.text_model.encoder.layers.2.self_attn.k_proj.bias', 'cond_stage_model.transformer.text_model.encoder.layers.2.self_attn.v_proj.weight', 'cond_stage_model.transformer.text_model.encoder.layers.2.self_attn.v_proj.bias', 'cond_stage_model.transformer.text_model.encoder.layers.2.self_attn.q_proj.weight', 'cond_stage_model.transformer.text_model.encoder.layers.2.self_attn.q_proj.bias', 'cond_stage_model.transformer.text_model.encoder.layers.2.self_attn.out_proj.weight', 'cond_stage_model.transformer.text_model.encoder.layers.2.self_attn.out_proj.bias', 'cond_stage_model.transformer.text_model.encoder.layers.2.layer_norm1.weight', 'cond_stage_model.transformer.text_model.encoder.layers.2.layer_norm1.bias', 'cond_stage_model.transformer.text_model.encoder.layers.2.mlp.fc1.weight', 'cond_stage_model.transformer.text_model.encoder.layers.2.mlp.fc1.bias', 'cond_stage_model.transformer.text_model.encoder.layers.2.mlp.fc2.weight', 'cond_stage_model.transformer.text_model.encoder.layers.2.mlp.fc2.bias', 'cond_stage_model.transformer.text_model.encoder.layers.2.layer_norm2.weight', 'cond_stage_model.transformer.text_model.encoder.layers.2.layer_norm2.bias', 'cond_stage_model.transformer.text_model.encoder.layers.3.self_attn.k_proj.weight', 'cond_stage_model.transformer.text_model.encoder.layers.3.self_attn.k_proj.bias', 'cond_stage_model.transformer.text_model.encoder.layers.3.self_attn.v_proj.weight', 'cond_stage_model.transformer.text_model.encoder.layers.3.self_attn.v_proj.bias', 'cond_stage_model.transformer.text_model.encoder.layers.3.self_attn.q_proj.weight', 'cond_stage_model.transformer.text_model.encoder.layers.3.self_attn.q_proj.bias', 'cond_stage_model.transformer.text_model.encoder.layers.3.self_attn.out_proj.weight', 'cond_stage_model.transformer.text_model.encoder.layers.3.self_attn.out_proj.bias', 'cond_stage_model.transformer.text_model.encoder.layers.3.layer_norm1.weight', 'cond_stage_model.transformer.text_model.encoder.layers.3.layer_norm1.bias', 'cond_stage_model.transformer.text_model.encoder.layers.3.mlp.fc1.weight', 'cond_stage_model.transformer.text_model.encoder.layers.3.mlp.fc1.bias', 'cond_stage_model.transformer.text_model.encoder.layers.3.mlp.fc2.weight', 'cond_stage_model.transformer.text_model.encoder.layers.3.mlp.fc2.bias', 'cond_stage_model.transformer.text_model.encoder.layers.3.layer_norm2.weight', 'cond_stage_model.transformer.text_model.encoder.layers.3.layer_norm2.bias', 'cond_stage_model.transformer.text_model.encoder.layers.4.self_attn.k_proj.weight', 'cond_stage_model.transformer.text_model.encoder.layers.4.self_attn.k_proj.bias', 'cond_stage_model.transformer.text_model.encoder.layers.4.self_attn.v_proj.weight', 'cond_stage_model.transformer.text_model.encoder.layers.4.self_attn.v_proj.bias', 'cond_stage_model.transformer.text_model.encoder.layers.4.self_attn.q_proj.weight', 'cond_stage_model.transformer.text_model.encoder.layers.4.self_attn.q_proj.bias', 'cond_stage_model.transformer.text_model.encoder.layers.4.self_attn.out_proj.weight', 'cond_stage_model.transformer.text_model.encoder.layers.4.self_attn.out_proj.bias', 'cond_stage_model.transformer.text_model.encoder.layers.4.layer_norm1.weight', 'cond_stage_model.transformer.text_model.encoder.layers.4.layer_norm1.bias', 'cond_stage_model.transformer.text_model.encoder.layers.4.mlp.fc1.weight', 'cond_stage_model.transformer.text_model.encoder.layers.4.mlp.fc1.bias', 'cond_stage_model.transformer.text_model.encoder.layers.4.mlp.fc2.weight', 'cond_stage_model.transformer.text_model.encoder.layers.4.mlp.fc2.bias', 'cond_stage_model.transformer.text_model.encoder.layers.4.layer_norm2.weight', 'cond_stage_model.transformer.text_model.encoder.layers.4.layer_norm2.bias', 'cond_stage_model.transformer.text_model.encoder.layers.5.self_attn.k_proj.weight', 'cond_stage_model.transformer.text_model.encoder.layers.5.self_attn.k_proj.bias', 'cond_stage_model.transformer.text_model.encoder.layers.5.self_attn.v_proj.weight', 'cond_stage_model.transformer.text_model.encoder.layers.5.self_attn.v_proj.bias', 'cond_stage_model.transformer.text_model.encoder.layers.5.self_attn.q_proj.weight', 'cond_stage_model.transformer.text_model.encoder.layers.5.self_attn.q_proj.bias', 'cond_stage_model.transformer.text_model.encoder.layers.5.self_attn.out_proj.weight', 'cond_stage_model.transformer.text_model.encoder.layers.5.self_attn.out_proj.bias', 'cond_stage_model.transformer.text_model.encoder.layers.5.layer_norm1.weight', 'cond_stage_model.transformer.text_model.encoder.layers.5.layer_norm1.bias', 'cond_stage_model.transformer.text_model.encoder.layers.5.mlp.fc1.weight', 'cond_stage_model.transformer.text_model.encoder.layers.5.mlp.fc1.bias', 'cond_stage_model.transformer.text_model.encoder.layers.5.mlp.fc2.weight', 'cond_stage_model.transformer.text_model.encoder.layers.5.mlp.fc2.bias', 'cond_stage_model.transformer.text_model.encoder.layers.5.layer_norm2.weight', 'cond_stage_model.transformer.text_model.encoder.layers.5.layer_norm2.bias', 'cond_stage_model.transformer.text_model.encoder.layers.6.self_attn.k_proj.weight', 'cond_stage_model.transformer.text_model.encoder.layers.6.self_attn.k_proj.bias', 'cond_stage_model.transformer.text_model.encoder.layers.6.self_attn.v_proj.weight', 'cond_stage_model.transformer.text_model.encoder.layers.6.self_attn.v_proj.bias', 'cond_stage_model.transformer.text_model.encoder.layers.6.self_attn.q_proj.weight', 'cond_stage_model.transformer.text_model.encoder.layers.6.self_attn.q_proj.bias', 'cond_stage_model.transformer.text_model.encoder.layers.6.self_attn.out_proj.weight', 'cond_stage_model.transformer.text_model.encoder.layers.6.self_attn.out_proj.bias', 'cond_stage_model.transformer.text_model.encoder.layers.6.layer_norm1.weight', 'cond_stage_model.transformer.text_model.encoder.layers.6.layer_norm1.bias', 'cond_stage_model.transformer.text_model.encoder.layers.6.mlp.fc1.weight', 'cond_stage_model.transformer.text_model.encoder.layers.6.mlp.fc1.bias', 'cond_stage_model.transformer.text_model.encoder.layers.6.mlp.fc2.weight', 'cond_stage_model.transformer.text_model.encoder.layers.6.mlp.fc2.bias', 'cond_stage_model.transformer.text_model.encoder.layers.6.layer_norm2.weight', 'cond_stage_model.transformer.text_model.encoder.layers.6.layer_norm2.bias', 'cond_stage_model.transformer.text_model.encoder.layers.7.self_attn.k_proj.weight', 'cond_stage_model.transformer.text_model.encoder.layers.7.self_attn.k_proj.bias', 'cond_stage_model.transformer.text_model.encoder.layers.7.self_attn.v_proj.weight', 'cond_stage_model.transformer.text_model.encoder.layers.7.self_attn.v_proj.bias', 'cond_stage_model.transformer.text_model.encoder.layers.7.self_attn.q_proj.weight', 'cond_stage_model.transformer.text_model.encoder.layers.7.self_attn.q_proj.bias', 'cond_stage_model.transformer.text_model.encoder.layers.7.self_attn.out_proj.weight', 'cond_stage_model.transformer.text_model.encoder.layers.7.self_attn.out_proj.bias', 'cond_stage_model.transformer.text_model.encoder.layers.7.layer_norm1.weight', 'cond_stage_model.transformer.text_model.encoder.layers.7.layer_norm1.bias', 'cond_stage_model.transformer.text_model.encoder.layers.7.mlp.fc1.weight', 'cond_stage_model.transformer.text_model.encoder.layers.7.mlp.fc1.bias', 'cond_stage_model.transformer.text_model.encoder.layers.7.mlp.fc2.weight', 'cond_stage_model.transformer.text_model.encoder.layers.7.mlp.fc2.bias', 'cond_stage_model.transformer.text_model.encoder.layers.7.layer_norm2.weight', 'cond_stage_model.transformer.text_model.encoder.layers.7.layer_norm2.bias', 'cond_stage_model.transformer.text_model.encoder.layers.8.self_attn.k_proj.weight', 'cond_stage_model.transformer.text_model.encoder.layers.8.self_attn.k_proj.bias', 'cond_stage_model.transformer.text_model.encoder.layers.8.self_attn.v_proj.weight', 'cond_stage_model.transformer.text_model.encoder.layers.8.self_attn.v_proj.bias', 'cond_stage_model.transformer.text_model.encoder.layers.8.self_attn.q_proj.weight', 'cond_stage_model.transformer.text_model.encoder.layers.8.self_attn.q_proj.bias', 'cond_stage_model.transformer.text_model.encoder.layers.8.self_attn.out_proj.weight', 'cond_stage_model.transformer.text_model.encoder.layers.8.self_attn.out_proj.bias', 'cond_stage_model.transformer.text_model.encoder.layers.8.layer_norm1.weight', 'cond_stage_model.transformer.text_model.encoder.layers.8.layer_norm1.bias', 'cond_stage_model.transformer.text_model.encoder.layers.8.mlp.fc1.weight', 'cond_stage_model.transformer.text_model.encoder.layers.8.mlp.fc1.bias', 'cond_stage_model.transformer.text_model.encoder.layers.8.mlp.fc2.weight', 'cond_stage_model.transformer.text_model.encoder.layers.8.mlp.fc2.bias', 'cond_stage_model.transformer.text_model.encoder.layers.8.layer_norm2.weight', 'cond_stage_model.transformer.text_model.encoder.layers.8.layer_norm2.bias', 'cond_stage_model.transformer.text_model.encoder.layers.9.self_attn.k_proj.weight', 'cond_stage_model.transformer.text_model.encoder.layers.9.self_attn.k_proj.bias', 'cond_stage_model.transformer.text_model.encoder.layers.9.self_attn.v_proj.weight', 'cond_stage_model.transformer.text_model.encoder.layers.9.self_attn.v_proj.bias', 'cond_stage_model.transformer.text_model.encoder.layers.9.self_attn.q_proj.weight', 'cond_stage_model.transformer.text_model.encoder.layers.9.self_attn.q_proj.bias', 'cond_stage_model.transformer.text_model.encoder.layers.9.self_attn.out_proj.weight', 'cond_stage_model.transformer.text_model.encoder.layers.9.self_attn.out_proj.bias', 'cond_stage_model.transformer.text_model.encoder.layers.9.layer_norm1.weight', 'cond_stage_model.transformer.text_model.encoder.layers.9.layer_norm1.bias', 'cond_stage_model.transformer.text_model.encoder.layers.9.mlp.fc1.weight', 'cond_stage_model.transformer.text_model.encoder.layers.9.mlp.fc1.bias', 'cond_stage_model.transformer.text_model.encoder.layers.9.mlp.fc2.weight', 'cond_stage_model.transformer.text_model.encoder.layers.9.mlp.fc2.bias', 'cond_stage_model.transformer.text_model.encoder.layers.9.layer_norm2.weight', 'cond_stage_model.transformer.text_model.encoder.layers.9.layer_norm2.bias', 'cond_stage_model.transformer.text_model.encoder.layers.10.self_attn.k_proj.weight', 'cond_stage_model.transformer.text_model.encoder.layers.10.self_attn.k_proj.bias', 'cond_stage_model.transformer.text_model.encoder.layers.10.self_attn.v_proj.weight', 'cond_stage_model.transformer.text_model.encoder.layers.10.self_attn.v_proj.bias', 'cond_stage_model.transformer.text_model.encoder.layers.10.self_attn.q_proj.weight', 'cond_stage_model.transformer.text_model.encoder.layers.10.self_attn.q_proj.bias', 'cond_stage_model.transformer.text_model.encoder.layers.10.self_attn.out_proj.weight', 'cond_stage_model.transformer.text_model.encoder.layers.10.self_attn.out_proj.bias', 'cond_stage_model.transformer.text_model.encoder.layers.10.layer_norm1.weight', 'cond_stage_model.transformer.text_model.encoder.layers.10.layer_norm1.bias', 'cond_stage_model.transformer.text_model.encoder.layers.10.mlp.fc1.weight', 'cond_stage_model.transformer.text_model.encoder.layers.10.mlp.fc1.bias', 'cond_stage_model.transformer.text_model.encoder.layers.10.mlp.fc2.weight', 'cond_stage_model.transformer.text_model.encoder.layers.10.mlp.fc2.bias', 'cond_stage_model.transformer.text_model.encoder.layers.10.layer_norm2.weight', 'cond_stage_model.transformer.text_model.encoder.layers.10.layer_norm2.bias', 'cond_stage_model.transformer.text_model.encoder.layers.11.self_attn.k_proj.weight', 'cond_stage_model.transformer.text_model.encoder.layers.11.self_attn.k_proj.bias', 'cond_stage_model.transformer.text_model.encoder.layers.11.self_attn.v_proj.weight', 'cond_stage_model.transformer.text_model.encoder.layers.11.self_attn.v_proj.bias', 'cond_stage_model.transformer.text_model.encoder.layers.11.self_attn.q_proj.weight', 'cond_stage_model.transformer.text_model.encoder.layers.11.self_attn.q_proj.bias', 'cond_stage_model.transformer.text_model.encoder.layers.11.self_attn.out_proj.weight', 'cond_stage_model.transformer.text_model.encoder.layers.11.self_attn.out_proj.bias', 'cond_stage_model.transformer.text_model.encoder.layers.11.layer_norm1.weight', 'cond_stage_model.transformer.text_model.encoder.layers.11.layer_norm1.bias', 'cond_stage_model.transformer.text_model.encoder.layers.11.mlp.fc1.weight', 'cond_stage_model.transformer.text_model.encoder.layers.11.mlp.fc1.bias', 'cond_stage_model.transformer.text_model.encoder.layers.11.mlp.fc2.weight', 'cond_stage_model.transformer.text_model.encoder.layers.11.mlp.fc2.bias', 'cond_stage_model.transformer.text_model.encoder.layers.11.layer_norm2.weight', 'cond_stage_model.transformer.text_model.encoder.layers.11.layer_norm2.bias', 'cond_stage_model.transformer.text_model.final_layer_norm.weight', 'cond_stage_model.transformer.text_model.final_layer_norm.bias']
load checkpoint from local path: /work3/s203557/experiments/control_net_vpd/iter_12000.pth
The model and loaded state dict do not match exactly

unexpected key in source state_dict: sd_model.lvlb_weights

[                                                  ] 0/12, elapsed: 0s, ETA:[>>                                ] 1/12, 0.1 task/s, elapsed: 7s, ETA:    75s[>>>>>                             ] 2/12, 0.3 task/s, elapsed: 7s, ETA:    35s[>>>>>>>>                          ] 3/12, 0.4 task/s, elapsed: 7s, ETA:    22s[>>>>>>>>>>>                       ] 4/12, 0.5 task/s, elapsed: 7s, ETA:    15s[>>>>>>>>>>>>>>                    ] 5/12, 0.7 task/s, elapsed: 7s, ETA:    10s[>>>>>>>>>>>>>>>>>                 ] 6/12, 0.8 task/s, elapsed: 8s, ETA:     8s[>>>>>>>>>>>>>>>>>>>               ] 7/12, 0.9 task/s, elapsed: 8s, ETA:     6s[>>>>>>>>>>>>>>>>>>>>>>            ] 8/12, 1.0 task/s, elapsed: 8s, ETA:     4s[>>>>>>>>>>>>>>>>>>>>>>>>>         ] 9/12, 1.1 task/s, elapsed: 8s, ETA:     3s[>>>>>>>>>>>>>>>>>>>>>>>>>>>      ] 10/12, 1.2 task/s, elapsed: 8s, ETA:     2s[>>>>>>>>>>>>>>>>>>>>>>>>>>>>>>   ] 11/12, 1.3 task/s, elapsed: 8s, ETA:     1s[>>>>>>>>>>>>>>>>>>>>>>>>>>>>>>>>>] 12/12, 1.4 task/s, elapsed: 9s, ETA:     0sper class results:

+---------------------+-------+-------+
|        Class        |  IoU  |  Acc  |
+---------------------+-------+-------+
|         wall        |  4.17 | 86.91 |
|       building      | 42.87 | 74.51 |
|         sky         |  98.2 | 99.68 |
|        floor        |  nan  |  nan  |
|         tree        | 85.04 | 95.23 |
|       ceiling       |  nan  |  nan  |
|         road        | 81.38 | 86.89 |
|         bed         |  nan  |  nan  |
|      windowpane     |  nan  |  nan  |
|        grass        | 22.52 | 36.63 |
|       cabinet       |  nan  |  nan  |
|       sidewalk      |  nan  |  nan  |
|        person       |  0.89 |  0.89 |
|        earth        |  53.0 | 99.97 |
|         door        |  0.0  |  0.0  |
|        table        |  nan  |  nan  |
|       mountain      | 24.09 | 48.68 |
|        plant        |  nan  |  nan  |
|       curtain       |  nan  |  nan  |
|        chair        |  nan  |  nan  |
|         car         | 67.27 | 69.87 |
|        water        |  0.0  |  0.0  |
|       painting      |  nan  |  nan  |
|         sofa        |  nan  |  nan  |
|        shelf        |  nan  |  nan  |
|        house        | 41.97 |  43.9 |
|         sea         | 48.81 | 87.47 |
|        mirror       |  nan  |  nan  |
|         rug         |  nan  |  nan  |
|        field        |  0.0  |  nan  |
|       armchair      |  nan  |  nan  |
|         seat        |  nan  |  nan  |
|        fence        |  0.0  |  0.0  |
|         desk        |  nan  |  nan  |
|         rock        |  94.9 | 97.58 |
|       wardrobe      |  nan  |  nan  |
|         lamp        |  nan  |  nan  |
|       bathtub       |  nan  |  nan  |
|       railing       |  0.0  |  0.0  |
|       cushion       |  nan  |  nan  |
|         base        |  nan  |  nan  |
|         box         |  nan  |  nan  |
|        column       |  nan  |  nan  |
|      signboard      |  0.0  |  0.0  |
|   chest of drawers  |  nan  |  nan  |
|       counter       |  nan  |  nan  |
|         sand        |  0.0  |  nan  |
|         sink        |  nan  |  nan  |
|      skyscraper     |  nan  |  nan  |
|      fireplace      |  nan  |  nan  |
|     refrigerator    |  nan  |  nan  |
|      grandstand     |  nan  |  nan  |
|         path        |  nan  |  nan  |
|        stairs       |  0.0  |  nan  |
|        runway       |  nan  |  nan  |
|         case        |  nan  |  nan  |
|      pool table     |  nan  |  nan  |
|        pillow       |  nan  |  nan  |
|     screen door     |  nan  |  nan  |
|       stairway      |  nan  |  nan  |
|        river        |  0.0  |  nan  |
|        bridge       | 55.92 | 85.55 |
|       bookcase      |  nan  |  nan  |
|        blind        |  nan  |  nan  |
|     coffee table    |  nan  |  nan  |
|        toilet       |  nan  |  nan  |
|        flower       |  nan  |  nan  |
|         book        |  nan  |  nan  |
|         hill        |  0.0  |  0.0  |
|        bench        |  nan  |  nan  |
|      countertop     |  nan  |  nan  |
|        stove        |  nan  |  nan  |
|         palm        | 63.98 | 78.02 |
|    kitchen island   |  nan  |  nan  |
|       computer      |  nan  |  nan  |
|     swivel chair    |  nan  |  nan  |
|         boat        |  0.0  |  nan  |
|         bar         |  nan  |  nan  |
|    arcade machine   |  nan  |  nan  |
|        hovel        | 39.01 | 46.43 |
|         bus         |  nan  |  nan  |
|        towel        |  nan  |  nan  |
|        light        |  nan  |  nan  |
|        truck        |  nan  |  nan  |
|        tower        |  0.0  |  nan  |
|      chandelier     |  nan  |  nan  |
|        awning       |  nan  |  nan  |
|     streetlight     |  nan  |  nan  |
|        booth        |  nan  |  nan  |
| television receiver |  nan  |  nan  |
|       airplane      |  nan  |  nan  |
|      dirt track     |  0.0  |  nan  |
|       apparel       |  nan  |  nan  |
|         pole        |  0.0  |  0.0  |
|         land        |  4.16 |  4.16 |
|      bannister      |  0.0  |  nan  |
|      escalator      |  nan  |  nan  |
|       ottoman       |  nan  |  nan  |
|        bottle       |  nan  |  nan  |
|        buffet       |  nan  |  nan  |
|        poster       |  0.0  |  0.0  |
|        stage        |  nan  |  nan  |
|         van         |  nan  |  nan  |
|         ship        |  nan  |  nan  |
|       fountain      |  nan  |  nan  |
|    conveyer belt    |  nan  |  nan  |
|        canopy       |  nan  |  nan  |
|        washer       |  nan  |  nan  |
|      plaything      |  nan  |  nan  |
|    swimming pool    |  nan  |  nan  |
|        stool        |  nan  |  nan  |
|        barrel       |  nan  |  nan  |
|        basket       |  nan  |  nan  |
|      waterfall      | 94.36 | 99.94 |
|         tent        |  nan  |  nan  |
|         bag         |  nan  |  nan  |
|       minibike      |  nan  |  nan  |
|        cradle       |  nan  |  nan  |
|         oven        |  nan  |  nan  |
|         ball        |  nan  |  nan  |
|         food        |  nan  |  nan  |
|         step        |  nan  |  nan  |
|         tank        |  nan  |  nan  |
|      trade name     |  nan  |  nan  |
|      microwave      |  nan  |  nan  |
|         pot         |  nan  |  nan  |
|        animal       |  nan  |  nan  |
|       bicycle       |  nan  |  nan  |
|         lake        |  nan  |  nan  |
|      dishwasher     |  nan  |  nan  |
|        screen       |  nan  |  nan  |
|       blanket       |  nan  |  nan  |
|      sculpture      |  nan  |  nan  |
|         hood        |  nan  |  nan  |
|        sconce       |  nan  |  nan  |
|         vase        |  nan  |  nan  |
|    traffic light    |  nan  |  nan  |
|         tray        |  nan  |  nan  |
|        ashcan       |  nan  |  nan  |
|         fan         |  nan  |  nan  |
|         pier        |  0.0  |  nan  |
|      crt screen     |  nan  |  nan  |
|        plate        |  nan  |  nan  |
|       monitor       |  nan  |  nan  |
|    bulletin board   |  nan  |  nan  |
|        shower       |  nan  |  nan  |
|       radiator      |  nan  |  nan  |
|        glass        |  nan  |  nan  |
|        clock        |  nan  |  nan  |
|         flag        |  nan  |  nan  |
+---------------------+-------+-------+
Summary:

+-------+-------+-------+
|  aAcc |  mIoU |  mAcc |
+-------+-------+-------+
| 76.66 | 26.36 | 47.78 |
+-------+-------+-------+
