✅ Set input_type to box
Filtered dataset: 18 / 851 images kept.
LatentDiffusion: Running in eps-prediction mode
DiffusionWrapper has 859.52 M params.
making attention of type 'vanilla' with 512 in_channels
Working with z of shape (1, 4, 32, 32) = 4096 dimensions.
making attention of type 'vanilla' with 512 in_channels
Restored from /work3/s203557/checkpoints/v1-5-pruned-emaonly.ckpt with 0 missing and 199 unexpected keys
Unexpected Keys: ['model_ema.decay', 'model_ema.num_updates', 'cond_stage_model.transformer.text_model.embeddings.position_ids', 'cond_stage_model.transformer.text_model.embeddings.token_embedding.weight', 'cond_stage_model.transformer.text_model.embeddings.position_embedding.weight', 'cond_stage_model.transformer.text_model.encoder.layers.0.self_attn.k_proj.weight', 'cond_stage_model.transformer.text_model.encoder.layers.0.self_attn.k_proj.bias', 'cond_stage_model.transformer.text_model.encoder.layers.0.self_attn.v_proj.weight', 'cond_stage_model.transformer.text_model.encoder.layers.0.self_attn.v_proj.bias', 'cond_stage_model.transformer.text_model.encoder.layers.0.self_attn.q_proj.weight', 'cond_stage_model.transformer.text_model.encoder.layers.0.self_attn.q_proj.bias', 'cond_stage_model.transformer.text_model.encoder.layers.0.self_attn.out_proj.weight', 'cond_stage_model.transformer.text_model.encoder.layers.0.self_attn.out_proj.bias', 'cond_stage_model.transformer.text_model.encoder.layers.0.layer_norm1.weight', 'cond_stage_model.transformer.text_model.encoder.layers.0.layer_norm1.bias', 'cond_stage_model.transformer.text_model.encoder.layers.0.mlp.fc1.weight', 'cond_stage_model.transformer.text_model.encoder.layers.0.mlp.fc1.bias', 'cond_stage_model.transformer.text_model.encoder.layers.0.mlp.fc2.weight', 'cond_stage_model.transformer.text_model.encoder.layers.0.mlp.fc2.bias', 'cond_stage_model.transformer.text_model.encoder.layers.0.layer_norm2.weight', 'cond_stage_model.transformer.text_model.encoder.layers.0.layer_norm2.bias', 'cond_stage_model.transformer.text_model.encoder.layers.1.self_attn.k_proj.weight', 'cond_stage_model.transformer.text_model.encoder.layers.1.self_attn.k_proj.bias', 'cond_stage_model.transformer.text_model.encoder.layers.1.self_attn.v_proj.weight', 'cond_stage_model.transformer.text_model.encoder.layers.1.self_attn.v_proj.bias', 'cond_stage_model.transformer.text_model.encoder.layers.1.self_attn.q_proj.weight', 'cond_stage_model.transformer.text_model.encoder.layers.1.self_attn.q_proj.bias', 'cond_stage_model.transformer.text_model.encoder.layers.1.self_attn.out_proj.weight', 'cond_stage_model.transformer.text_model.encoder.layers.1.self_attn.out_proj.bias', 'cond_stage_model.transformer.text_model.encoder.layers.1.layer_norm1.weight', 'cond_stage_model.transformer.text_model.encoder.layers.1.layer_norm1.bias', 'cond_stage_model.transformer.text_model.encoder.layers.1.mlp.fc1.weight', 'cond_stage_model.transformer.text_model.encoder.layers.1.mlp.fc1.bias', 'cond_stage_model.transformer.text_model.encoder.layers.1.mlp.fc2.weight', 'cond_stage_model.transformer.text_model.encoder.layers.1.mlp.fc2.bias', 'cond_stage_model.transformer.text_model.encoder.layers.1.layer_norm2.weight', 'cond_stage_model.transformer.text_model.encoder.layers.1.layer_norm2.bias', 'cond_stage_model.transformer.text_model.encoder.layers.2.self_attn.k_proj.weight', 'cond_stage_model.transformer.text_model.encoder.layers.2.self_attn.k_proj.bias', 'cond_stage_model.transformer.text_model.encoder.layers.2.self_attn.v_proj.weight', 'cond_stage_model.transformer.text_model.encoder.layers.2.self_attn.v_proj.bias', 'cond_stage_model.transformer.text_model.encoder.layers.2.self_attn.q_proj.weight', 'cond_stage_model.transformer.text_model.encoder.layers.2.self_attn.q_proj.bias', 'cond_stage_model.transformer.text_model.encoder.layers.2.self_attn.out_proj.weight', 'cond_stage_model.transformer.text_model.encoder.layers.2.self_attn.out_proj.bias', 'cond_stage_model.transformer.text_model.encoder.layers.2.layer_norm1.weight', 'cond_stage_model.transformer.text_model.encoder.layers.2.layer_norm1.bias', 'cond_stage_model.transformer.text_model.encoder.layers.2.mlp.fc1.weight', 'cond_stage_model.transformer.text_model.encoder.layers.2.mlp.fc1.bias', 'cond_stage_model.transformer.text_model.encoder.layers.2.mlp.fc2.weight', 'cond_stage_model.transformer.text_model.encoder.layers.2.mlp.fc2.bias', 'cond_stage_model.transformer.text_model.encoder.layers.2.layer_norm2.weight', 'cond_stage_model.transformer.text_model.encoder.layers.2.layer_norm2.bias', 'cond_stage_model.transformer.text_model.encoder.layers.3.self_attn.k_proj.weight', 'cond_stage_model.transformer.text_model.encoder.layers.3.self_attn.k_proj.bias', 'cond_stage_model.transformer.text_model.encoder.layers.3.self_attn.v_proj.weight', 'cond_stage_model.transformer.text_model.encoder.layers.3.self_attn.v_proj.bias', 'cond_stage_model.transformer.text_model.encoder.layers.3.self_attn.q_proj.weight', 'cond_stage_model.transformer.text_model.encoder.layers.3.self_attn.q_proj.bias', 'cond_stage_model.transformer.text_model.encoder.layers.3.self_attn.out_proj.weight', 'cond_stage_model.transformer.text_model.encoder.layers.3.self_attn.out_proj.bias', 'cond_stage_model.transformer.text_model.encoder.layers.3.layer_norm1.weight', 'cond_stage_model.transformer.text_model.encoder.layers.3.layer_norm1.bias', 'cond_stage_model.transformer.text_model.encoder.layers.3.mlp.fc1.weight', 'cond_stage_model.transformer.text_model.encoder.layers.3.mlp.fc1.bias', 'cond_stage_model.transformer.text_model.encoder.layers.3.mlp.fc2.weight', 'cond_stage_model.transformer.text_model.encoder.layers.3.mlp.fc2.bias', 'cond_stage_model.transformer.text_model.encoder.layers.3.layer_norm2.weight', 'cond_stage_model.transformer.text_model.encoder.layers.3.layer_norm2.bias', 'cond_stage_model.transformer.text_model.encoder.layers.4.self_attn.k_proj.weight', 'cond_stage_model.transformer.text_model.encoder.layers.4.self_attn.k_proj.bias', 'cond_stage_model.transformer.text_model.encoder.layers.4.self_attn.v_proj.weight', 'cond_stage_model.transformer.text_model.encoder.layers.4.self_attn.v_proj.bias', 'cond_stage_model.transformer.text_model.encoder.layers.4.self_attn.q_proj.weight', 'cond_stage_model.transformer.text_model.encoder.layers.4.self_attn.q_proj.bias', 'cond_stage_model.transformer.text_model.encoder.layers.4.self_attn.out_proj.weight', 'cond_stage_model.transformer.text_model.encoder.layers.4.self_attn.out_proj.bias', 'cond_stage_model.transformer.text_model.encoder.layers.4.layer_norm1.weight', 'cond_stage_model.transformer.text_model.encoder.layers.4.layer_norm1.bias', 'cond_stage_model.transformer.text_model.encoder.layers.4.mlp.fc1.weight', 'cond_stage_model.transformer.text_model.encoder.layers.4.mlp.fc1.bias', 'cond_stage_model.transformer.text_model.encoder.layers.4.mlp.fc2.weight', 'cond_stage_model.transformer.text_model.encoder.layers.4.mlp.fc2.bias', 'cond_stage_model.transformer.text_model.encoder.layers.4.layer_norm2.weight', 'cond_stage_model.transformer.text_model.encoder.layers.4.layer_norm2.bias', 'cond_stage_model.transformer.text_model.encoder.layers.5.self_attn.k_proj.weight', 'cond_stage_model.transformer.text_model.encoder.layers.5.self_attn.k_proj.bias', 'cond_stage_model.transformer.text_model.encoder.layers.5.self_attn.v_proj.weight', 'cond_stage_model.transformer.text_model.encoder.layers.5.self_attn.v_proj.bias', 'cond_stage_model.transformer.text_model.encoder.layers.5.self_attn.q_proj.weight', 'cond_stage_model.transformer.text_model.encoder.layers.5.self_attn.q_proj.bias', 'cond_stage_model.transformer.text_model.encoder.layers.5.self_attn.out_proj.weight', 'cond_stage_model.transformer.text_model.encoder.layers.5.self_attn.out_proj.bias', 'cond_stage_model.transformer.text_model.encoder.layers.5.layer_norm1.weight', 'cond_stage_model.transformer.text_model.encoder.layers.5.layer_norm1.bias', 'cond_stage_model.transformer.text_model.encoder.layers.5.mlp.fc1.weight', 'cond_stage_model.transformer.text_model.encoder.layers.5.mlp.fc1.bias', 'cond_stage_model.transformer.text_model.encoder.layers.5.mlp.fc2.weight', 'cond_stage_model.transformer.text_model.encoder.layers.5.mlp.fc2.bias', 'cond_stage_model.transformer.text_model.encoder.layers.5.layer_norm2.weight', 'cond_stage_model.transformer.text_model.encoder.layers.5.layer_norm2.bias', 'cond_stage_model.transformer.text_model.encoder.layers.6.self_attn.k_proj.weight', 'cond_stage_model.transformer.text_model.encoder.layers.6.self_attn.k_proj.bias', 'cond_stage_model.transformer.text_model.encoder.layers.6.self_attn.v_proj.weight', 'cond_stage_model.transformer.text_model.encoder.layers.6.self_attn.v_proj.bias', 'cond_stage_model.transformer.text_model.encoder.layers.6.self_attn.q_proj.weight', 'cond_stage_model.transformer.text_model.encoder.layers.6.self_attn.q_proj.bias', 'cond_stage_model.transformer.text_model.encoder.layers.6.self_attn.out_proj.weight', 'cond_stage_model.transformer.text_model.encoder.layers.6.self_attn.out_proj.bias', 'cond_stage_model.transformer.text_model.encoder.layers.6.layer_norm1.weight', 'cond_stage_model.transformer.text_model.encoder.layers.6.layer_norm1.bias', 'cond_stage_model.transformer.text_model.encoder.layers.6.mlp.fc1.weight', 'cond_stage_model.transformer.text_model.encoder.layers.6.mlp.fc1.bias', 'cond_stage_model.transformer.text_model.encoder.layers.6.mlp.fc2.weight', 'cond_stage_model.transformer.text_model.encoder.layers.6.mlp.fc2.bias', 'cond_stage_model.transformer.text_model.encoder.layers.6.layer_norm2.weight', 'cond_stage_model.transformer.text_model.encoder.layers.6.layer_norm2.bias', 'cond_stage_model.transformer.text_model.encoder.layers.7.self_attn.k_proj.weight', 'cond_stage_model.transformer.text_model.encoder.layers.7.self_attn.k_proj.bias', 'cond_stage_model.transformer.text_model.encoder.layers.7.self_attn.v_proj.weight', 'cond_stage_model.transformer.text_model.encoder.layers.7.self_attn.v_proj.bias', 'cond_stage_model.transformer.text_model.encoder.layers.7.self_attn.q_proj.weight', 'cond_stage_model.transformer.text_model.encoder.layers.7.self_attn.q_proj.bias', 'cond_stage_model.transformer.text_model.encoder.layers.7.self_attn.out_proj.weight', 'cond_stage_model.transformer.text_model.encoder.layers.7.self_attn.out_proj.bias', 'cond_stage_model.transformer.text_model.encoder.layers.7.layer_norm1.weight', 'cond_stage_model.transformer.text_model.encoder.layers.7.layer_norm1.bias', 'cond_stage_model.transformer.text_model.encoder.layers.7.mlp.fc1.weight', 'cond_stage_model.transformer.text_model.encoder.layers.7.mlp.fc1.bias', 'cond_stage_model.transformer.text_model.encoder.layers.7.mlp.fc2.weight', 'cond_stage_model.transformer.text_model.encoder.layers.7.mlp.fc2.bias', 'cond_stage_model.transformer.text_model.encoder.layers.7.layer_norm2.weight', 'cond_stage_model.transformer.text_model.encoder.layers.7.layer_norm2.bias', 'cond_stage_model.transformer.text_model.encoder.layers.8.self_attn.k_proj.weight', 'cond_stage_model.transformer.text_model.encoder.layers.8.self_attn.k_proj.bias', 'cond_stage_model.transformer.text_model.encoder.layers.8.self_attn.v_proj.weight', 'cond_stage_model.transformer.text_model.encoder.layers.8.self_attn.v_proj.bias', 'cond_stage_model.transformer.text_model.encoder.layers.8.self_attn.q_proj.weight', 'cond_stage_model.transformer.text_model.encoder.layers.8.self_attn.q_proj.bias', 'cond_stage_model.transformer.text_model.encoder.layers.8.self_attn.out_proj.weight', 'cond_stage_model.transformer.text_model.encoder.layers.8.self_attn.out_proj.bias', 'cond_stage_model.transformer.text_model.encoder.layers.8.layer_norm1.weight', 'cond_stage_model.transformer.text_model.encoder.layers.8.layer_norm1.bias', 'cond_stage_model.transformer.text_model.encoder.layers.8.mlp.fc1.weight', 'cond_stage_model.transformer.text_model.encoder.layers.8.mlp.fc1.bias', 'cond_stage_model.transformer.text_model.encoder.layers.8.mlp.fc2.weight', 'cond_stage_model.transformer.text_model.encoder.layers.8.mlp.fc2.bias', 'cond_stage_model.transformer.text_model.encoder.layers.8.layer_norm2.weight', 'cond_stage_model.transformer.text_model.encoder.layers.8.layer_norm2.bias', 'cond_stage_model.transformer.text_model.encoder.layers.9.self_attn.k_proj.weight', 'cond_stage_model.transformer.text_model.encoder.layers.9.self_attn.k_proj.bias', 'cond_stage_model.transformer.text_model.encoder.layers.9.self_attn.v_proj.weight', 'cond_stage_model.transformer.text_model.encoder.layers.9.self_attn.v_proj.bias', 'cond_stage_model.transformer.text_model.encoder.layers.9.self_attn.q_proj.weight', 'cond_stage_model.transformer.text_model.encoder.layers.9.self_attn.q_proj.bias', 'cond_stage_model.transformer.text_model.encoder.layers.9.self_attn.out_proj.weight', 'cond_stage_model.transformer.text_model.encoder.layers.9.self_attn.out_proj.bias', 'cond_stage_model.transformer.text_model.encoder.layers.9.layer_norm1.weight', 'cond_stage_model.transformer.text_model.encoder.layers.9.layer_norm1.bias', 'cond_stage_model.transformer.text_model.encoder.layers.9.mlp.fc1.weight', 'cond_stage_model.transformer.text_model.encoder.layers.9.mlp.fc1.bias', 'cond_stage_model.transformer.text_model.encoder.layers.9.mlp.fc2.weight', 'cond_stage_model.transformer.text_model.encoder.layers.9.mlp.fc2.bias', 'cond_stage_model.transformer.text_model.encoder.layers.9.layer_norm2.weight', 'cond_stage_model.transformer.text_model.encoder.layers.9.layer_norm2.bias', 'cond_stage_model.transformer.text_model.encoder.layers.10.self_attn.k_proj.weight', 'cond_stage_model.transformer.text_model.encoder.layers.10.self_attn.k_proj.bias', 'cond_stage_model.transformer.text_model.encoder.layers.10.self_attn.v_proj.weight', 'cond_stage_model.transformer.text_model.encoder.layers.10.self_attn.v_proj.bias', 'cond_stage_model.transformer.text_model.encoder.layers.10.self_attn.q_proj.weight', 'cond_stage_model.transformer.text_model.encoder.layers.10.self_attn.q_proj.bias', 'cond_stage_model.transformer.text_model.encoder.layers.10.self_attn.out_proj.weight', 'cond_stage_model.transformer.text_model.encoder.layers.10.self_attn.out_proj.bias', 'cond_stage_model.transformer.text_model.encoder.layers.10.layer_norm1.weight', 'cond_stage_model.transformer.text_model.encoder.layers.10.layer_norm1.bias', 'cond_stage_model.transformer.text_model.encoder.layers.10.mlp.fc1.weight', 'cond_stage_model.transformer.text_model.encoder.layers.10.mlp.fc1.bias', 'cond_stage_model.transformer.text_model.encoder.layers.10.mlp.fc2.weight', 'cond_stage_model.transformer.text_model.encoder.layers.10.mlp.fc2.bias', 'cond_stage_model.transformer.text_model.encoder.layers.10.layer_norm2.weight', 'cond_stage_model.transformer.text_model.encoder.layers.10.layer_norm2.bias', 'cond_stage_model.transformer.text_model.encoder.layers.11.self_attn.k_proj.weight', 'cond_stage_model.transformer.text_model.encoder.layers.11.self_attn.k_proj.bias', 'cond_stage_model.transformer.text_model.encoder.layers.11.self_attn.v_proj.weight', 'cond_stage_model.transformer.text_model.encoder.layers.11.self_attn.v_proj.bias', 'cond_stage_model.transformer.text_model.encoder.layers.11.self_attn.q_proj.weight', 'cond_stage_model.transformer.text_model.encoder.layers.11.self_attn.q_proj.bias', 'cond_stage_model.transformer.text_model.encoder.layers.11.self_attn.out_proj.weight', 'cond_stage_model.transformer.text_model.encoder.layers.11.self_attn.out_proj.bias', 'cond_stage_model.transformer.text_model.encoder.layers.11.layer_norm1.weight', 'cond_stage_model.transformer.text_model.encoder.layers.11.layer_norm1.bias', 'cond_stage_model.transformer.text_model.encoder.layers.11.mlp.fc1.weight', 'cond_stage_model.transformer.text_model.encoder.layers.11.mlp.fc1.bias', 'cond_stage_model.transformer.text_model.encoder.layers.11.mlp.fc2.weight', 'cond_stage_model.transformer.text_model.encoder.layers.11.mlp.fc2.bias', 'cond_stage_model.transformer.text_model.encoder.layers.11.layer_norm2.weight', 'cond_stage_model.transformer.text_model.encoder.layers.11.layer_norm2.bias', 'cond_stage_model.transformer.text_model.final_layer_norm.weight', 'cond_stage_model.transformer.text_model.final_layer_norm.bias']
load checkpoint from local path: /work3/s203557/experiments/control_net_vpd/iter_12000.pth
The model and loaded state dict do not match exactly

unexpected key in source state_dict: sd_model.lvlb_weights

[                                                  ] 0/18, elapsed: 0s, ETA:[>                                 ] 1/18, 0.3 task/s, elapsed: 4s, ETA:    60s[>>>                               ] 2/18, 0.5 task/s, elapsed: 4s, ETA:    30s[>>>>>                             ] 3/18, 0.8 task/s, elapsed: 4s, ETA:    19s[>>>>>>>                           ] 4/18, 1.0 task/s, elapsed: 4s, ETA:    14s[>>>>>>>>>                         ] 5/18, 1.2 task/s, elapsed: 4s, ETA:    11s[>>>>>>>>>>>                       ] 6/18, 1.4 task/s, elapsed: 4s, ETA:     9s[>>>>>>>>>>>>>                     ] 7/18, 1.6 task/s, elapsed: 4s, ETA:     7s[>>>>>>>>>>>>>>>                   ] 8/18, 1.7 task/s, elapsed: 5s, ETA:     6s[>>>>>>>>>>>>>>>>>                 ] 9/18, 1.9 task/s, elapsed: 5s, ETA:     5s[>>>>>>>>>>>>>>>>>>               ] 10/18, 2.0 task/s, elapsed: 5s, ETA:     4s[>>>>>>>>>>>>>>>>>>>>             ] 11/18, 2.1 task/s, elapsed: 5s, ETA:     3s[>>>>>>>>>>>>>>>>>>>>>>           ] 12/18, 2.3 task/s, elapsed: 5s, ETA:     3s[>>>>>>>>>>>>>>>>>>>>>>>          ] 13/18, 2.4 task/s, elapsed: 5s, ETA:     2s[>>>>>>>>>>>>>>>>>>>>>>>>>        ] 14/18, 2.5 task/s, elapsed: 6s, ETA:     2s[>>>>>>>>>>>>>>>>>>>>>>>>>>>      ] 15/18, 2.6 task/s, elapsed: 6s, ETA:     1s[>>>>>>>>>>>>>>>>>>>>>>>>>>>>>    ] 16/18, 2.7 task/s, elapsed: 6s, ETA:     1s[>>>>>>>>>>>>>>>>>>>>>>>>>>>>>>>  ] 17/18, 2.8 task/s, elapsed: 6s, ETA:     0s[>>>>>>>>>>>>>>>>>>>>>>>>>>>>>>>>>] 18/18, 2.9 task/s, elapsed: 6s, ETA:     0sper class results:

+---------------------+-------+-------+
|        Class        |  IoU  |  Acc  |
+---------------------+-------+-------+
|         wall        | 84.09 | 90.81 |
|       building      |  nan  |  nan  |
|         sky         |  nan  |  nan  |
|        floor        | 77.83 | 89.28 |
|         tree        |  nan  |  nan  |
|       ceiling       | 84.18 | 96.43 |
|         road        |  nan  |  nan  |
|         bed         |  0.0  |  nan  |
|      windowpane     | 67.32 | 68.44 |
|        grass        |  nan  |  nan  |
|       cabinet       | 41.69 | 87.32 |
|       sidewalk      |  nan  |  nan  |
|        person       | 89.74 |  96.6 |
|        earth        |  nan  |  nan  |
|         door        | 31.19 | 52.17 |
|        table        | 78.75 | 83.47 |
|       mountain      |  nan  |  nan  |
|        plant        |  75.8 | 92.21 |
|       curtain       |  0.0  |  0.0  |
|        chair        | 44.34 |  45.7 |
|         car         |  0.0  |  nan  |
|        water        |  nan  |  nan  |
|       painting      | 85.12 | 91.38 |
|         sofa        | 83.87 |  86.5 |
|        shelf        | 48.65 | 55.17 |
|        house        |  nan  |  nan  |
|         sea         |  nan  |  nan  |
|        mirror       |  nan  |  nan  |
|         rug         |  2.93 |  2.95 |
|        field        |  nan  |  nan  |
|       armchair      |  0.0  |  nan  |
|         seat        |  0.0  |  nan  |
|        fence        |  nan  |  nan  |
|         desk        | 27.87 | 47.46 |
|         rock        |  nan  |  nan  |
|       wardrobe      |  nan  |  nan  |
|         lamp        | 48.22 | 53.14 |
|       bathtub       |  nan  |  nan  |
|       railing       |  nan  |  nan  |
|       cushion       | 57.24 | 79.71 |
|         base        |  0.0  |  nan  |
|         box         |  0.0  |  0.0  |
|        column       |  0.0  |  nan  |
|      signboard      |  nan  |  nan  |
|   chest of drawers  |  nan  |  nan  |
|       counter       | 94.22 | 95.81 |
|         sand        |  nan  |  nan  |
|         sink        |  nan  |  nan  |
|      skyscraper     |  nan  |  nan  |
|      fireplace      |  nan  |  nan  |
|     refrigerator    |  nan  |  nan  |
|      grandstand     |  nan  |  nan  |
|         path        |  nan  |  nan  |
|        stairs       |  nan  |  nan  |
|        runway       |  nan  |  nan  |
|         case        |  nan  |  nan  |
|      pool table     | 97.08 | 100.0 |
|        pillow       |  nan  |  nan  |
|     screen door     |  nan  |  nan  |
|       stairway      |  nan  |  nan  |
|        river        |  nan  |  nan  |
|        bridge       |  nan  |  nan  |
|       bookcase      |  59.0 | 64.39 |
|        blind        |  0.0  |  0.0  |
|     coffee table    | 73.28 | 78.27 |
|        toilet       |  nan  |  nan  |
|        flower       |  0.0  |  0.0  |
|         book        | 15.32 | 67.12 |
|         hill        |  nan  |  nan  |
|        bench        | 42.41 | 44.04 |
|      countertop     |  nan  |  nan  |
|        stove        |  nan  |  nan  |
|         palm        |  nan  |  nan  |
|    kitchen island   |  nan  |  nan  |
|       computer      | 68.96 | 85.54 |
|     swivel chair    | 76.32 | 91.73 |
|         boat        |  nan  |  nan  |
|         bar         |  nan  |  nan  |
|    arcade machine   |  nan  |  nan  |
|        hovel        |  nan  |  nan  |
|         bus         |  nan  |  nan  |
|        towel        |  nan  |  nan  |
|        light        | 67.92 | 75.62 |
|        truck        |  nan  |  nan  |
|        tower        |  nan  |  nan  |
|      chandelier     |  0.0  |  nan  |
|        awning       |  nan  |  nan  |
|     streetlight     |  nan  |  nan  |
|        booth        | 20.73 | 20.84 |
| television receiver | 58.03 |  92.3 |
|       airplane      |  nan  |  nan  |
|      dirt track     |  nan  |  nan  |
|       apparel       |  nan  |  nan  |
|         pole        |  nan  |  nan  |
|         land        |  nan  |  nan  |
|      bannister      |  nan  |  nan  |
|      escalator      |  nan  |  nan  |
|       ottoman       |  0.0  |  nan  |
|        bottle       |  0.0  |  nan  |
|        buffet       |  nan  |  nan  |
|        poster       |  0.0  |  0.0  |
|        stage        |  nan  |  nan  |
|         van         |  nan  |  nan  |
|         ship        |  nan  |  nan  |
|       fountain      |  nan  |  nan  |
|    conveyer belt    |  nan  |  nan  |
|        canopy       |  nan  |  nan  |
|        washer       |  nan  |  nan  |
|      plaything      |  nan  |  nan  |
|    swimming pool    |  nan  |  nan  |
|        stool        | 62.18 | 67.75 |
|        barrel       |  nan  |  nan  |
|        basket       |  nan  |  nan  |
|      waterfall      |  nan  |  nan  |
|         tent        |  nan  |  nan  |
|         bag         |  45.5 | 45.82 |
|       minibike      |  nan  |  nan  |
|        cradle       |  nan  |  nan  |
|         oven        |  nan  |  nan  |
|         ball        |  nan  |  nan  |
|         food        |  nan  |  nan  |
|         step        |  0.0  |  0.0  |
|         tank        |  nan  |  nan  |
|      trade name     |  0.0  |  nan  |
|      microwave      |  nan  |  nan  |
|         pot         | 87.37 | 92.08 |
|        animal       |  nan  |  nan  |
|       bicycle       |  nan  |  nan  |
|         lake        |  nan  |  nan  |
|      dishwasher     |  nan  |  nan  |
|        screen       |  59.7 | 93.49 |
|       blanket       |  nan  |  nan  |
|      sculpture      |  nan  |  nan  |
|         hood        |  nan  |  nan  |
|        sconce       | 47.11 | 54.13 |
|         vase        |  0.0  |  0.0  |
|    traffic light    |  nan  |  nan  |
|         tray        |  nan  |  nan  |
|        ashcan       | 42.11 | 42.39 |
|         fan         |  0.0  |  nan  |
|         pier        |  nan  |  nan  |
|      crt screen     | 37.56 | 42.26 |
|        plate        |  nan  |  nan  |
|       monitor       | 87.07 | 96.98 |
|    bulletin board   |  0.0  |  nan  |
|        shower       |  nan  |  nan  |
|       radiator      |  0.0  |  nan  |
|        glass        |  0.0  |  nan  |
|        clock        |  nan  |  nan  |
|         flag        |  nan  |  nan  |
+---------------------+-------+-------+
Summary:

+-------+-------+-------+
|  aAcc |  mIoU |  mAcc |
+-------+-------+-------+
| 82.56 | 38.08 | 59.75 |
+-------+-------+-------+
