✅ Set input_type to box
Filtered dataset: 15 / 851 images kept.
LatentDiffusion: Running in eps-prediction mode
DiffusionWrapper has 859.52 M params.
making attention of type 'vanilla' with 512 in_channels
Working with z of shape (1, 4, 32, 32) = 4096 dimensions.
making attention of type 'vanilla' with 512 in_channels
Restored from /work3/s203557/checkpoints/v1-5-pruned-emaonly.ckpt with 0 missing and 199 unexpected keys
Unexpected Keys: ['model_ema.decay', 'model_ema.num_updates', 'cond_stage_model.transformer.text_model.embeddings.position_ids', 'cond_stage_model.transformer.text_model.embeddings.token_embedding.weight', 'cond_stage_model.transformer.text_model.embeddings.position_embedding.weight', 'cond_stage_model.transformer.text_model.encoder.layers.0.self_attn.k_proj.weight', 'cond_stage_model.transformer.text_model.encoder.layers.0.self_attn.k_proj.bias', 'cond_stage_model.transformer.text_model.encoder.layers.0.self_attn.v_proj.weight', 'cond_stage_model.transformer.text_model.encoder.layers.0.self_attn.v_proj.bias', 'cond_stage_model.transformer.text_model.encoder.layers.0.self_attn.q_proj.weight', 'cond_stage_model.transformer.text_model.encoder.layers.0.self_attn.q_proj.bias', 'cond_stage_model.transformer.text_model.encoder.layers.0.self_attn.out_proj.weight', 'cond_stage_model.transformer.text_model.encoder.layers.0.self_attn.out_proj.bias', 'cond_stage_model.transformer.text_model.encoder.layers.0.layer_norm1.weight', 'cond_stage_model.transformer.text_model.encoder.layers.0.layer_norm1.bias', 'cond_stage_model.transformer.text_model.encoder.layers.0.mlp.fc1.weight', 'cond_stage_model.transformer.text_model.encoder.layers.0.mlp.fc1.bias', 'cond_stage_model.transformer.text_model.encoder.layers.0.mlp.fc2.weight', 'cond_stage_model.transformer.text_model.encoder.layers.0.mlp.fc2.bias', 'cond_stage_model.transformer.text_model.encoder.layers.0.layer_norm2.weight', 'cond_stage_model.transformer.text_model.encoder.layers.0.layer_norm2.bias', 'cond_stage_model.transformer.text_model.encoder.layers.1.self_attn.k_proj.weight', 'cond_stage_model.transformer.text_model.encoder.layers.1.self_attn.k_proj.bias', 'cond_stage_model.transformer.text_model.encoder.layers.1.self_attn.v_proj.weight', 'cond_stage_model.transformer.text_model.encoder.layers.1.self_attn.v_proj.bias', 'cond_stage_model.transformer.text_model.encoder.layers.1.self_attn.q_proj.weight', 'cond_stage_model.transformer.text_model.encoder.layers.1.self_attn.q_proj.bias', 'cond_stage_model.transformer.text_model.encoder.layers.1.self_attn.out_proj.weight', 'cond_stage_model.transformer.text_model.encoder.layers.1.self_attn.out_proj.bias', 'cond_stage_model.transformer.text_model.encoder.layers.1.layer_norm1.weight', 'cond_stage_model.transformer.text_model.encoder.layers.1.layer_norm1.bias', 'cond_stage_model.transformer.text_model.encoder.layers.1.mlp.fc1.weight', 'cond_stage_model.transformer.text_model.encoder.layers.1.mlp.fc1.bias', 'cond_stage_model.transformer.text_model.encoder.layers.1.mlp.fc2.weight', 'cond_stage_model.transformer.text_model.encoder.layers.1.mlp.fc2.bias', 'cond_stage_model.transformer.text_model.encoder.layers.1.layer_norm2.weight', 'cond_stage_model.transformer.text_model.encoder.layers.1.layer_norm2.bias', 'cond_stage_model.transformer.text_model.encoder.layers.2.self_attn.k_proj.weight', 'cond_stage_model.transformer.text_model.encoder.layers.2.self_attn.k_proj.bias', 'cond_stage_model.transformer.text_model.encoder.layers.2.self_attn.v_proj.weight', 'cond_stage_model.transformer.text_model.encoder.layers.2.self_attn.v_proj.bias', 'cond_stage_model.transformer.text_model.encoder.layers.2.self_attn.q_proj.weight', 'cond_stage_model.transformer.text_model.encoder.layers.2.self_attn.q_proj.bias', 'cond_stage_model.transformer.text_model.encoder.layers.2.self_attn.out_proj.weight', 'cond_stage_model.transformer.text_model.encoder.layers.2.self_attn.out_proj.bias', 'cond_stage_model.transformer.text_model.encoder.layers.2.layer_norm1.weight', 'cond_stage_model.transformer.text_model.encoder.layers.2.layer_norm1.bias', 'cond_stage_model.transformer.text_model.encoder.layers.2.mlp.fc1.weight', 'cond_stage_model.transformer.text_model.encoder.layers.2.mlp.fc1.bias', 'cond_stage_model.transformer.text_model.encoder.layers.2.mlp.fc2.weight', 'cond_stage_model.transformer.text_model.encoder.layers.2.mlp.fc2.bias', 'cond_stage_model.transformer.text_model.encoder.layers.2.layer_norm2.weight', 'cond_stage_model.transformer.text_model.encoder.layers.2.layer_norm2.bias', 'cond_stage_model.transformer.text_model.encoder.layers.3.self_attn.k_proj.weight', 'cond_stage_model.transformer.text_model.encoder.layers.3.self_attn.k_proj.bias', 'cond_stage_model.transformer.text_model.encoder.layers.3.self_attn.v_proj.weight', 'cond_stage_model.transformer.text_model.encoder.layers.3.self_attn.v_proj.bias', 'cond_stage_model.transformer.text_model.encoder.layers.3.self_attn.q_proj.weight', 'cond_stage_model.transformer.text_model.encoder.layers.3.self_attn.q_proj.bias', 'cond_stage_model.transformer.text_model.encoder.layers.3.self_attn.out_proj.weight', 'cond_stage_model.transformer.text_model.encoder.layers.3.self_attn.out_proj.bias', 'cond_stage_model.transformer.text_model.encoder.layers.3.layer_norm1.weight', 'cond_stage_model.transformer.text_model.encoder.layers.3.layer_norm1.bias', 'cond_stage_model.transformer.text_model.encoder.layers.3.mlp.fc1.weight', 'cond_stage_model.transformer.text_model.encoder.layers.3.mlp.fc1.bias', 'cond_stage_model.transformer.text_model.encoder.layers.3.mlp.fc2.weight', 'cond_stage_model.transformer.text_model.encoder.layers.3.mlp.fc2.bias', 'cond_stage_model.transformer.text_model.encoder.layers.3.layer_norm2.weight', 'cond_stage_model.transformer.text_model.encoder.layers.3.layer_norm2.bias', 'cond_stage_model.transformer.text_model.encoder.layers.4.self_attn.k_proj.weight', 'cond_stage_model.transformer.text_model.encoder.layers.4.self_attn.k_proj.bias', 'cond_stage_model.transformer.text_model.encoder.layers.4.self_attn.v_proj.weight', 'cond_stage_model.transformer.text_model.encoder.layers.4.self_attn.v_proj.bias', 'cond_stage_model.transformer.text_model.encoder.layers.4.self_attn.q_proj.weight', 'cond_stage_model.transformer.text_model.encoder.layers.4.self_attn.q_proj.bias', 'cond_stage_model.transformer.text_model.encoder.layers.4.self_attn.out_proj.weight', 'cond_stage_model.transformer.text_model.encoder.layers.4.self_attn.out_proj.bias', 'cond_stage_model.transformer.text_model.encoder.layers.4.layer_norm1.weight', 'cond_stage_model.transformer.text_model.encoder.layers.4.layer_norm1.bias', 'cond_stage_model.transformer.text_model.encoder.layers.4.mlp.fc1.weight', 'cond_stage_model.transformer.text_model.encoder.layers.4.mlp.fc1.bias', 'cond_stage_model.transformer.text_model.encoder.layers.4.mlp.fc2.weight', 'cond_stage_model.transformer.text_model.encoder.layers.4.mlp.fc2.bias', 'cond_stage_model.transformer.text_model.encoder.layers.4.layer_norm2.weight', 'cond_stage_model.transformer.text_model.encoder.layers.4.layer_norm2.bias', 'cond_stage_model.transformer.text_model.encoder.layers.5.self_attn.k_proj.weight', 'cond_stage_model.transformer.text_model.encoder.layers.5.self_attn.k_proj.bias', 'cond_stage_model.transformer.text_model.encoder.layers.5.self_attn.v_proj.weight', 'cond_stage_model.transformer.text_model.encoder.layers.5.self_attn.v_proj.bias', 'cond_stage_model.transformer.text_model.encoder.layers.5.self_attn.q_proj.weight', 'cond_stage_model.transformer.text_model.encoder.layers.5.self_attn.q_proj.bias', 'cond_stage_model.transformer.text_model.encoder.layers.5.self_attn.out_proj.weight', 'cond_stage_model.transformer.text_model.encoder.layers.5.self_attn.out_proj.bias', 'cond_stage_model.transformer.text_model.encoder.layers.5.layer_norm1.weight', 'cond_stage_model.transformer.text_model.encoder.layers.5.layer_norm1.bias', 'cond_stage_model.transformer.text_model.encoder.layers.5.mlp.fc1.weight', 'cond_stage_model.transformer.text_model.encoder.layers.5.mlp.fc1.bias', 'cond_stage_model.transformer.text_model.encoder.layers.5.mlp.fc2.weight', 'cond_stage_model.transformer.text_model.encoder.layers.5.mlp.fc2.bias', 'cond_stage_model.transformer.text_model.encoder.layers.5.layer_norm2.weight', 'cond_stage_model.transformer.text_model.encoder.layers.5.layer_norm2.bias', 'cond_stage_model.transformer.text_model.encoder.layers.6.self_attn.k_proj.weight', 'cond_stage_model.transformer.text_model.encoder.layers.6.self_attn.k_proj.bias', 'cond_stage_model.transformer.text_model.encoder.layers.6.self_attn.v_proj.weight', 'cond_stage_model.transformer.text_model.encoder.layers.6.self_attn.v_proj.bias', 'cond_stage_model.transformer.text_model.encoder.layers.6.self_attn.q_proj.weight', 'cond_stage_model.transformer.text_model.encoder.layers.6.self_attn.q_proj.bias', 'cond_stage_model.transformer.text_model.encoder.layers.6.self_attn.out_proj.weight', 'cond_stage_model.transformer.text_model.encoder.layers.6.self_attn.out_proj.bias', 'cond_stage_model.transformer.text_model.encoder.layers.6.layer_norm1.weight', 'cond_stage_model.transformer.text_model.encoder.layers.6.layer_norm1.bias', 'cond_stage_model.transformer.text_model.encoder.layers.6.mlp.fc1.weight', 'cond_stage_model.transformer.text_model.encoder.layers.6.mlp.fc1.bias', 'cond_stage_model.transformer.text_model.encoder.layers.6.mlp.fc2.weight', 'cond_stage_model.transformer.text_model.encoder.layers.6.mlp.fc2.bias', 'cond_stage_model.transformer.text_model.encoder.layers.6.layer_norm2.weight', 'cond_stage_model.transformer.text_model.encoder.layers.6.layer_norm2.bias', 'cond_stage_model.transformer.text_model.encoder.layers.7.self_attn.k_proj.weight', 'cond_stage_model.transformer.text_model.encoder.layers.7.self_attn.k_proj.bias', 'cond_stage_model.transformer.text_model.encoder.layers.7.self_attn.v_proj.weight', 'cond_stage_model.transformer.text_model.encoder.layers.7.self_attn.v_proj.bias', 'cond_stage_model.transformer.text_model.encoder.layers.7.self_attn.q_proj.weight', 'cond_stage_model.transformer.text_model.encoder.layers.7.self_attn.q_proj.bias', 'cond_stage_model.transformer.text_model.encoder.layers.7.self_attn.out_proj.weight', 'cond_stage_model.transformer.text_model.encoder.layers.7.self_attn.out_proj.bias', 'cond_stage_model.transformer.text_model.encoder.layers.7.layer_norm1.weight', 'cond_stage_model.transformer.text_model.encoder.layers.7.layer_norm1.bias', 'cond_stage_model.transformer.text_model.encoder.layers.7.mlp.fc1.weight', 'cond_stage_model.transformer.text_model.encoder.layers.7.mlp.fc1.bias', 'cond_stage_model.transformer.text_model.encoder.layers.7.mlp.fc2.weight', 'cond_stage_model.transformer.text_model.encoder.layers.7.mlp.fc2.bias', 'cond_stage_model.transformer.text_model.encoder.layers.7.layer_norm2.weight', 'cond_stage_model.transformer.text_model.encoder.layers.7.layer_norm2.bias', 'cond_stage_model.transformer.text_model.encoder.layers.8.self_attn.k_proj.weight', 'cond_stage_model.transformer.text_model.encoder.layers.8.self_attn.k_proj.bias', 'cond_stage_model.transformer.text_model.encoder.layers.8.self_attn.v_proj.weight', 'cond_stage_model.transformer.text_model.encoder.layers.8.self_attn.v_proj.bias', 'cond_stage_model.transformer.text_model.encoder.layers.8.self_attn.q_proj.weight', 'cond_stage_model.transformer.text_model.encoder.layers.8.self_attn.q_proj.bias', 'cond_stage_model.transformer.text_model.encoder.layers.8.self_attn.out_proj.weight', 'cond_stage_model.transformer.text_model.encoder.layers.8.self_attn.out_proj.bias', 'cond_stage_model.transformer.text_model.encoder.layers.8.layer_norm1.weight', 'cond_stage_model.transformer.text_model.encoder.layers.8.layer_norm1.bias', 'cond_stage_model.transformer.text_model.encoder.layers.8.mlp.fc1.weight', 'cond_stage_model.transformer.text_model.encoder.layers.8.mlp.fc1.bias', 'cond_stage_model.transformer.text_model.encoder.layers.8.mlp.fc2.weight', 'cond_stage_model.transformer.text_model.encoder.layers.8.mlp.fc2.bias', 'cond_stage_model.transformer.text_model.encoder.layers.8.layer_norm2.weight', 'cond_stage_model.transformer.text_model.encoder.layers.8.layer_norm2.bias', 'cond_stage_model.transformer.text_model.encoder.layers.9.self_attn.k_proj.weight', 'cond_stage_model.transformer.text_model.encoder.layers.9.self_attn.k_proj.bias', 'cond_stage_model.transformer.text_model.encoder.layers.9.self_attn.v_proj.weight', 'cond_stage_model.transformer.text_model.encoder.layers.9.self_attn.v_proj.bias', 'cond_stage_model.transformer.text_model.encoder.layers.9.self_attn.q_proj.weight', 'cond_stage_model.transformer.text_model.encoder.layers.9.self_attn.q_proj.bias', 'cond_stage_model.transformer.text_model.encoder.layers.9.self_attn.out_proj.weight', 'cond_stage_model.transformer.text_model.encoder.layers.9.self_attn.out_proj.bias', 'cond_stage_model.transformer.text_model.encoder.layers.9.layer_norm1.weight', 'cond_stage_model.transformer.text_model.encoder.layers.9.layer_norm1.bias', 'cond_stage_model.transformer.text_model.encoder.layers.9.mlp.fc1.weight', 'cond_stage_model.transformer.text_model.encoder.layers.9.mlp.fc1.bias', 'cond_stage_model.transformer.text_model.encoder.layers.9.mlp.fc2.weight', 'cond_stage_model.transformer.text_model.encoder.layers.9.mlp.fc2.bias', 'cond_stage_model.transformer.text_model.encoder.layers.9.layer_norm2.weight', 'cond_stage_model.transformer.text_model.encoder.layers.9.layer_norm2.bias', 'cond_stage_model.transformer.text_model.encoder.layers.10.self_attn.k_proj.weight', 'cond_stage_model.transformer.text_model.encoder.layers.10.self_attn.k_proj.bias', 'cond_stage_model.transformer.text_model.encoder.layers.10.self_attn.v_proj.weight', 'cond_stage_model.transformer.text_model.encoder.layers.10.self_attn.v_proj.bias', 'cond_stage_model.transformer.text_model.encoder.layers.10.self_attn.q_proj.weight', 'cond_stage_model.transformer.text_model.encoder.layers.10.self_attn.q_proj.bias', 'cond_stage_model.transformer.text_model.encoder.layers.10.self_attn.out_proj.weight', 'cond_stage_model.transformer.text_model.encoder.layers.10.self_attn.out_proj.bias', 'cond_stage_model.transformer.text_model.encoder.layers.10.layer_norm1.weight', 'cond_stage_model.transformer.text_model.encoder.layers.10.layer_norm1.bias', 'cond_stage_model.transformer.text_model.encoder.layers.10.mlp.fc1.weight', 'cond_stage_model.transformer.text_model.encoder.layers.10.mlp.fc1.bias', 'cond_stage_model.transformer.text_model.encoder.layers.10.mlp.fc2.weight', 'cond_stage_model.transformer.text_model.encoder.layers.10.mlp.fc2.bias', 'cond_stage_model.transformer.text_model.encoder.layers.10.layer_norm2.weight', 'cond_stage_model.transformer.text_model.encoder.layers.10.layer_norm2.bias', 'cond_stage_model.transformer.text_model.encoder.layers.11.self_attn.k_proj.weight', 'cond_stage_model.transformer.text_model.encoder.layers.11.self_attn.k_proj.bias', 'cond_stage_model.transformer.text_model.encoder.layers.11.self_attn.v_proj.weight', 'cond_stage_model.transformer.text_model.encoder.layers.11.self_attn.v_proj.bias', 'cond_stage_model.transformer.text_model.encoder.layers.11.self_attn.q_proj.weight', 'cond_stage_model.transformer.text_model.encoder.layers.11.self_attn.q_proj.bias', 'cond_stage_model.transformer.text_model.encoder.layers.11.self_attn.out_proj.weight', 'cond_stage_model.transformer.text_model.encoder.layers.11.self_attn.out_proj.bias', 'cond_stage_model.transformer.text_model.encoder.layers.11.layer_norm1.weight', 'cond_stage_model.transformer.text_model.encoder.layers.11.layer_norm1.bias', 'cond_stage_model.transformer.text_model.encoder.layers.11.mlp.fc1.weight', 'cond_stage_model.transformer.text_model.encoder.layers.11.mlp.fc1.bias', 'cond_stage_model.transformer.text_model.encoder.layers.11.mlp.fc2.weight', 'cond_stage_model.transformer.text_model.encoder.layers.11.mlp.fc2.bias', 'cond_stage_model.transformer.text_model.encoder.layers.11.layer_norm2.weight', 'cond_stage_model.transformer.text_model.encoder.layers.11.layer_norm2.bias', 'cond_stage_model.transformer.text_model.final_layer_norm.weight', 'cond_stage_model.transformer.text_model.final_layer_norm.bias']
load checkpoint from local path: /work3/s203557/experiments/control_net_vpd/iter_12000.pth
The model and loaded state dict do not match exactly

unexpected key in source state_dict: sd_model.lvlb_weights

[                                                  ] 0/15, elapsed: 0s, ETA:[>>                                ] 1/15, 0.3 task/s, elapsed: 3s, ETA:    48s[>>>>                              ] 2/15, 0.6 task/s, elapsed: 4s, ETA:    23s[>>>>>>                            ] 3/15, 0.8 task/s, elapsed: 4s, ETA:    15s[>>>>>>>>>                         ] 4/15, 1.0 task/s, elapsed: 4s, ETA:    11s[>>>>>>>>>>>                       ] 5/15, 1.2 task/s, elapsed: 4s, ETA:     8s[>>>>>>>>>>>>>                     ] 6/15, 1.4 task/s, elapsed: 4s, ETA:     6s[>>>>>>>>>>>>>>>                   ] 7/15, 1.6 task/s, elapsed: 4s, ETA:     5s[>>>>>>>>>>>>>>>>>>                ] 8/15, 1.7 task/s, elapsed: 5s, ETA:     4s[>>>>>>>>>>>>>>>>>>>>              ] 9/15, 1.9 task/s, elapsed: 5s, ETA:     3s[>>>>>>>>>>>>>>>>>>>>>>           ] 10/15, 2.0 task/s, elapsed: 5s, ETA:     2s[>>>>>>>>>>>>>>>>>>>>>>>>         ] 11/15, 2.1 task/s, elapsed: 5s, ETA:     2s[>>>>>>>>>>>>>>>>>>>>>>>>>>       ] 12/15, 2.3 task/s, elapsed: 5s, ETA:     1s[>>>>>>>>>>>>>>>>>>>>>>>>>>>>     ] 13/15, 2.4 task/s, elapsed: 5s, ETA:     1s[>>>>>>>>>>>>>>>>>>>>>>>>>>>>>>   ] 14/15, 2.5 task/s, elapsed: 6s, ETA:     0s[>>>>>>>>>>>>>>>>>>>>>>>>>>>>>>>>>] 15/15, 2.6 task/s, elapsed: 6s, ETA:     0sper class results:

+---------------------+-------+-------+
|        Class        |  IoU  |  Acc  |
+---------------------+-------+-------+
|         wall        |  0.0  |  0.0  |
|       building      | 77.52 | 95.53 |
|         sky         | 96.23 | 99.63 |
|        floor        |  0.0  |  0.0  |
|         tree        | 79.98 | 88.54 |
|       ceiling       |  nan  |  nan  |
|         road        | 56.23 | 73.19 |
|         bed         |  nan  |  nan  |
|      windowpane     | 10.44 | 10.44 |
|        grass        | 67.26 | 99.19 |
|       cabinet       |  nan  |  nan  |
|       sidewalk      | 13.37 | 27.71 |
|        person       | 54.78 | 81.31 |
|        earth        |  0.37 |  0.41 |
|         door        |  0.0  |  0.0  |
|        table        |  nan  |  nan  |
|       mountain      |  89.0 | 91.21 |
|        plant        | 14.49 | 26.43 |
|       curtain       |  nan  |  nan  |
|        chair        |  nan  |  nan  |
|         car         | 38.54 | 43.99 |
|        water        | 98.74 | 99.45 |
|       painting      |  nan  |  nan  |
|         sofa        |  nan  |  nan  |
|        shelf        |  nan  |  nan  |
|        house        |  nan  |  nan  |
|         sea         | 78.75 |  85.2 |
|        mirror       |  nan  |  nan  |
|         rug         |  nan  |  nan  |
|        field        |  0.0  |  nan  |
|       armchair      |  nan  |  nan  |
|         seat        |  nan  |  nan  |
|        fence        |  0.0  |  0.0  |
|         desk        |  nan  |  nan  |
|         rock        |  nan  |  nan  |
|       wardrobe      |  nan  |  nan  |
|         lamp        |  nan  |  nan  |
|       bathtub       |  nan  |  nan  |
|       railing       | 65.93 | 72.62 |
|       cushion       |  nan  |  nan  |
|         base        |  0.0  |  0.0  |
|         box         |  0.0  |  0.0  |
|        column       |  nan  |  nan  |
|      signboard      | 31.05 | 32.76 |
|   chest of drawers  |  nan  |  nan  |
|       counter       |  nan  |  nan  |
|         sand        |  nan  |  nan  |
|         sink        |  nan  |  nan  |
|      skyscraper     | 94.34 | 96.65 |
|      fireplace      |  nan  |  nan  |
|     refrigerator    |  nan  |  nan  |
|      grandstand     |  nan  |  nan  |
|         path        | 28.89 | 29.05 |
|        stairs       |  0.0  |  0.0  |
|        runway       | 91.63 | 99.19 |
|         case        |  nan  |  nan  |
|      pool table     |  nan  |  nan  |
|        pillow       |  nan  |  nan  |
|     screen door     |  nan  |  nan  |
|       stairway      | 23.09 | 26.36 |
|        river        |  0.0  |  nan  |
|        bridge       |  59.4 | 91.14 |
|       bookcase      |  nan  |  nan  |
|        blind        |  nan  |  nan  |
|     coffee table    |  nan  |  nan  |
|        toilet       |  nan  |  nan  |
|        flower       |  nan  |  nan  |
|         book        |  nan  |  nan  |
|         hill        |  nan  |  nan  |
|        bench        |  0.0  |  0.0  |
|      countertop     |  nan  |  nan  |
|        stove        |  nan  |  nan  |
|         palm        | 21.81 | 23.77 |
|    kitchen island   |  nan  |  nan  |
|       computer      |  nan  |  nan  |
|     swivel chair    |  nan  |  nan  |
|         boat        |  0.0  |  0.0  |
|         bar         |  nan  |  nan  |
|    arcade machine   |  nan  |  nan  |
|        hovel        |  0.0  |  nan  |
|         bus         | 86.54 | 86.94 |
|        towel        |  nan  |  nan  |
|        light        |  nan  |  nan  |
|        truck        |  0.0  |  0.0  |
|        tower        |  58.0 | 60.08 |
|      chandelier     |  nan  |  nan  |
|        awning       |  0.0  |  0.0  |
|     streetlight     | 63.18 | 64.66 |
|        booth        |  nan  |  nan  |
| television receiver |  nan  |  nan  |
|       airplane      | 72.48 | 96.06 |
|      dirt track     |  nan  |  nan  |
|       apparel       |  nan  |  nan  |
|         pole        |  0.0  |  0.0  |
|         land        |  nan  |  nan  |
|      bannister      |  0.0  |  0.0  |
|      escalator      |  nan  |  nan  |
|       ottoman       |  nan  |  nan  |
|        bottle       |  nan  |  nan  |
|        buffet       |  nan  |  nan  |
|        poster       |  nan  |  nan  |
|        stage        |  nan  |  nan  |
|         van         | 76.56 | 78.46 |
|         ship        |  nan  |  nan  |
|       fountain      |  nan  |  nan  |
|    conveyer belt    |  nan  |  nan  |
|        canopy       |  nan  |  nan  |
|        washer       |  nan  |  nan  |
|      plaything      |  nan  |  nan  |
|    swimming pool    |  nan  |  nan  |
|        stool        |  nan  |  nan  |
|        barrel       |  nan  |  nan  |
|        basket       |  nan  |  nan  |
|      waterfall      |  nan  |  nan  |
|         tent        |  nan  |  nan  |
|         bag         |  nan  |  nan  |
|       minibike      |  nan  |  nan  |
|        cradle       |  nan  |  nan  |
|         oven        |  nan  |  nan  |
|         ball        |  nan  |  nan  |
|         food        |  nan  |  nan  |
|         step        |  0.0  |  nan  |
|         tank        |  0.0  |  0.0  |
|      trade name     |  0.0  |  0.0  |
|      microwave      |  nan  |  nan  |
|         pot         |  0.0  |  0.0  |
|        animal       |  nan  |  nan  |
|       bicycle       |  nan  |  nan  |
|         lake        |  nan  |  nan  |
|      dishwasher     |  nan  |  nan  |
|        screen       |  nan  |  nan  |
|       blanket       |  nan  |  nan  |
|      sculpture      |  nan  |  nan  |
|         hood        |  nan  |  nan  |
|        sconce       |  nan  |  nan  |
|         vase        |  nan  |  nan  |
|    traffic light    |  0.0  |  0.0  |
|         tray        |  nan  |  nan  |
|        ashcan       |  0.0  |  0.0  |
|         fan         |  nan  |  nan  |
|         pier        |  nan  |  nan  |
|      crt screen     |  nan  |  nan  |
|        plate        |  nan  |  nan  |
|       monitor       |  nan  |  nan  |
|    bulletin board   |  nan  |  nan  |
|        shower       |  nan  |  nan  |
|       radiator      |  nan  |  nan  |
|        glass        |  nan  |  nan  |
|        clock        | 51.36 | 51.78 |
|         flag        |  5.03 |  5.03 |
+---------------------+-------+-------+
Summary:

+-------+-------+-------+
|  aAcc |  mIoU |  mAcc |
+-------+-------+-------+
| 86.97 | 31.47 | 39.08 |
+-------+-------+-------+
